This is pdfTeX, Version 3.14159265-2.6-1.40.20 (TeX Live 2019/Debian) (preloaded format=pdflatex 2023.9.13)  10 DEC 2023 15:57
entering extended mode
 restricted \write18 enabled.
 %&-line parsing enabled.
**JFS_main.tex
(./JFS_main.tex
LaTeX2e <2020-02-02> patch level 2
L3 programming layer <2020-02-14> (./elsarticle.cls
Document Class: elsarticle 2020/11/20, 3.3: Elsevier Ltd
(/usr/share/texlive/texmf-dist/tex/latex/l3kernel/expl3.sty
Package: expl3 2020-02-14 L3 programming layer (loader) 

(/usr/share/texlive/texmf-dist/tex/latex/l3backend/l3backend-pdfmode.def
File: l3backend-pdfmode.def 2020-02-03 L3 backend support: PDF mode
\l__kernel_color_stack_int=\count167
\l__pdf_internal_box=\box45
))
(/usr/share/texlive/texmf-dist/tex/latex/l3packages/xparse/xparse.sty
Package: xparse 2020-02-14 L3 Experimental document command parser
\l__xparse_current_arg_int=\count168
\g__xparse_grabber_int=\count169
\l__xparse_m_args_int=\count170
\l__xparse_v_nesting_int=\count171
)
(/usr/share/texlive/texmf-dist/tex/latex/etoolbox/etoolbox.sty
Package: etoolbox 2019/09/21 v2.5h e-TeX tools for LaTeX (JAW)
\etb@tempcnta=\count172
)
\@bls=\dimen134

(/usr/share/texlive/texmf-dist/tex/latex/base/article.cls
Document Class: article 2019/12/20 v1.4l Standard LaTeX document class
(/usr/share/texlive/texmf-dist/tex/latex/base/size10.clo
File: size10.clo 2019/12/20 v1.4l Standard LaTeX file (size option)
)
\c@part=\count173
\c@section=\count174
\c@subsection=\count175
\c@subsubsection=\count176
\c@paragraph=\count177
\c@subparagraph=\count178
\c@figure=\count179
\c@table=\count180
\abovecaptionskip=\skip47
\belowcaptionskip=\skip48
\bibindent=\dimen135
)
(/usr/share/texlive/texmf-dist/tex/latex/graphics/graphicx.sty
Package: graphicx 2019/11/30 v1.2a Enhanced LaTeX Graphics (DPC,SPQR)

(/usr/share/texlive/texmf-dist/tex/latex/graphics/keyval.sty
Package: keyval 2014/10/28 v1.15 key=value parser (DPC)
\KV@toks@=\toks14
)
(/usr/share/texlive/texmf-dist/tex/latex/graphics/graphics.sty
Package: graphics 2019/11/30 v1.4a Standard LaTeX Graphics (DPC,SPQR)

(/usr/share/texlive/texmf-dist/tex/latex/graphics/trig.sty
Package: trig 2016/01/03 v1.10 sin cos tan (DPC)
)
(/usr/share/texlive/texmf-dist/tex/latex/graphics-cfg/graphics.cfg
File: graphics.cfg 2016/06/04 v1.11 sample graphics configuration
)
Package graphics Info: Driver file: pdftex.def on input line 105.

(/usr/share/texlive/texmf-dist/tex/latex/graphics-def/pdftex.def
File: pdftex.def 2018/01/08 v1.0l Graphics/color driver for pdftex
))
\Gin@req@height=\dimen136
\Gin@req@width=\dimen137
)
\c@tnote=\count181
\c@fnote=\count182
\c@cnote=\count183
\c@ead=\count184
\c@author=\count185
\@eadauthor=\toks15
\c@affn=\count186
\absbox=\box46
\elsarticlehighlightsbox=\box47
\elsarticlegrabsbox=\box48
\keybox=\box49
\Columnwidth=\dimen138
\space@left=\dimen139
\els@boxa=\box50
\els@boxb=\box51
\leftMargin=\dimen140
\@enLab=\toks16
\@sep=\skip49
\@@sep=\skip50

(./JFS_main.spl) (/usr/share/texlive/texmf-dist/tex/latex/natbib/natbib.sty
Package: natbib 2010/09/13 8.31b (PWD, AO)
\bibhang=\skip51
\bibsep=\skip52
LaTeX Info: Redefining \cite on input line 694.
\c@NAT@ctr=\count187
)
\splwrite=\write3
\openout3 = `JFS_main.spl'.


(/usr/share/texlive/texmf-dist/tex/latex/geometry/geometry.sty
Package: geometry 2020/01/02 v5.9 Page Geometry

(/usr/share/texlive/texmf-dist/tex/generic/iftex/ifvtex.sty
Package: ifvtex 2019/10/25 v1.7 ifvtex legacy package. Use iftex instead.

(/usr/share/texlive/texmf-dist/tex/generic/iftex/iftex.sty
Package: iftex 2019/11/07 v1.0c TeX engine tests
))
\Gm@cnth=\count188
\Gm@cntv=\count189
\c@Gm@tempcnt=\count190
\Gm@bindingoffset=\dimen141
\Gm@wd@mp=\dimen142
\Gm@odd@mp=\dimen143
\Gm@even@mp=\dimen144
\Gm@layoutwidth=\dimen145
\Gm@layoutheight=\dimen146
\Gm@layouthoffset=\dimen147
\Gm@layoutvoffset=\dimen148
\Gm@dimlist=\toks17
)
\appnamewidth=\dimen149
)
(/usr/share/texlive/texmf-dist/tex/latex/txfonts/txfonts.sty
Package: txfonts 2008/01/22 v3.2.1
LaTeX Font Info:    Redeclaring symbol font `operators' on input line 21.
LaTeX Font Info:    Overwriting symbol font `operators' in version `normal'
(Font)                  OT1/cmr/m/n --> OT1/txr/m/n on input line 21.
LaTeX Font Info:    Overwriting symbol font `operators' in version `bold'
(Font)                  OT1/cmr/bx/n --> OT1/txr/m/n on input line 21.
LaTeX Font Info:    Overwriting symbol font `operators' in version `bold'
(Font)                  OT1/txr/m/n --> OT1/txr/bx/n on input line 22.
\symitalic=\mathgroup4
LaTeX Font Info:    Overwriting symbol font `italic' in version `bold'
(Font)                  OT1/txr/m/it --> OT1/txr/bx/it on input line 26.
LaTeX Font Info:    Redeclaring math alphabet \mathbf on input line 29.
LaTeX Font Info:    Overwriting math alphabet `\mathbf' in version `normal'
(Font)                  OT1/cmr/bx/n --> OT1/txr/bx/n on input line 29.
LaTeX Font Info:    Overwriting math alphabet `\mathbf' in version `bold'
(Font)                  OT1/cmr/bx/n --> OT1/txr/bx/n on input line 29.
LaTeX Font Info:    Redeclaring math alphabet \mathit on input line 30.
LaTeX Font Info:    Overwriting math alphabet `\mathit' in version `normal'
(Font)                  OT1/cmr/m/it --> OT1/txr/m/it on input line 30.
LaTeX Font Info:    Overwriting math alphabet `\mathit' in version `bold'
(Font)                  OT1/cmr/bx/it --> OT1/txr/m/it on input line 30.
LaTeX Font Info:    Overwriting math alphabet `\mathit' in version `bold'
(Font)                  OT1/txr/m/it --> OT1/txr/bx/it on input line 31.
LaTeX Font Info:    Redeclaring math alphabet \mathsf on input line 40.
LaTeX Font Info:    Overwriting math alphabet `\mathsf' in version `normal'
(Font)                  OT1/cmss/m/n --> OT1/txss/m/n on input line 40.
LaTeX Font Info:    Overwriting math alphabet `\mathsf' in version `bold'
(Font)                  OT1/cmss/bx/n --> OT1/txss/m/n on input line 40.
LaTeX Font Info:    Overwriting math alphabet `\mathsf' in version `bold'
(Font)                  OT1/txss/m/n --> OT1/txss/b/n on input line 41.
LaTeX Font Info:    Redeclaring math alphabet \mathtt on input line 50.
LaTeX Font Info:    Overwriting math alphabet `\mathtt' in version `normal'
(Font)                  OT1/cmtt/m/n --> OT1/txtt/m/n on input line 50.
LaTeX Font Info:    Overwriting math alphabet `\mathtt' in version `bold'
(Font)                  OT1/cmtt/m/n --> OT1/txtt/m/n on input line 50.
LaTeX Font Info:    Overwriting math alphabet `\mathtt' in version `bold'
(Font)                  OT1/txtt/m/n --> OT1/txtt/b/n on input line 51.
LaTeX Font Info:    Redeclaring symbol font `letters' on input line 58.
LaTeX Font Info:    Overwriting symbol font `letters' in version `normal'
(Font)                  OML/cmm/m/it --> OML/txmi/m/it on input line 58.
LaTeX Font Info:    Overwriting symbol font `letters' in version `bold'
(Font)                  OML/cmm/b/it --> OML/txmi/m/it on input line 58.
LaTeX Font Info:    Overwriting symbol font `letters' in version `bold'
(Font)                  OML/txmi/m/it --> OML/txmi/bx/it on input line 59.
\symlettersA=\mathgroup5
LaTeX Font Info:    Overwriting symbol font `lettersA' in version `bold'
(Font)                  U/txmia/m/it --> U/txmia/bx/it on input line 67.
LaTeX Font Info:    Redeclaring symbol font `symbols' on input line 77.
LaTeX Font Info:    Overwriting symbol font `symbols' in version `normal'
(Font)                  OMS/cmsy/m/n --> OMS/txsy/m/n on input line 77.
LaTeX Font Info:    Overwriting symbol font `symbols' in version `bold'
(Font)                  OMS/cmsy/b/n --> OMS/txsy/m/n on input line 77.
LaTeX Font Info:    Overwriting symbol font `symbols' in version `bold'
(Font)                  OMS/txsy/m/n --> OMS/txsy/bx/n on input line 78.
\symAMSa=\mathgroup6
LaTeX Font Info:    Overwriting symbol font `AMSa' in version `bold'
(Font)                  U/txsya/m/n --> U/txsya/bx/n on input line 94.
\symAMSb=\mathgroup7
LaTeX Font Info:    Overwriting symbol font `AMSb' in version `bold'
(Font)                  U/txsyb/m/n --> U/txsyb/bx/n on input line 103.
\symsymbolsC=\mathgroup8
LaTeX Font Info:    Overwriting symbol font `symbolsC' in version `bold'
(Font)                  U/txsyc/m/n --> U/txsyc/bx/n on input line 113.
LaTeX Font Info:    Redeclaring symbol font `largesymbols' on input line 120.
LaTeX Font Info:    Overwriting symbol font `largesymbols' in version `normal'
(Font)                  OMX/cmex/m/n --> OMX/txex/m/n on input line 120.
LaTeX Font Info:    Overwriting symbol font `largesymbols' in version `bold'
(Font)                  OMX/cmex/m/n --> OMX/txex/m/n on input line 120.
LaTeX Font Info:    Overwriting symbol font `largesymbols' in version `bold'
(Font)                  OMX/txex/m/n --> OMX/txex/bx/n on input line 121.
\symlargesymbolsA=\mathgroup9
LaTeX Font Info:    Overwriting symbol font `largesymbolsA' in version `bold'
(Font)                  U/txexa/m/n --> U/txexa/bx/n on input line 129.
LaTeX Font Info:    Redeclaring math symbol \mathsterling on input line 164.
LaTeX Font Info:    Redeclaring math symbol \hbar on input line 591.
LaTeX Info: Redefining \not on input line 1043.
)
(/usr/share/texlive/texmf-dist/tex/latex/amsfonts/amssymb.sty
Package: amssymb 2013/01/14 v3.01 AMS font symbols

(/usr/share/texlive/texmf-dist/tex/latex/amsfonts/amsfonts.sty
Package: amsfonts 2013/01/14 v3.01 Basic AMSFonts support
\@emptytoks=\toks18
LaTeX Font Info:    Redeclaring symbol font `AMSa' on input line 59.
LaTeX Font Info:    Overwriting symbol font `AMSa' in version `normal'
(Font)                  U/txsya/m/n --> U/msa/m/n on input line 59.
LaTeX Font Info:    Overwriting symbol font `AMSa' in version `bold'
(Font)                  U/txsya/bx/n --> U/msa/m/n on input line 59.
LaTeX Font Info:    Redeclaring symbol font `AMSb' on input line 60.
LaTeX Font Info:    Overwriting symbol font `AMSb' in version `normal'
(Font)                  U/txsyb/m/n --> U/msb/m/n on input line 60.
LaTeX Font Info:    Overwriting symbol font `AMSb' in version `bold'
(Font)                  U/txsyb/bx/n --> U/msb/m/n on input line 60.
LaTeX Font Info:    Redeclaring math delimiter \ulcorner on input line 74.
LaTeX Font Info:    Redeclaring math delimiter \urcorner on input line 75.
LaTeX Font Info:    Redeclaring math delimiter \llcorner on input line 76.
LaTeX Font Info:    Redeclaring math delimiter \lrcorner on input line 77.
LaTeX Font Info:    Redeclaring math symbol \square on input line 141.
LaTeX Font Info:    Redeclaring math symbol \lozenge on input line 142.
)
LaTeX Font Info:    Redeclaring math symbol \boxdot on input line 44.
LaTeX Font Info:    Redeclaring math symbol \boxplus on input line 45.
LaTeX Font Info:    Redeclaring math symbol \boxtimes on input line 46.
LaTeX Font Info:    Redeclaring math symbol \blacksquare on input line 48.
LaTeX Font Info:    Redeclaring math symbol \centerdot on input line 49.
LaTeX Font Info:    Redeclaring math symbol \blacklozenge on input line 51.
LaTeX Font Info:    Redeclaring math symbol \circlearrowright on input line 52.

LaTeX Font Info:    Redeclaring math symbol \circlearrowleft on input line 53.
LaTeX Font Info:    Redeclaring math symbol \leftrightharpoons on input line 56
.
LaTeX Font Info:    Redeclaring math symbol \boxminus on input line 57.
LaTeX Font Info:    Redeclaring math symbol \Vdash on input line 58.
LaTeX Font Info:    Redeclaring math symbol \Vvdash on input line 59.
LaTeX Font Info:    Redeclaring math symbol \vDash on input line 60.
LaTeX Font Info:    Redeclaring math symbol \twoheadrightarrow on input line 61
.
LaTeX Font Info:    Redeclaring math symbol \twoheadleftarrow on input line 62.

LaTeX Font Info:    Redeclaring math symbol \leftleftarrows on input line 63.
LaTeX Font Info:    Redeclaring math symbol \rightrightarrows on input line 64.

LaTeX Font Info:    Redeclaring math symbol \upuparrows on input line 65.
LaTeX Font Info:    Redeclaring math symbol \downdownarrows on input line 66.
LaTeX Font Info:    Redeclaring math symbol \upharpoonright on input line 67.
LaTeX Font Info:    Redeclaring math symbol \downharpoonright on input line 69.

LaTeX Font Info:    Redeclaring math symbol \upharpoonleft on input line 70.
LaTeX Font Info:    Redeclaring math symbol \downharpoonleft on input line 71.
LaTeX Font Info:    Redeclaring math symbol \rightarrowtail on input line 72.
LaTeX Font Info:    Redeclaring math symbol \leftarrowtail on input line 73.
LaTeX Font Info:    Redeclaring math symbol \leftrightarrows on input line 74.
LaTeX Font Info:    Redeclaring math symbol \rightleftarrows on input line 75.
LaTeX Font Info:    Redeclaring math symbol \Lsh on input line 76.
LaTeX Font Info:    Redeclaring math symbol \Rsh on input line 77.
LaTeX Font Info:    Redeclaring math symbol \leftrightsquigarrow on input line 
79.
LaTeX Font Info:    Redeclaring math symbol \looparrowleft on input line 80.
LaTeX Font Info:    Redeclaring math symbol \looparrowright on input line 81.
LaTeX Font Info:    Redeclaring math symbol \circeq on input line 82.
LaTeX Font Info:    Redeclaring math symbol \succsim on input line 83.
LaTeX Font Info:    Redeclaring math symbol \gtrsim on input line 84.
LaTeX Font Info:    Redeclaring math symbol \gtrapprox on input line 85.
LaTeX Font Info:    Redeclaring math symbol \multimap on input line 86.
LaTeX Font Info:    Redeclaring math symbol \therefore on input line 87.
LaTeX Font Info:    Redeclaring math symbol \because on input line 88.
LaTeX Font Info:    Redeclaring math symbol \doteqdot on input line 89.
LaTeX Font Info:    Redeclaring math symbol \triangleq on input line 91.
LaTeX Font Info:    Redeclaring math symbol \precsim on input line 92.
LaTeX Font Info:    Redeclaring math symbol \lesssim on input line 93.
LaTeX Font Info:    Redeclaring math symbol \lessapprox on input line 94.
LaTeX Font Info:    Redeclaring math symbol \eqslantless on input line 95.
LaTeX Font Info:    Redeclaring math symbol \eqslantgtr on input line 96.
LaTeX Font Info:    Redeclaring math symbol \curlyeqprec on input line 97.
LaTeX Font Info:    Redeclaring math symbol \curlyeqsucc on input line 98.
LaTeX Font Info:    Redeclaring math symbol \preccurlyeq on input line 99.
LaTeX Font Info:    Redeclaring math symbol \leqq on input line 100.
LaTeX Font Info:    Redeclaring math symbol \leqslant on input line 101.
LaTeX Font Info:    Redeclaring math symbol \lessgtr on input line 102.
LaTeX Font Info:    Redeclaring math symbol \backprime on input line 103.
LaTeX Font Info:    Redeclaring math symbol \risingdotseq on input line 104.
LaTeX Font Info:    Redeclaring math symbol \fallingdotseq on input line 105.
LaTeX Font Info:    Redeclaring math symbol \succcurlyeq on input line 106.
LaTeX Font Info:    Redeclaring math symbol \geqq on input line 107.
LaTeX Font Info:    Redeclaring math symbol \geqslant on input line 108.
LaTeX Font Info:    Redeclaring math symbol \gtrless on input line 109.
LaTeX Font Info:    Redeclaring math symbol \bigstar on input line 117.
LaTeX Font Info:    Redeclaring math symbol \between on input line 118.
LaTeX Font Info:    Redeclaring math symbol \blacktriangledown on input line 11
9.
LaTeX Font Info:    Redeclaring math symbol \blacktriangleright on input line 1
20.
LaTeX Font Info:    Redeclaring math symbol \blacktriangleleft on input line 12
1.
LaTeX Font Info:    Redeclaring math symbol \vartriangle on input line 122.
LaTeX Font Info:    Redeclaring math symbol \blacktriangle on input line 123.
LaTeX Font Info:    Redeclaring math symbol \triangledown on input line 124.
LaTeX Font Info:    Redeclaring math symbol \eqcirc on input line 125.
LaTeX Font Info:    Redeclaring math symbol \lesseqgtr on input line 126.
LaTeX Font Info:    Redeclaring math symbol \gtreqless on input line 127.
LaTeX Font Info:    Redeclaring math symbol \lesseqqgtr on input line 128.
LaTeX Font Info:    Redeclaring math symbol \gtreqqless on input line 129.
LaTeX Font Info:    Redeclaring math symbol \Rrightarrow on input line 130.
LaTeX Font Info:    Redeclaring math symbol \Lleftarrow on input line 131.
LaTeX Font Info:    Redeclaring math symbol \veebar on input line 132.
LaTeX Font Info:    Redeclaring math symbol \barwedge on input line 133.
LaTeX Font Info:    Redeclaring math symbol \doublebarwedge on input line 134.
LaTeX Font Info:    Redeclaring math symbol \measuredangle on input line 137.
LaTeX Font Info:    Redeclaring math symbol \sphericalangle on input line 138.
LaTeX Font Info:    Redeclaring math symbol \varpropto on input line 139.
LaTeX Font Info:    Redeclaring math symbol \smallsmile on input line 140.
LaTeX Font Info:    Redeclaring math symbol \smallfrown on input line 141.
LaTeX Font Info:    Redeclaring math symbol \Subset on input line 142.
LaTeX Font Info:    Redeclaring math symbol \Supset on input line 143.
LaTeX Font Info:    Redeclaring math symbol \Cup on input line 144.
LaTeX Font Info:    Redeclaring math symbol \Cap on input line 146.
LaTeX Font Info:    Redeclaring math symbol \curlywedge on input line 148.
LaTeX Font Info:    Redeclaring math symbol \curlyvee on input line 149.
LaTeX Font Info:    Redeclaring math symbol \leftthreetimes on input line 150.
LaTeX Font Info:    Redeclaring math symbol \rightthreetimes on input line 151.

LaTeX Font Info:    Redeclaring math symbol \subseteqq on input line 152.
LaTeX Font Info:    Redeclaring math symbol \supseteqq on input line 153.
LaTeX Font Info:    Redeclaring math symbol \bumpeq on input line 154.
LaTeX Font Info:    Redeclaring math symbol \Bumpeq on input line 155.
LaTeX Font Info:    Redeclaring math symbol \lll on input line 156.
LaTeX Font Info:    Redeclaring math symbol \ggg on input line 158.
LaTeX Font Info:    Redeclaring math symbol \circledS on input line 160.
LaTeX Font Info:    Redeclaring math symbol \pitchfork on input line 161.
LaTeX Font Info:    Redeclaring math symbol \dotplus on input line 162.
LaTeX Font Info:    Redeclaring math symbol \backsim on input line 163.
LaTeX Font Info:    Redeclaring math symbol \backsimeq on input line 164.
LaTeX Font Info:    Redeclaring math symbol \complement on input line 165.
LaTeX Font Info:    Redeclaring math symbol \intercal on input line 166.
LaTeX Font Info:    Redeclaring math symbol \circledcirc on input line 167.
LaTeX Font Info:    Redeclaring math symbol \circledast on input line 168.
LaTeX Font Info:    Redeclaring math symbol \circleddash on input line 169.
LaTeX Font Info:    Redeclaring math symbol \lvertneqq on input line 171.
LaTeX Font Info:    Redeclaring math symbol \gvertneqq on input line 172.
LaTeX Font Info:    Redeclaring math symbol \nleq on input line 173.
LaTeX Font Info:    Redeclaring math symbol \ngeq on input line 174.
LaTeX Font Info:    Redeclaring math symbol \nless on input line 175.
LaTeX Font Info:    Redeclaring math symbol \ngtr on input line 176.
LaTeX Font Info:    Redeclaring math symbol \nprec on input line 177.
LaTeX Font Info:    Redeclaring math symbol \nsucc on input line 178.
LaTeX Font Info:    Redeclaring math symbol \lneqq on input line 179.
LaTeX Font Info:    Redeclaring math symbol \gneqq on input line 180.
LaTeX Font Info:    Redeclaring math symbol \nleqslant on input line 181.
LaTeX Font Info:    Redeclaring math symbol \ngeqslant on input line 182.
LaTeX Font Info:    Redeclaring math symbol \lneq on input line 183.
LaTeX Font Info:    Redeclaring math symbol \gneq on input line 184.
LaTeX Font Info:    Redeclaring math symbol \npreceq on input line 185.
LaTeX Font Info:    Redeclaring math symbol \nsucceq on input line 186.
LaTeX Font Info:    Redeclaring math symbol \precnsim on input line 187.
LaTeX Font Info:    Redeclaring math symbol \succnsim on input line 188.
LaTeX Font Info:    Redeclaring math symbol \lnsim on input line 189.
LaTeX Font Info:    Redeclaring math symbol \gnsim on input line 190.
LaTeX Font Info:    Redeclaring math symbol \nleqq on input line 191.
LaTeX Font Info:    Redeclaring math symbol \ngeqq on input line 192.
LaTeX Font Info:    Redeclaring math symbol \precneqq on input line 193.
LaTeX Font Info:    Redeclaring math symbol \succneqq on input line 194.
LaTeX Font Info:    Redeclaring math symbol \precnapprox on input line 195.
LaTeX Font Info:    Redeclaring math symbol \succnapprox on input line 196.
LaTeX Font Info:    Redeclaring math symbol \lnapprox on input line 197.
LaTeX Font Info:    Redeclaring math symbol \gnapprox on input line 198.
LaTeX Font Info:    Redeclaring math symbol \nsim on input line 199.
LaTeX Font Info:    Redeclaring math symbol \ncong on input line 200.
LaTeX Font Info:    Redeclaring math symbol \diagup on input line 201.
LaTeX Font Info:    Redeclaring math symbol \diagdown on input line 202.
LaTeX Font Info:    Redeclaring math symbol \varsubsetneq on input line 203.
LaTeX Font Info:    Redeclaring math symbol \varsupsetneq on input line 204.
LaTeX Font Info:    Redeclaring math symbol \nsubseteqq on input line 205.
LaTeX Font Info:    Redeclaring math symbol \nsupseteqq on input line 206.
LaTeX Font Info:    Redeclaring math symbol \subsetneqq on input line 207.
LaTeX Font Info:    Redeclaring math symbol \supsetneqq on input line 208.
LaTeX Font Info:    Redeclaring math symbol \varsubsetneqq on input line 209.
LaTeX Font Info:    Redeclaring math symbol \varsupsetneqq on input line 210.
LaTeX Font Info:    Redeclaring math symbol \subsetneq on input line 211.
LaTeX Font Info:    Redeclaring math symbol \supsetneq on input line 212.
LaTeX Font Info:    Redeclaring math symbol \nsubseteq on input line 213.
LaTeX Font Info:    Redeclaring math symbol \nsupseteq on input line 214.
LaTeX Font Info:    Redeclaring math symbol \nparallel on input line 215.
LaTeX Font Info:    Redeclaring math symbol \nmid on input line 216.
LaTeX Font Info:    Redeclaring math symbol \nshortmid on input line 217.
LaTeX Font Info:    Redeclaring math symbol \nshortparallel on input line 218.
LaTeX Font Info:    Redeclaring math symbol \nvdash on input line 219.
LaTeX Font Info:    Redeclaring math symbol \nVdash on input line 220.
LaTeX Font Info:    Redeclaring math symbol \nvDash on input line 221.
LaTeX Font Info:    Redeclaring math symbol \nVDash on input line 222.
LaTeX Font Info:    Redeclaring math symbol \ntrianglerighteq on input line 223
.
LaTeX Font Info:    Redeclaring math symbol \ntrianglelefteq on input line 224.

LaTeX Font Info:    Redeclaring math symbol \ntriangleleft on input line 225.
LaTeX Font Info:    Redeclaring math symbol \ntriangleright on input line 226.
LaTeX Font Info:    Redeclaring math symbol \nleftarrow on input line 227.
LaTeX Font Info:    Redeclaring math symbol \nrightarrow on input line 228.
LaTeX Font Info:    Redeclaring math symbol \nLeftarrow on input line 229.
LaTeX Font Info:    Redeclaring math symbol \nRightarrow on input line 230.
LaTeX Font Info:    Redeclaring math symbol \nLeftrightarrow on input line 231.

LaTeX Font Info:    Redeclaring math symbol \nleftrightarrow on input line 232.

LaTeX Font Info:    Redeclaring math symbol \divideontimes on input line 233.
LaTeX Font Info:    Redeclaring math symbol \varnothing on input line 234.
LaTeX Font Info:    Redeclaring math symbol \nexists on input line 235.
LaTeX Font Info:    Redeclaring math symbol \Finv on input line 236.
LaTeX Font Info:    Redeclaring math symbol \Game on input line 237.
LaTeX Font Info:    Redeclaring math symbol \eth on input line 240.
LaTeX Font Info:    Redeclaring math symbol \eqsim on input line 241.
LaTeX Font Info:    Redeclaring math symbol \beth on input line 242.
LaTeX Font Info:    Redeclaring math symbol \gimel on input line 243.
LaTeX Font Info:    Redeclaring math symbol \daleth on input line 244.
LaTeX Font Info:    Redeclaring math symbol \lessdot on input line 245.
LaTeX Font Info:    Redeclaring math symbol \gtrdot on input line 246.
LaTeX Font Info:    Redeclaring math symbol \ltimes on input line 247.
LaTeX Font Info:    Redeclaring math symbol \rtimes on input line 248.
LaTeX Font Info:    Redeclaring math symbol \shortmid on input line 249.
LaTeX Font Info:    Redeclaring math symbol \shortparallel on input line 250.
LaTeX Font Info:    Redeclaring math symbol \smallsetminus on input line 251.
LaTeX Font Info:    Redeclaring math symbol \thicksim on input line 252.
LaTeX Font Info:    Redeclaring math symbol \thickapprox on input line 253.
LaTeX Font Info:    Redeclaring math symbol \approxeq on input line 254.
LaTeX Font Info:    Redeclaring math symbol \succapprox on input line 255.
LaTeX Font Info:    Redeclaring math symbol \precapprox on input line 256.
LaTeX Font Info:    Redeclaring math symbol \curvearrowleft on input line 257.
LaTeX Font Info:    Redeclaring math symbol \curvearrowright on input line 258.

LaTeX Font Info:    Redeclaring math symbol \digamma on input line 259.
LaTeX Font Info:    Redeclaring math symbol \varkappa on input line 260.
LaTeX Font Info:    Redeclaring math symbol \Bbbk on input line 261.
LaTeX Font Info:    Redeclaring math symbol \hslash on input line 262.
LaTeX Font Info:    Redeclaring math symbol \backepsilon on input line 265.
)
(/usr/share/texlive/texmf-dist/tex/latex/mathtools/mathtools.sty
Package: mathtools 2020/01/17 v1.23 mathematical typesetting tools

(/usr/share/texlive/texmf-dist/tex/latex/tools/calc.sty
Package: calc 2017/05/25 v4.3 Infix arithmetic (KKT,FJ)
\calc@Acount=\count191
\calc@Bcount=\count192
\calc@Adimen=\dimen150
\calc@Bdimen=\dimen151
\calc@Askip=\skip53
\calc@Bskip=\skip54
LaTeX Info: Redefining \setlength on input line 80.
LaTeX Info: Redefining \addtolength on input line 81.
\calc@Ccount=\count193
\calc@Cskip=\skip55
)
(/usr/share/texlive/texmf-dist/tex/latex/mathtools/mhsetup.sty
Package: mhsetup 2017/03/31 v1.3 programming setup (MH)
)
(/usr/share/texlive/texmf-dist/tex/latex/amsmath/amsmath.sty
Package: amsmath 2020/01/20 v2.17e AMS math features
\@mathmargin=\skip56

For additional information on amsmath, use the `?' option.
(/usr/share/texlive/texmf-dist/tex/latex/amsmath/amstext.sty
Package: amstext 2000/06/29 v2.01 AMS text

(/usr/share/texlive/texmf-dist/tex/latex/amsmath/amsgen.sty
File: amsgen.sty 1999/11/30 v2.0 generic functions
\@emptytoks=\toks19
\ex@=\dimen152
))
(/usr/share/texlive/texmf-dist/tex/latex/amsmath/amsbsy.sty
Package: amsbsy 1999/11/29 v1.2d Bold Symbols
\pmbraise@=\dimen153
)
(/usr/share/texlive/texmf-dist/tex/latex/amsmath/amsopn.sty
Package: amsopn 2016/03/08 v2.02 operator names
)
\inf@bad=\count194
LaTeX Info: Redefining \frac on input line 227.
\uproot@=\count195
\leftroot@=\count196
LaTeX Info: Redefining \overline on input line 389.
\classnum@=\count197
\DOTSCASE@=\count198
LaTeX Info: Redefining \ldots on input line 486.
LaTeX Info: Redefining \dots on input line 489.
LaTeX Info: Redefining \cdots on input line 610.
\Mathstrutbox@=\box52
\strutbox@=\box53
\big@size=\dimen154
LaTeX Font Info:    Redeclaring font encoding OML on input line 733.
LaTeX Font Info:    Redeclaring font encoding OMS on input line 734.
\macc@depth=\count199
\c@MaxMatrixCols=\count266
\dotsspace@=\muskip16
\c@parentequation=\count267
\dspbrk@lvl=\count268
\tag@help=\toks20
\row@=\count269
\column@=\count270
\maxfields@=\count271
\andhelp@=\toks21
\eqnshift@=\dimen155
\alignsep@=\dimen156
\tagshift@=\dimen157
\tagwidth@=\dimen158
\totwidth@=\dimen159
\lineht@=\dimen160
\@envbody=\toks22
\multlinegap=\skip57
\multlinetaggap=\skip58
\mathdisplay@stack=\toks23
LaTeX Info: Redefining \[ on input line 2859.
LaTeX Info: Redefining \] on input line 2860.
)
LaTeX Info: Thecontrolsequence`\('isalreadyrobust on input line 129.
LaTeX Info: Thecontrolsequence`\)'isalreadyrobust on input line 129.
LaTeX Info: Thecontrolsequence`\['isalreadyrobust on input line 129.
LaTeX Info: Thecontrolsequence`\]'isalreadyrobust on input line 129.
\g_MT_multlinerow_int=\count272
\l_MT_multwidth_dim=\dimen161
\origjot=\skip59
\l_MT_shortvdotswithinadjustabove_dim=\dimen162
\l_MT_shortvdotswithinadjustbelow_dim=\dimen163
\l_MT_above_intertext_sep=\dimen164
\l_MT_below_intertext_sep=\dimen165
\l_MT_above_shortintertext_sep=\dimen166
\l_MT_below_shortintertext_sep=\dimen167
)
(/usr/share/texlive/texmf-dist/tex/latex/overpic/overpic.sty
Package: overpic 2018/09/02 1.2 picture overlays (RN)

(/usr/share/texlive/texmf-dist/tex/latex/eepic/epic.sty
Enhancements to Picture Environment. Version 1.2 - Released June 1, 1986
\@@multicnt=\count273
\d@lta=\count274
\@delta=\dimen168
\@@delta=\dimen169
\@gridcnt=\count275
\@joinkind=\count276
\@dotgap=\dimen170
\@ddotgap=\dimen171
\@x@diff=\count277
\@y@diff=\count278
\x@diff=\dimen172
\y@diff=\dimen173
\@dotbox=\box54
\num@segments=\count279
\num@segmentsi=\count280
\@datafile=\read2
)
\OVP@box=\box55
) (/usr/share/texlive/texmf-dist/tex/latex/xcolor/xcolor.sty
Package: xcolor 2016/05/11 v2.12 LaTeX color extensions (UK)

(/usr/share/texlive/texmf-dist/tex/latex/graphics-cfg/color.cfg
File: color.cfg 2016/01/02 v1.6 sample color configuration
)
Package xcolor Info: Driver file: pdftex.def on input line 225.
Package xcolor Info: Model `cmy' substituted by `cmy0' on input line 1348.
Package xcolor Info: Model `hsb' substituted by `rgb' on input line 1352.
Package xcolor Info: Model `RGB' extended on input line 1364.
Package xcolor Info: Model `HTML' substituted by `rgb' on input line 1366.
Package xcolor Info: Model `Hsb' substituted by `hsb' on input line 1367.
Package xcolor Info: Model `tHsb' substituted by `hsb' on input line 1368.
Package xcolor Info: Model `HSB' substituted by `hsb' on input line 1369.
Package xcolor Info: Model `Gray' substituted by `gray' on input line 1370.
Package xcolor Info: Model `wave' substituted by `hsb' on input line 1371.
)
(/usr/share/texlive/texmf-dist/tex/latex/varwidth/varwidth.sty
Package: varwidth 2009/03/30 ver 0.92;  Variable-width minipages
\@vwid@box=\box56
\sift@deathcycles=\count281
\@vwid@loff=\dimen174
\@vwid@roff=\dimen175
)
(/usr/share/texlive/texmf-dist/tex/latex/pgf/frontendlayer/tikz.sty
(/usr/share/texlive/texmf-dist/tex/latex/pgf/basiclayer/pgf.sty
(/usr/share/texlive/texmf-dist/tex/latex/pgf/utilities/pgfrcs.sty
(/usr/share/texlive/texmf-dist/tex/generic/pgf/utilities/pgfutil-common.tex
\pgfutil@everybye=\toks24
\pgfutil@tempdima=\dimen176
\pgfutil@tempdimb=\dimen177

(/usr/share/texlive/texmf-dist/tex/generic/pgf/utilities/pgfutil-common-lists.t
ex)) (/usr/share/texlive/texmf-dist/tex/generic/pgf/utilities/pgfutil-latex.def
\pgfutil@abb=\box57
(/usr/share/texlive/texmf-dist/tex/latex/ms/everyshi.sty
Package: everyshi 2001/05/15 v3.00 EveryShipout Package (MS)
))
(/usr/share/texlive/texmf-dist/tex/generic/pgf/utilities/pgfrcs.code.tex
(/usr/share/texlive/texmf-dist/tex/generic/pgf/pgf.revision.tex)
Package: pgfrcs 2020/01/08 v3.1.5b (3.1.5b)
))
Package: pgf 2020/01/08 v3.1.5b (3.1.5b)

(/usr/share/texlive/texmf-dist/tex/latex/pgf/basiclayer/pgfcore.sty
(/usr/share/texlive/texmf-dist/tex/latex/pgf/systemlayer/pgfsys.sty
(/usr/share/texlive/texmf-dist/tex/generic/pgf/systemlayer/pgfsys.code.tex
Package: pgfsys 2020/01/08 v3.1.5b (3.1.5b)

(/usr/share/texlive/texmf-dist/tex/generic/pgf/utilities/pgfkeys.code.tex
\pgfkeys@pathtoks=\toks25
\pgfkeys@temptoks=\toks26

(/usr/share/texlive/texmf-dist/tex/generic/pgf/utilities/pgfkeysfiltered.code.t
ex
\pgfkeys@tmptoks=\toks27
))
\pgf@x=\dimen178
\pgf@y=\dimen179
\pgf@xa=\dimen180
\pgf@ya=\dimen181
\pgf@xb=\dimen182
\pgf@yb=\dimen183
\pgf@xc=\dimen184
\pgf@yc=\dimen185
\pgf@xd=\dimen186
\pgf@yd=\dimen187
\w@pgf@writea=\write4
\r@pgf@reada=\read3
\c@pgf@counta=\count282
\c@pgf@countb=\count283
\c@pgf@countc=\count284
\c@pgf@countd=\count285
\t@pgf@toka=\toks28
\t@pgf@tokb=\toks29
\t@pgf@tokc=\toks30
\pgf@sys@id@count=\count286
 (/usr/share/texlive/texmf-dist/tex/generic/pgf/systemlayer/pgf.cfg
File: pgf.cfg 2020/01/08 v3.1.5b (3.1.5b)
)
Driver file for pgf: pgfsys-pdftex.def

(/usr/share/texlive/texmf-dist/tex/generic/pgf/systemlayer/pgfsys-pdftex.def
File: pgfsys-pdftex.def 2020/01/08 v3.1.5b (3.1.5b)

(/usr/share/texlive/texmf-dist/tex/generic/pgf/systemlayer/pgfsys-common-pdf.de
f
File: pgfsys-common-pdf.def 2020/01/08 v3.1.5b (3.1.5b)
)))
(/usr/share/texlive/texmf-dist/tex/generic/pgf/systemlayer/pgfsyssoftpath.code.
tex
File: pgfsyssoftpath.code.tex 2020/01/08 v3.1.5b (3.1.5b)
\pgfsyssoftpath@smallbuffer@items=\count287
\pgfsyssoftpath@bigbuffer@items=\count288
)
(/usr/share/texlive/texmf-dist/tex/generic/pgf/systemlayer/pgfsysprotocol.code.
tex
File: pgfsysprotocol.code.tex 2020/01/08 v3.1.5b (3.1.5b)
))
(/usr/share/texlive/texmf-dist/tex/generic/pgf/basiclayer/pgfcore.code.tex
Package: pgfcore 2020/01/08 v3.1.5b (3.1.5b)

(/usr/share/texlive/texmf-dist/tex/generic/pgf/math/pgfmath.code.tex
(/usr/share/texlive/texmf-dist/tex/generic/pgf/math/pgfmathcalc.code.tex
(/usr/share/texlive/texmf-dist/tex/generic/pgf/math/pgfmathutil.code.tex)
(/usr/share/texlive/texmf-dist/tex/generic/pgf/math/pgfmathparser.code.tex
\pgfmath@dimen=\dimen188
\pgfmath@count=\count289
\pgfmath@box=\box58
\pgfmath@toks=\toks31
\pgfmath@stack@operand=\toks32
\pgfmath@stack@operation=\toks33
)
(/usr/share/texlive/texmf-dist/tex/generic/pgf/math/pgfmathfunctions.code.tex
(/usr/share/texlive/texmf-dist/tex/generic/pgf/math/pgfmathfunctions.basic.code
.tex)
(/usr/share/texlive/texmf-dist/tex/generic/pgf/math/pgfmathfunctions.trigonomet
ric.code.tex)
(/usr/share/texlive/texmf-dist/tex/generic/pgf/math/pgfmathfunctions.random.cod
e.tex)
(/usr/share/texlive/texmf-dist/tex/generic/pgf/math/pgfmathfunctions.comparison
.code.tex)
(/usr/share/texlive/texmf-dist/tex/generic/pgf/math/pgfmathfunctions.base.code.
tex)
(/usr/share/texlive/texmf-dist/tex/generic/pgf/math/pgfmathfunctions.round.code
.tex)
(/usr/share/texlive/texmf-dist/tex/generic/pgf/math/pgfmathfunctions.misc.code.
tex)
(/usr/share/texlive/texmf-dist/tex/generic/pgf/math/pgfmathfunctions.integerari
thmetics.code.tex)))
(/usr/share/texlive/texmf-dist/tex/generic/pgf/math/pgfmathfloat.code.tex
\c@pgfmathroundto@lastzeros=\count290
))
(/usr/share/texlive/texmf-dist/tex/generic/pgf/math/pgfint.code.tex)
(/usr/share/texlive/texmf-dist/tex/generic/pgf/basiclayer/pgfcorepoints.code.te
x
File: pgfcorepoints.code.tex 2020/01/08 v3.1.5b (3.1.5b)
\pgf@picminx=\dimen189
\pgf@picmaxx=\dimen190
\pgf@picminy=\dimen191
\pgf@picmaxy=\dimen192
\pgf@pathminx=\dimen193
\pgf@pathmaxx=\dimen194
\pgf@pathminy=\dimen195
\pgf@pathmaxy=\dimen196
\pgf@xx=\dimen197
\pgf@xy=\dimen198
\pgf@yx=\dimen199
\pgf@yy=\dimen256
\pgf@zx=\dimen257
\pgf@zy=\dimen258
)
(/usr/share/texlive/texmf-dist/tex/generic/pgf/basiclayer/pgfcorepathconstruct.
code.tex
File: pgfcorepathconstruct.code.tex 2020/01/08 v3.1.5b (3.1.5b)
\pgf@path@lastx=\dimen259
\pgf@path@lasty=\dimen260
)
(/usr/share/texlive/texmf-dist/tex/generic/pgf/basiclayer/pgfcorepathusage.code
.tex
File: pgfcorepathusage.code.tex 2020/01/08 v3.1.5b (3.1.5b)
\pgf@shorten@end@additional=\dimen261
\pgf@shorten@start@additional=\dimen262
)
(/usr/share/texlive/texmf-dist/tex/generic/pgf/basiclayer/pgfcorescopes.code.te
x
File: pgfcorescopes.code.tex 2020/01/08 v3.1.5b (3.1.5b)
\pgfpic=\box59
\pgf@hbox=\box60
\pgf@layerbox@main=\box61
\pgf@picture@serial@count=\count291
)
(/usr/share/texlive/texmf-dist/tex/generic/pgf/basiclayer/pgfcoregraphicstate.c
ode.tex
File: pgfcoregraphicstate.code.tex 2020/01/08 v3.1.5b (3.1.5b)
\pgflinewidth=\dimen263
)
(/usr/share/texlive/texmf-dist/tex/generic/pgf/basiclayer/pgfcoretransformation
s.code.tex
File: pgfcoretransformations.code.tex 2020/01/08 v3.1.5b (3.1.5b)
\pgf@pt@x=\dimen264
\pgf@pt@y=\dimen265
\pgf@pt@temp=\dimen266
)
(/usr/share/texlive/texmf-dist/tex/generic/pgf/basiclayer/pgfcorequick.code.tex
File: pgfcorequick.code.tex 2020/01/08 v3.1.5b (3.1.5b)
)
(/usr/share/texlive/texmf-dist/tex/generic/pgf/basiclayer/pgfcoreobjects.code.t
ex
File: pgfcoreobjects.code.tex 2020/01/08 v3.1.5b (3.1.5b)
)
(/usr/share/texlive/texmf-dist/tex/generic/pgf/basiclayer/pgfcorepathprocessing
.code.tex
File: pgfcorepathprocessing.code.tex 2020/01/08 v3.1.5b (3.1.5b)
)
(/usr/share/texlive/texmf-dist/tex/generic/pgf/basiclayer/pgfcorearrows.code.te
x
File: pgfcorearrows.code.tex 2020/01/08 v3.1.5b (3.1.5b)
\pgfarrowsep=\dimen267
)
(/usr/share/texlive/texmf-dist/tex/generic/pgf/basiclayer/pgfcoreshade.code.tex
File: pgfcoreshade.code.tex 2020/01/08 v3.1.5b (3.1.5b)
\pgf@max=\dimen268
\pgf@sys@shading@range@num=\count292
\pgf@shadingcount=\count293
)
(/usr/share/texlive/texmf-dist/tex/generic/pgf/basiclayer/pgfcoreimage.code.tex
File: pgfcoreimage.code.tex 2020/01/08 v3.1.5b (3.1.5b)

(/usr/share/texlive/texmf-dist/tex/generic/pgf/basiclayer/pgfcoreexternal.code.
tex
File: pgfcoreexternal.code.tex 2020/01/08 v3.1.5b (3.1.5b)
\pgfexternal@startupbox=\box62
))
(/usr/share/texlive/texmf-dist/tex/generic/pgf/basiclayer/pgfcorelayers.code.te
x
File: pgfcorelayers.code.tex 2020/01/08 v3.1.5b (3.1.5b)
)
(/usr/share/texlive/texmf-dist/tex/generic/pgf/basiclayer/pgfcoretransparency.c
ode.tex
File: pgfcoretransparency.code.tex 2020/01/08 v3.1.5b (3.1.5b)
)
(/usr/share/texlive/texmf-dist/tex/generic/pgf/basiclayer/pgfcorepatterns.code.
tex
File: pgfcorepatterns.code.tex 2020/01/08 v3.1.5b (3.1.5b)
)
(/usr/share/texlive/texmf-dist/tex/generic/pgf/basiclayer/pgfcorerdf.code.tex
File: pgfcorerdf.code.tex 2020/01/08 v3.1.5b (3.1.5b)
)))
(/usr/share/texlive/texmf-dist/tex/generic/pgf/modules/pgfmoduleshapes.code.tex
File: pgfmoduleshapes.code.tex 2020/01/08 v3.1.5b (3.1.5b)
\pgfnodeparttextbox=\box63
) (/usr/share/texlive/texmf-dist/tex/generic/pgf/modules/pgfmoduleplot.code.tex
File: pgfmoduleplot.code.tex 2020/01/08 v3.1.5b (3.1.5b)
)
(/usr/share/texlive/texmf-dist/tex/latex/pgf/compatibility/pgfcomp-version-0-65
.sty
Package: pgfcomp-version-0-65 2020/01/08 v3.1.5b (3.1.5b)
\pgf@nodesepstart=\dimen269
\pgf@nodesepend=\dimen270
)
(/usr/share/texlive/texmf-dist/tex/latex/pgf/compatibility/pgfcomp-version-1-18
.sty
Package: pgfcomp-version-1-18 2020/01/08 v3.1.5b (3.1.5b)
)) (/usr/share/texlive/texmf-dist/tex/latex/pgf/utilities/pgffor.sty
(/usr/share/texlive/texmf-dist/tex/latex/pgf/utilities/pgfkeys.sty
(/usr/share/texlive/texmf-dist/tex/generic/pgf/utilities/pgfkeys.code.tex))
(/usr/share/texlive/texmf-dist/tex/latex/pgf/math/pgfmath.sty
(/usr/share/texlive/texmf-dist/tex/generic/pgf/math/pgfmath.code.tex))
(/usr/share/texlive/texmf-dist/tex/generic/pgf/utilities/pgffor.code.tex
Package: pgffor 2020/01/08 v3.1.5b (3.1.5b)

(/usr/share/texlive/texmf-dist/tex/generic/pgf/math/pgfmath.code.tex)
\pgffor@iter=\dimen271
\pgffor@skip=\dimen272
\pgffor@stack=\toks34
\pgffor@toks=\toks35
))
(/usr/share/texlive/texmf-dist/tex/generic/pgf/frontendlayer/tikz/tikz.code.tex
Package: tikz 2020/01/08 v3.1.5b (3.1.5b)

(/usr/share/texlive/texmf-dist/tex/generic/pgf/libraries/pgflibraryplothandlers
.code.tex
File: pgflibraryplothandlers.code.tex 2020/01/08 v3.1.5b (3.1.5b)
\pgf@plot@mark@count=\count294
\pgfplotmarksize=\dimen273
)
\tikz@lastx=\dimen274
\tikz@lasty=\dimen275
\tikz@lastxsaved=\dimen276
\tikz@lastysaved=\dimen277
\tikz@lastmovetox=\dimen278
\tikz@lastmovetoy=\dimen279
\tikzleveldistance=\dimen280
\tikzsiblingdistance=\dimen281
\tikz@figbox=\box64
\tikz@figbox@bg=\box65
\tikz@tempbox=\box66
\tikz@tempbox@bg=\box67
\tikztreelevel=\count295
\tikznumberofchildren=\count296
\tikznumberofcurrentchild=\count297
\tikz@fig@count=\count298

(/usr/share/texlive/texmf-dist/tex/generic/pgf/modules/pgfmodulematrix.code.tex
File: pgfmodulematrix.code.tex 2020/01/08 v3.1.5b (3.1.5b)
\pgfmatrixcurrentrow=\count299
\pgfmatrixcurrentcolumn=\count300
\pgf@matrix@numberofcolumns=\count301
)
\tikz@expandcount=\count302

(/usr/share/texlive/texmf-dist/tex/generic/pgf/frontendlayer/tikz/libraries/tik
zlibrarytopaths.code.tex
File: tikzlibrarytopaths.code.tex 2020/01/08 v3.1.5b (3.1.5b)
))) (./JFS_main.aux

LaTeX Warning: Label `fig:model' multiply defined.

)
\openout1 = `JFS_main.aux'.

LaTeX Font Info:    Checking defaults for OML/txmi/m/it on input line 62.
LaTeX Font Info:    Trying to load font information for OML+txmi on input line 
62.
 (/usr/share/texlive/texmf-dist/tex/latex/txfonts/omltxmi.fd
File: omltxmi.fd 2000/12/15 v3.1
)
LaTeX Font Info:    ... okay on input line 62.
LaTeX Font Info:    Checking defaults for OMS/txsy/m/n on input line 62.
LaTeX Font Info:    Trying to load font information for OMS+txsy on input line 
62.

(/usr/share/texlive/texmf-dist/tex/latex/txfonts/omstxsy.fd
File: omstxsy.fd 2000/12/15 v3.1
)
LaTeX Font Info:    ... okay on input line 62.
LaTeX Font Info:    Checking defaults for OT1/cmr/m/n on input line 62.
LaTeX Font Info:    ... okay on input line 62.
LaTeX Font Info:    Checking defaults for T1/cmr/m/n on input line 62.
LaTeX Font Info:    ... okay on input line 62.
LaTeX Font Info:    Checking defaults for TS1/cmr/m/n on input line 62.
LaTeX Font Info:    ... okay on input line 62.
LaTeX Font Info:    Checking defaults for OMX/txex/m/n on input line 62.
LaTeX Font Info:    Trying to load font information for OMX+txex on input line 
62.

(/usr/share/texlive/texmf-dist/tex/latex/txfonts/omxtxex.fd
File: omxtxex.fd 2000/12/15 v3.1
)
LaTeX Font Info:    ... okay on input line 62.
LaTeX Font Info:    Checking defaults for U/txexa/m/n on input line 62.
LaTeX Font Info:    Trying to load font information for U+txexa on input line 6
2.

(/usr/share/texlive/texmf-dist/tex/latex/txfonts/utxexa.fd
File: utxexa.fd 2000/12/15 v3.1
)
LaTeX Font Info:    ... okay on input line 62.
LaTeX Font Info:    Trying to load font information for OT1+txr on input line 6
2.

(/usr/share/texlive/texmf-dist/tex/latex/txfonts/ot1txr.fd
File: ot1txr.fd 2000/12/15 v3.1
)
(/usr/share/texlive/texmf-dist/tex/context/base/mkii/supp-pdf.mkii
[Loading MPS to PDF converter (version 2006.09.02).]
\scratchcounter=\count303
\scratchdimen=\dimen282
\scratchbox=\box68
\nofMPsegments=\count304
\nofMParguments=\count305
\everyMPshowfont=\toks36
\MPscratchCnt=\count306
\MPscratchDim=\dimen283
\MPnumerator=\count307
\makeMPintoPDFobject=\count308
\everyMPtoPDFconversion=\toks37
) (/usr/share/texlive/texmf-dist/tex/latex/epstopdf-pkg/epstopdf-base.sty
Package: epstopdf-base 2020-01-24 v2.11 Base part for package epstopdf
Package epstopdf-base Info: Redefining graphics rule for `.eps' on input line 4
85.

(/usr/share/texlive/texmf-dist/tex/latex/latexconfig/epstopdf-sys.cfg
File: epstopdf-sys.cfg 2010/07/13 v1.3 Configuration of (r)epstopdf for TeX Liv
e
))
*geometry* driver: auto-detecting
*geometry* detected driver: pdftex
*geometry* verbose mode - [ preamble ] result:
* driver: pdftex
* paper: custom
* layout: <same size as paper>
* layoutoffset:(h,v)=(0.0pt,0.0pt)
* hratio: 1:1
* vratio: 1:1
* modes: 
* h-part:(L,W,R)=(64.75394pt, 468.0pt, 64.75394pt)
* v-part:(T,H,B)=(111.52342pt, 622.0pt, 111.52342pt)
* \paperwidth=597.50787pt
* \paperheight=845.04684pt
* \textwidth=468.0pt
* \textheight=622.0pt
* \oddsidemargin=-7.51605pt
* \evensidemargin=-7.51605pt
* \topmargin=-22.74657pt
* \headheight=50.0pt
* \headsep=12.0pt
* \topskip=10.0pt
* \footskip=18.0pt
* \marginparwidth=65.0pt
* \marginparsep=11.0pt
* \columnsep=24.0pt
* \skip\footins=24.0pt plus 2.0pt minus 12.0pt
* \hoffset=0.0pt
* \voffset=0.0pt
* \mag=1000
* \@twocolumnfalse
* \@twosidefalse
* \@mparswitchfalse
* \@reversemarginfalse
* (1in=72.27pt=25.4mm, 1cm=28.453pt)

ABD: EveryShipout initializing macros
LaTeX Font Info:    Font shape `OT1/txr/b/n' in size <10> not available
(Font)              Font shape `OT1/txr/bx/n' tried instead on input line 108.
LaTeX Font Info:    Trying to load font information for U+txmia on input line 1
20.

(/usr/share/texlive/texmf-dist/tex/latex/txfonts/utxmia.fd
File: utxmia.fd 2000/12/15 v3.1
)
LaTeX Font Info:    Trying to load font information for U+msa on input line 120
.

(/usr/share/texlive/texmf-dist/tex/latex/amsfonts/umsa.fd
File: umsa.fd 2013/01/14 v3.01 AMS symbols A
)
LaTeX Font Info:    Trying to load font information for U+msb on input line 120
.

(/usr/share/texlive/texmf-dist/tex/latex/amsfonts/umsb.fd
File: umsb.fd 2013/01/14 v3.01 AMS symbols B
)
LaTeX Font Info:    Trying to load font information for U+txsyc on input line 1
20.

(/usr/share/texlive/texmf-dist/tex/latex/txfonts/utxsyc.fd
File: utxsyc.fd 2000/12/15 v3.1
)
Overfull \hbox (1.90001pt too wide) has occurred while \output is active
[] 
 []

[1

{/var/lib/texmf/fonts/map/pdftex/updmap/pdftex.map}] [2]
<Figures/Schematic-01.png, id=17, 1200.1638pt x 618.6312pt>
File: Figures/Schematic-01.png Graphic file (type png)
<use Figures/Schematic-01.png>
Package pdftex.def Info: Figures/Schematic-01.png  used on input line 157.
(pdftex.def)             Requested size: 444.59857pt x 229.1637pt.


LaTeX Warning: `h' float specifier changed to `ht'.


Package amsmath Warning: Foreign command \over;
(amsmath)                \frac or \genfrac should be used instead
(amsmath)                 on input line 170.

[3] [4 <./Figures/Schematic-01.png>]
<Figures/Figures/Jet/1S/1S_0100.png, id=29, 3707.8525pt x 339.2675pt>
File: Figures/Figures/Jet/1S/1S_0100.png Graphic file (type png)
<use Figures/Figures/Jet/1S/1S_0100.png>
Package pdftex.def Info: Figures/Figures/Jet/1S/1S_0100.png  used on input line
 194.
(pdftex.def)             Requested size: 349.51439pt x 42.67752pt.
<Figures/Figures/Jet/1S/1S_0500.png, id=31, 3707.8525pt x 339.2675pt>
File: Figures/Figures/Jet/1S/1S_0500.png Graphic file (type png)
<use Figures/Figures/Jet/1S/1S_0500.png>
Package pdftex.def Info: Figures/Figures/Jet/1S/1S_0500.png  used on input line
 199.
(pdftex.def)             Requested size: 349.51439pt x 42.67752pt.
<Figures/Figures/Jet/1S/1S_0950.png, id=33, 3707.8525pt x 339.2675pt>
File: Figures/Figures/Jet/1S/1S_0950.png Graphic file (type png)
<use Figures/Figures/Jet/1S/1S_0950.png>
Package pdftex.def Info: Figures/Figures/Jet/1S/1S_0950.png  used on input line
 202.
(pdftex.def)             Requested size: 349.51439pt x 42.67752pt.
<Figures/Figures/Jet/1S/1S_1400.png, id=35, 3707.8525pt x 339.2675pt>
File: Figures/Figures/Jet/1S/1S_1400.png Graphic file (type png)
<use Figures/Figures/Jet/1S/1S_1400.png>
Package pdftex.def Info: Figures/Figures/Jet/1S/1S_1400.png  used on input line
 206.
(pdftex.def)             Requested size: 349.51439pt x 42.67752pt.

Underfull \hbox (badness 10000) in paragraph at lines 197--213
[][]
 []


Underfull \hbox (badness 10000) in paragraph at lines 197--213
[]
 []


Underfull \hbox (badness 10000) in paragraph at lines 197--213
[]
 []

<Figures/Figures/Jet/1S/leg3.png, id=37, 98.61844pt x 488.57532pt>
File: Figures/Figures/Jet/1S/leg3.png Graphic file (type png)
<use Figures/Figures/Jet/1S/leg3.png>
Package pdftex.def Info: Figures/Figures/Jet/1S/leg3.png  used on input line 21
6.
(pdftex.def)             Requested size: 10.52904pt x 99.58455pt.

Overfull \hbox (6.4227pt too wide) in paragraph at lines 217--217
[][] 
 []


Overfull \hbox (1.58432pt too wide) in paragraph at lines 218--218
[]$\OT1/txr/m/n/14.4 8$ 
 []


Overfull \hbox (1.58432pt too wide) in paragraph at lines 219--219
[]$\OT1/txr/m/n/14.4 1$ 
 []

<Figures/unconfined/1fixbc_100_400_1400.png, id=38, 2367.5953pt x 1019.30812pt>

File: Figures/unconfined/1fixbc_100_400_1400.png Graphic file (type png)
<use Figures/unconfined/1fixbc_100_400_1400.png>
Package pdftex.def Info: Figures/unconfined/1fixbc_100_400_1400.png  used on in
put line 229.
(pdftex.def)             Requested size: 468.0pt x 201.47835pt.
[5] [6 <./Figures/Figures/Jet/1S/1S_0100.png (PNG copy)> <./Figures/Figures/Jet
/1S/1S_0500.png (PNG copy)> <./Figures/Figures/Jet/1S/1S_0950.png (PNG copy)> <
./Figures/Figures/Jet/1S/1S_1400.png (PNG copy)> <./Figures/Figures/Jet/1S/leg3
.png> <./Figures/unconfined/1fixbc_100_400_1400.png>]
<Figures/VortexPair/model_100_200_400_3.png, id=51, 619.113pt x 88.6512pt>
File: Figures/VortexPair/model_100_200_400_3.png Graphic file (type png)
<use Figures/VortexPair/model_100_200_400_3.png>
Package pdftex.def Info: Figures/VortexPair/model_100_200_400_3.png  used on in
put line 256.
(pdftex.def)             Requested size: 468.0pt x 67.01442pt.
<Figures/radius_model2.png, id=52, 526.96875pt x 451.6875pt>
File: Figures/radius_model2.png Graphic file (type png)
<use Figures/radius_model2.png>
Package pdftex.def Info: Figures/radius_model2.png  used on input line 266.
(pdftex.def)             Requested size: 271.44086pt x 232.67334pt.


LaTeX Warning: `h' float specifier changed to `ht'.

[7] [8 <./Figures/VortexPair/model_100_200_400_3.png> <./Figures/radius_model2.
png>]
<Figures/Figures/Jet/1S/1S_vort_100.png, id=62, 1853.92625pt x 382.42876pt>
File: Figures/Figures/Jet/1S/1S_vort_100.png Graphic file (type png)
<use Figures/Figures/Jet/1S/1S_vort_100.png>
Package pdftex.def Info: Figures/Figures/Jet/1S/1S_vort_100.png  used on input 
line 306.
(pdftex.def)             Requested size: 349.54752pt x 42.67905pt.
<Figures/Figures/Jet/1S/1S_vort_500.png, id=64, 1853.92625pt x 382.42876pt>
File: Figures/Figures/Jet/1S/1S_vort_500.png Graphic file (type png)
<use Figures/Figures/Jet/1S/1S_vort_500.png>
Package pdftex.def Info: Figures/Figures/Jet/1S/1S_vort_500.png  used on input 
line 309.
(pdftex.def)             Requested size: 349.54752pt x 42.67905pt.
<Figures/Figures/Jet/1S/1S_vort_1000.png, id=66, 1853.92625pt x 382.42876pt>
File: Figures/Figures/Jet/1S/1S_vort_1000.png Graphic file (type png)
<use Figures/Figures/Jet/1S/1S_vort_1000.png>
Package pdftex.def Info: Figures/Figures/Jet/1S/1S_vort_1000.png  used on input
 line 313.
(pdftex.def)             Requested size: 349.54752pt x 42.67905pt.
<Figures/Figures/Jet/1S/1S_vort_1400.png, id=68, 1853.92625pt x 382.42876pt>
File: Figures/Figures/Jet/1S/1S_vort_1400.png Graphic file (type png)
<use Figures/Figures/Jet/1S/1S_vort_1400.png>
Package pdftex.def Info: Figures/Figures/Jet/1S/1S_vort_1400.png  used on input
 line 316.
(pdftex.def)             Requested size: 349.54752pt x 42.67905pt.
<Figures/Figures/Jet/1S/1S_vort_1600.png, id=70, 1853.92625pt x 382.42876pt>
File: Figures/Figures/Jet/1S/1S_vort_1600.png Graphic file (type png)
<use Figures/Figures/Jet/1S/1S_vort_1600.png>
Package pdftex.def Info: Figures/Figures/Jet/1S/1S_vort_1600.png  used on input
 line 320.
(pdftex.def)             Requested size: 349.54752pt x 42.67905pt.

Underfull \hbox (badness 10000) in paragraph at lines 308--323
[][]
 []


Underfull \hbox (badness 10000) in paragraph at lines 308--323
[]
 []


Underfull \hbox (badness 10000) in paragraph at lines 308--323
[]
 []


Underfull \hbox (badness 10000) in paragraph at lines 308--323
[]
 []

<Figures/Figures/Jet/leg_vort.png, id=72, 18.59889pt x 207.24486pt>
File: Figures/Figures/Jet/leg_vort.png Graphic file (type png)
<use Figures/Figures/Jet/leg_vort.png>
Package pdftex.def Info: Figures/Figures/Jet/leg_vort.png  used on input line 3
25.
(pdftex.def)             Requested size: 18.71802pt x 128.04143pt.

Overfull \hbox (2.34137pt too wide) in paragraph at lines 326--326
[][] 
 []


Overfull \hbox (8.87177pt too wide) in paragraph at lines 328--328
[]$\OMS/txsy/m/n/14.4 ^^@\OT1/txr/m/n/14.4 5$ 
 []


Underfull \hbox (badness 10000) in paragraph at lines 329--331
[][]
 []

<Figures/Circ_S1.png, id=73, 542.025pt x 451.6875pt>
File: Figures/Circ_S1.png Graphic file (type png)
<use Figures/Circ_S1.png>
Package pdftex.def Info: Figures/Circ_S1.png  used on input line 339.
(pdftex.def)             Requested size: 215.28314pt x 179.40363pt.
<Figures/velocity.png, id=74, 526.96875pt x 451.6875pt>
File: Figures/velocity.png Graphic file (type png)
<use Figures/velocity.png>
Package pdftex.def Info: Figures/velocity.png  used on input line 343.
(pdftex.def)             Requested size: 231.65771pt x 198.5639pt.
<Figures/Figures/time-space_S1_fixbc.png, id=75, 587.19376pt x 451.6875pt>
File: Figures/Figures/time-space_S1_fixbc.png Graphic file (type png)
<use Figures/Figures/time-space_S1_fixbc.png>
Package pdftex.def Info: Figures/Figures/time-space_S1_fixbc.png  used on input
 line 355.
(pdftex.def)             Requested size: 231.65771pt x 178.1975pt.
<Figures/Figures/time-space_S1.png, id=76, 587.19376pt x 451.6875pt>
File: Figures/Figures/time-space_S1.png Graphic file (type png)
<use Figures/Figures/time-space_S1.png>
Package pdftex.def Info: Figures/Figures/time-space_S1.png  used on input line 
362.
(pdftex.def)             Requested size: 231.65771pt x 178.1975pt.
<Figures/def_shape2.png, id=77, 609.77812pt x 451.6875pt>
File: Figures/def_shape2.png Graphic file (type png)
<use Figures/def_shape2.png>
Package pdftex.def Info: Figures/def_shape2.png  used on input line 377.
(pdftex.def)             Requested size: 229.32257pt x 169.86484pt.
<Figures/gap_signal/gap_steady2.png, id=78, 584.1825pt x 411.78844pt>
File: Figures/gap_signal/gap_steady2.png Graphic file (type png)
<use Figures/gap_signal/gap_steady2.png>
Package pdftex.def Info: Figures/gap_signal/gap_steady2.png  used on input line
 378.
(pdftex.def)             Requested size: 229.32257pt x 161.64616pt.
<Figures/gap_signal/gap_sig_3_4p1_5_5p1S-2.png, id=79, 539.01375pt x 409.53pt>
File: Figures/gap_signal/gap_sig_3_4p1_5_5p1S-2.png Graphic file (type png)
<use Figures/gap_signal/gap_sig_3_4p1_5_5p1S-2.png>
Package pdftex.def Info: Figures/gap_signal/gap_sig_3_4p1_5_5p1S-2.png  used on
 input line 381.
(pdftex.def)             Requested size: 229.32257pt x 174.23228pt.
<Figures/drag/Cd_parabolic_S.png, id=80, 526.21594pt x 409.53pt>
File: Figures/drag/Cd_parabolic_S.png Graphic file (type png)
<use Figures/drag/Cd_parabolic_S.png>
Package pdftex.def Info: Figures/drag/Cd_parabolic_S.png  used on input line 38
2.
(pdftex.def)             Requested size: 217.85573pt x 169.5456pt.
[9] [10 <./Figures/Figures/Jet/1S/1S_vort_100.png (PNG copy)> <./Figures/Figure
s/Jet/1S/1S_vort_500.png (PNG copy)> <./Figures/Figures/Jet/1S/1S_vort_1000.png
 (PNG copy)> <./Figures/Figures/Jet/1S/1S_vort_1400.png (PNG copy)> <./Figures/
Figures/Jet/1S/1S_vort_1600.png (PNG copy)> <./Figures/Figures/Jet/leg_vort.png
> <./Figures/Circ_S1.png (PNG copy)> <./Figures/velocity.png (PNG copy)>]
[11 <./Figures/Figures/time-space_S1_fixbc.png> <./Figures/Figures/time-space_S
1.png>]
<Figures/Figures/Jet/1S/4p1S_0050.png, id=98, 1853.92625pt x 382.42876pt>
File: Figures/Figures/Jet/1S/4p1S_0050.png Graphic file (type png)
<use Figures/Figures/Jet/1S/4p1S_0050.png>
Package pdftex.def Info: Figures/Figures/Jet/1S/4p1S_0050.png  used on input li
ne 400.
(pdftex.def)             Requested size: 349.55066pt x 42.67905pt.
<Figures/Figures/Jet/1S/4p1S_0100.png, id=100, 1853.92625pt x 382.42876pt>
File: Figures/Figures/Jet/1S/4p1S_0100.png Graphic file (type png)
<use Figures/Figures/Jet/1S/4p1S_0100.png>
Package pdftex.def Info: Figures/Figures/Jet/1S/4p1S_0100.png  used on input li
ne 403.
(pdftex.def)             Requested size: 349.55066pt x 42.67905pt.
<Figures/Figures/Jet/1S/4p1S_0150.png, id=102, 1853.92625pt x 382.42876pt>
File: Figures/Figures/Jet/1S/4p1S_0150.png Graphic file (type png)
<use Figures/Figures/Jet/1S/4p1S_0150.png>
Package pdftex.def Info: Figures/Figures/Jet/1S/4p1S_0150.png  used on input li
ne 407.
(pdftex.def)             Requested size: 349.55066pt x 42.67905pt.
<Figures/Figures/Jet/1S/4p1S_0300.png, id=104, 1853.92625pt x 382.42876pt>
File: Figures/Figures/Jet/1S/4p1S_0300.png Graphic file (type png)
<use Figures/Figures/Jet/1S/4p1S_0300.png>
Package pdftex.def Info: Figures/Figures/Jet/1S/4p1S_0300.png  used on input li
ne 410.
(pdftex.def)             Requested size: 349.55066pt x 42.67905pt.

Underfull \hbox (badness 10000) in paragraph at lines 402--414
[][]
 []


Underfull \hbox (badness 10000) in paragraph at lines 402--414
[]
 []


Underfull \hbox (badness 10000) in paragraph at lines 402--414
[]
 []

File: Figures/Figures/Jet/leg_vort.png Graphic file (type png)
<use Figures/Figures/Jet/leg_vort.png>
Package pdftex.def Info: Figures/Figures/Jet/leg_vort.png  used on input line 4
16.
(pdftex.def)             Requested size: 18.71802pt x 128.04143pt.

Overfull \hbox (2.34137pt too wide) in paragraph at lines 417--417
[][] 
 []


Overfull \hbox (8.87177pt too wide) in paragraph at lines 419--419
[]$\OMS/txsy/m/n/14.4 ^^@\OT1/txr/m/n/14.4 5$ 
 []


Underfull \hbox (badness 10000) in paragraph at lines 420--422
[][]
 []

[12 <./Figures/def_shape2.png (PNG copy)> <./Figures/gap_signal/gap_steady2.png
 (PNG copy)> <./Figures/gap_signal/gap_sig_3_4p1_5_5p1S-2.png (PNG copy)> <./Fi
gures/drag/Cd_parabolic_S.png (PNG copy)>]
<Figures/Figures/Jet/vort/1S_0300.png, id=109, 1853.92625pt x 382.42876pt>
File: Figures/Figures/Jet/vort/1S_0300.png Graphic file (type png)
<use Figures/Figures/Jet/vort/1S_0300.png>
Package pdftex.def Info: Figures/Figures/Jet/vort/1S_0300.png  used on input li
ne 432.
(pdftex.def)             Requested size: 304.19714pt x 46.42513pt.
<Figures/Figures/Jet/vort/2p3S_0300.png, id=111, 1853.92625pt x 382.42876pt>
File: Figures/Figures/Jet/vort/2p3S_0300.png Graphic file (type png)
<use Figures/Figures/Jet/vort/2p3S_0300.png>
Package pdftex.def Info: Figures/Figures/Jet/vort/2p3S_0300.png  used on input 
line 435.
(pdftex.def)             Requested size: 304.19714pt x 46.42513pt.
<Figures/Figures/Jet/vort/3p1S_0300.png, id=113, 1853.92625pt x 382.42876pt>
File: Figures/Figures/Jet/vort/3p1S_0300.png Graphic file (type png)
<use Figures/Figures/Jet/vort/3p1S_0300.png>
Package pdftex.def Info: Figures/Figures/Jet/vort/3p1S_0300.png  used on input 
line 438.
(pdftex.def)             Requested size: 304.19714pt x 46.42513pt.
<Figures/Figures/Jet/vort/4S_0300.png, id=115, 1853.92625pt x 382.42876pt>
File: Figures/Figures/Jet/vort/4S_0300.png Graphic file (type png)
<use Figures/Figures/Jet/vort/4S_0300.png>
Package pdftex.def Info: Figures/Figures/Jet/vort/4S_0300.png  used on input li
ne 441.
(pdftex.def)             Requested size: 304.19714pt x 46.42513pt.
<Figures/Figures/Jet/vort/4p1S_0300.png, id=117, 1853.92625pt x 382.42876pt>
File: Figures/Figures/Jet/vort/4p1S_0300.png Graphic file (type png)
<use Figures/Figures/Jet/vort/4p1S_0300.png>
Package pdftex.def Info: Figures/Figures/Jet/vort/4p1S_0300.png  used on input 
line 444.
(pdftex.def)             Requested size: 304.19714pt x 46.42513pt.
<Figures/Figures/Jet/vort/5S_0250.png, id=119, 1853.92625pt x 382.42876pt>
File: Figures/Figures/Jet/vort/5S_0250.png Graphic file (type png)
<use Figures/Figures/Jet/vort/5S_0250.png>
Package pdftex.def Info: Figures/Figures/Jet/vort/5S_0250.png  used on input li
ne 447.
(pdftex.def)             Requested size: 304.19714pt x 46.42513pt.
<Figures/Figures/Jet/vort/6S_0300.png, id=121, 1853.92625pt x 382.42876pt>
File: Figures/Figures/Jet/vort/6S_0300.png Graphic file (type png)
<use Figures/Figures/Jet/vort/6S_0300.png>
Package pdftex.def Info: Figures/Figures/Jet/vort/6S_0300.png  used on input li
ne 450.
(pdftex.def)             Requested size: 304.19714pt x 46.42513pt.

Underfull \hbox (badness 10000) in paragraph at lines 434--453
[][]
 []


Underfull \hbox (badness 10000) in paragraph at lines 434--453
[]
 []


Underfull \hbox (badness 10000) in paragraph at lines 434--453
[]
 []


Underfull \hbox (badness 10000) in paragraph at lines 434--453
[]
 []


Underfull \hbox (badness 10000) in paragraph at lines 434--453
[]
 []


Underfull \hbox (badness 10000) in paragraph at lines 434--453
[]
 []


LaTeX Warning: `h' float specifier changed to `ht'.

[13 <./Figures/Figures/Jet/1S/4p1S_0050.png (PNG copy)> <./Figures/Figures/Jet/
1S/4p1S_0100.png (PNG copy)> <./Figures/Figures/Jet/1S/4p1S_0150.png (PNG copy)
> <./Figures/Figures/Jet/1S/4p1S_0300.png (PNG copy)>]
<Figures/velpro/1S_parabolic_velpro.png, id=132, 1398.1836pt x 240.9pt>
File: Figures/velpro/1S_parabolic_velpro.png Graphic file (type png)
<use Figures/velpro/1S_parabolic_velpro.png>
Package pdftex.def Info: Figures/velpro/1S_parabolic_velpro.png  used on input 
line 463.
(pdftex.def)             Requested size: 304.19714pt x 52.41002pt.
<Figures/velpro/1S_parabolic_umean.png, id=133, 1398.1836pt x 240.9pt>
File: Figures/velpro/1S_parabolic_umean.png Graphic file (type png)
<use Figures/velpro/1S_parabolic_umean.png>
Package pdftex.def Info: Figures/velpro/1S_parabolic_umean.png  used on input l
ine 466.
(pdftex.def)             Requested size: 304.19714pt x 52.41002pt.
<Figures/velpro/4S_parabolic_velpro.png, id=134, 1398.1836pt x 240.9pt>
File: Figures/velpro/4S_parabolic_velpro.png Graphic file (type png)
<use Figures/velpro/4S_parabolic_velpro.png>
Package pdftex.def Info: Figures/velpro/4S_parabolic_velpro.png  used on input 
line 468.
(pdftex.def)             Requested size: 304.19714pt x 52.41002pt.
<Figures/velpro/4S_parabolic_umean.png, id=135, 1398.1836pt x 240.9pt>
File: Figures/velpro/4S_parabolic_umean.png Graphic file (type png)
<use Figures/velpro/4S_parabolic_umean.png>
Package pdftex.def Info: Figures/velpro/4S_parabolic_umean.png  used on input l
ine 471.
(pdftex.def)             Requested size: 304.19714pt x 52.41002pt.
<Figures/velpro/6S_parabolic_velpro.png, id=136, 1398.1836pt x 240.9pt>
File: Figures/velpro/6S_parabolic_velpro.png Graphic file (type png)
<use Figures/velpro/6S_parabolic_velpro.png>
Package pdftex.def Info: Figures/velpro/6S_parabolic_velpro.png  used on input 
line 473.
(pdftex.def)             Requested size: 304.19714pt x 52.41002pt.
<Figures/velpro/6S_parabolic_umean.png, id=137, 1398.1836pt x 240.9pt>
File: Figures/velpro/6S_parabolic_umean.png Graphic file (type png)
<use Figures/velpro/6S_parabolic_umean.png>
Package pdftex.def Info: Figures/velpro/6S_parabolic_umean.png  used on input l
ine 477.
(pdftex.def)             Requested size: 304.19714pt x 52.41002pt.
<Figures/midline/S_midline_parabolic.png, id=138, 1397.97281pt x 215.30438pt>
File: Figures/midline/S_midline_parabolic.png Graphic file (type png)
<use Figures/midline/S_midline_parabolic.png>
Package pdftex.def Info: Figures/midline/S_midline_parabolic.png  used on input
 line 479.
(pdftex.def)             Requested size: 304.19714pt x 46.84802pt.

Underfull \hbox (badness 10000) in paragraph at lines 465--483
[][]
 []


Underfull \hbox (badness 10000) in paragraph at lines 465--483
[]
 []


Underfull \hbox (badness 10000) in paragraph at lines 465--483
[]
 []


Underfull \hbox (badness 10000) in paragraph at lines 465--483
[]
 []


Underfull \hbox (badness 10000) in paragraph at lines 465--483
[]
 []


Underfull \hbox (badness 10000) in paragraph at lines 465--483
[]
 []

<Figures/velpro/legend.png, id=139, 46.67438pt x 229.60782pt>
File: Figures/velpro/legend.png Graphic file (type png)
<use Figures/velpro/legend.png>
Package pdftex.def Info: Figures/velpro/legend.png  used on input line 485.
(pdftex.def)             Requested size: 22.9343pt x 112.82062pt.

LaTeX Warning: `h' float specifier changed to `ht'.

<Figures/vortProp/vortprop_S_parabolic.png, id=140, 526.96875pt x 451.6875pt>
File: Figures/vortProp/vortprop_S_parabolic.png Graphic file (type png)
<use Figures/vortProp/vortprop_S_parabolic.png>
Package pdftex.def Info: Figures/vortProp/vortprop_S_parabolic.png  used on inp
ut line 498.
(pdftex.def)             Requested size: 229.32257pt x 196.56517pt.
<Figures/vortProp/S_slope.png, id=141, 549.55313pt x 451.6875pt>
File: Figures/vortProp/S_slope.png Graphic file (type png)
<use Figures/vortProp/S_slope.png>
Package pdftex.def Info: Figures/vortProp/S_slope.png  used on input line 503.
(pdftex.def)             Requested size: 229.32257pt x 188.48064pt.
[14 <./Figures/Figures/Jet/vort/1S_0300.png (PNG copy)> <./Figures/Figures/Jet/
vort/2p3S_0300.png (PNG copy)> <./Figures/Figures/Jet/vort/3p1S_0300.png (PNG c
opy)> <./Figures/Figures/Jet/vort/4S_0300.png (PNG copy)> <./Figures/Figures/Je
t/vort/4p1S_0300.png (PNG copy)> <./Figures/Figures/Jet/vort/5S_0250.png (PNG c
opy)> <./Figures/Figures/Jet/vort/6S_0300.png (PNG copy)>]
<Figures/VortexEvol/1S/1S0015.png, id=152, 217.0509pt x 152.7306pt>
File: Figures/VortexEvol/1S/1S0015.png Graphic file (type png)
<use Figures/VortexEvol/1S/1S0015.png>
Package pdftex.def Info: Figures/VortexEvol/1S/1S0015.png  used on input line 5
19.
(pdftex.def)             Requested size: 112.32257pt x 79.03816pt.
<Figures/VortexEvol/4S/4S0015.png, id=153, 217.0509pt x 152.7306pt>
File: Figures/VortexEvol/4S/4S0015.png Graphic file (type png)
<use Figures/VortexEvol/4S/4S0015.png>
Package pdftex.def Info: Figures/VortexEvol/4S/4S0015.png  used on input line 5
23.
(pdftex.def)             Requested size: 112.32257pt x 79.03816pt.
<Figures/VortexEvol/1S/1S0025.png, id=154, 217.0509pt x 152.7306pt>
File: Figures/VortexEvol/1S/1S0025.png Graphic file (type png)
<use Figures/VortexEvol/1S/1S0025.png>
Package pdftex.def Info: Figures/VortexEvol/1S/1S0025.png  used on input line 5
32.
(pdftex.def)             Requested size: 112.32257pt x 79.03816pt.
<Figures/VortexEvol/4S/4S0025.png, id=155, 217.0509pt x 152.7306pt>
File: Figures/VortexEvol/4S/4S0025.png Graphic file (type png)
<use Figures/VortexEvol/4S/4S0025.png>
Package pdftex.def Info: Figures/VortexEvol/4S/4S0025.png  used on input line 5
36.
(pdftex.def)             Requested size: 112.32257pt x 79.03816pt.
<Figures/VortexEvol/1S/1S0045.png, id=156, 217.0509pt x 152.7306pt>
File: Figures/VortexEvol/1S/1S0045.png Graphic file (type png)
<use Figures/VortexEvol/1S/1S0045.png>
Package pdftex.def Info: Figures/VortexEvol/1S/1S0045.png  used on input line 5
45.
(pdftex.def)             Requested size: 112.32257pt x 79.03816pt.
<Figures/VortexEvol/4S/4S0045.png, id=157, 217.0509pt x 152.7306pt>
File: Figures/VortexEvol/4S/4S0045.png Graphic file (type png)
<use Figures/VortexEvol/4S/4S0045.png>
Package pdftex.def Info: Figures/VortexEvol/4S/4S0045.png  used on input line 5
49.
(pdftex.def)             Requested size: 112.32257pt x 79.03816pt.
<Figures/VortexEvol/1S/1S0065.png, id=158, 217.0509pt x 152.7306pt>
File: Figures/VortexEvol/1S/1S0065.png Graphic file (type png)
<use Figures/VortexEvol/1S/1S0065.png>
Package pdftex.def Info: Figures/VortexEvol/1S/1S0065.png  used on input line 5
58.
(pdftex.def)             Requested size: 112.32257pt x 79.03816pt.
<Figures/VortexEvol/4S/4S0065.png, id=159, 217.0509pt x 152.7306pt>
File: Figures/VortexEvol/4S/4S0065.png Graphic file (type png)
<use Figures/VortexEvol/4S/4S0065.png>
Package pdftex.def Info: Figures/VortexEvol/4S/4S0065.png  used on input line 5
62.
(pdftex.def)             Requested size: 112.32257pt x 79.03816pt.


Package natbib Warning: Citation `Pedrizzetti2010' on page 15 undefined on inpu
t line 572.

[15 <./Figures/velpro/1S_parabolic_velpro.png (PNG copy)> <./Figures/velpro/1S_
parabolic_umean.png (PNG copy)> <./Figures/velpro/4S_parabolic_velpro.png (PNG 
copy)> <./Figures/velpro/4S_parabolic_umean.png (PNG copy)> <./Figures/velpro/6
S_parabolic_velpro.png (PNG copy)> <./Figures/velpro/6S_parabolic_umean.png (PN
G copy)> <./Figures/midline/S_midline_parabolic.png (PNG copy)> <./Figures/velp
ro/legend.png>] [16 <./Figures/vortProp/vortprop_S_parabolic.png> <./Figures/vo
rtProp/S_slope.png (PNG copy)> <./Figures/VortexEvol/1S/1S0015.png> <./Figures/
VortexEvol/4S/4S0015.png> <./Figures/VortexEvol/1S/1S0025.png> <./Figures/Vorte
xEvol/4S/4S0025.png> <./Figures/VortexEvol/1S/1S0045.png> <./Figures/VortexEvol
/4S/4S0045.png> <./Figures/VortexEvol/1S/1S0065.png> <./Figures/VortexEvol/4S/4
S0065.png>]
<Figures/FlowFrequency/Freq_Mode.png, id=176, 534.49687pt x 451.6875pt>
File: Figures/FlowFrequency/Freq_Mode.png Graphic file (type png)
<use Figures/FlowFrequency/Freq_Mode.png>
Package pdftex.def Info: Figures/FlowFrequency/Freq_Mode.png  used on input lin
e 578.
(pdftex.def)             Requested size: 226.98029pt x 191.81645pt.
<Figures/FlowFrequency/Freq_Ca.png, id=177, 530.73282pt x 456.20438pt>
File: Figures/FlowFrequency/Freq_Ca.png Graphic file (type png)
<use Figures/FlowFrequency/Freq_Ca.png>
Package pdftex.def Info: Figures/FlowFrequency/Freq_Ca.png  used on input line 
581.
(pdftex.def)             Requested size: 226.98029pt x 195.10596pt.
 [17 <./Figures/FlowFrequency/Freq_Mode.png (PNG copy)> <./Figures/FlowFrequenc
y/Freq_Ca.png>]
<Figures/timespace/time-space_S2p1.png, id=182, 594.72188pt x 451.6875pt>
File: Figures/timespace/time-space_S2p1.png Graphic file (type png)
<use Figures/timespace/time-space_S2p1.png>
Package pdftex.def Info: Figures/timespace/time-space_S2p1.png  used on input l
ine 606.
(pdftex.def)             Requested size: 224.638pt x 170.60919pt.
<Figures/timespace/time-space_S3p1.png, id=183, 594.72188pt x 451.6875pt>
File: Figures/timespace/time-space_S3p1.png Graphic file (type png)
<use Figures/timespace/time-space_S3p1.png>
Package pdftex.def Info: Figures/timespace/time-space_S3p1.png  used on input l
ine 612.
(pdftex.def)             Requested size: 224.638pt x 170.60919pt.
<Figures/timespace/time-space_S4.png, id=184, 587.19376pt x 451.6875pt>
File: Figures/timespace/time-space_S4.png Graphic file (type png)
<use Figures/timespace/time-space_S4.png>
Package pdftex.def Info: Figures/timespace/time-space_S4.png  used on input lin
e 618.
(pdftex.def)             Requested size: 224.638pt x 172.79402pt.
<Figures/timespace/time-space_S5.png, id=185, 587.19376pt x 451.6875pt>
File: Figures/timespace/time-space_S5.png Graphic file (type png)
<use Figures/timespace/time-space_S5.png>
Package pdftex.def Info: Figures/timespace/time-space_S5.png  used on input lin
e 624.
(pdftex.def)             Requested size: 224.638pt x 172.79402pt.
 [18] [19 <./Figures/timespace/time-space_S2p1.png (PNG copy)> <./Figures/times
pace/time-space_S3p1.png (PNG copy)> <./Figures/timespace/time-space_S4.png (PN
G copy)> <./Figures/timespace/time-space_S5.png (PNG copy)>] [20] (./JFS_main.b
bl [21]
Underfull \hbox (badness 8151) in paragraph at lines 205--211
[]\OT1/txr/m/n/8 Pedrizzetti, G., 2010.  Vor-tex for-ma-tion out of two-dimensi
onal ori-fices.  Jour-nal of Fluid Me-chan-ics 655, 198{216.
 []

)

Package natbib Warning: There were undefined citations.

[22] (./JFS_main.aux)

LaTeX Warning: There were multiply-defined labels.

 ) 
Here is how much of TeX's memory you used:
 16461 strings out of 483107
 314999 string characters out of 5964630
 535897 words of memory out of 5000000
 31081 multiletter control sequences out of 15000+600000
 580851 words of font info for 141 fonts, out of 8000000 for 9000
 59 hyphenation exceptions out of 8191
 60i,12n,60p,2636b,371s stack positions out of 5000i,500n,10000p,200000b,80000s
{/usr/share/texlive/texmf-dist/fonts/enc/dvips/base/8r.enc}</usr/share/texliv
e/texmf-dist/fonts/type1/public/amsfonts/cm/cmtt8.pfb></usr/share/texlive/texmf
-dist/fonts/type1/public/txfonts/rtxbmi.pfb></usr/share/texlive/texmf-dist/font
s/type1/public/txfonts/rtxi.pfb></usr/share/texlive/texmf-dist/fonts/type1/publ
ic/txfonts/rtxmi.pfb></usr/share/texlive/texmf-dist/fonts/type1/public/txfonts/
rtxr.pfb></usr/share/texlive/texmf-dist/fonts/type1/public/txfonts/txex.pfb></u
sr/share/texlive/texmf-dist/fonts/type1/public/txfonts/txsy.pfb></usr/share/tex
live/texmf-dist/fonts/type1/urw/times/utmb8a.pfb></usr/share/texlive/texmf-dist
/fonts/type1/urw/times/utmr8a.pfb></usr/share/texlive/texmf-dist/fonts/type1/ur
w/times/utmri8a.pfb>
Output written on JFS_main.pdf (22 pages, 20123614 bytes).
PDF statistics:
 238 PDF objects out of 1000 (max. 8388607)
 105 compressed objects within 2 object streams
 0 named destinations out of 1000 (max. 500000)
 423 words of extra memory for PDF output out of 10000 (max. 10000000)

