This is pdfTeX, Version 3.14159265-2.6-1.40.20 (TeX Live 2019/Debian) (preloaded format=pdflatex 2023.9.13)  27 NOV 2023 13:41
entering extended mode
 restricted \write18 enabled.
 %&-line parsing enabled.
**aipsamp_revision_1.tex
(./aipsamp_revision_1.tex
LaTeX2e <2020-02-02> patch level 2
L3 programming layer <2020-02-14> (./revtex4-1.cls
Document Class: revtex4-1 2020/09/30 4.1s (http://publish.aps.org/revtex4/ for 
documentation)
 Copyright (c) 2009 The American Physical Society.
 mailto:revtex@aps.org
 Licensed under the LPPL:
http://www.ctan.org/tex-archive/macros/latex/base/lppl.txt
 Arthur Ogawa <arthur_ogawa at sbcglobal dot net>
 Based on work by David Carlisle <david at dcarlisle.demon.co.uk>.
ltxutil[2020/09/30 4.1s utilities package (portions licensed from W. E. Baxter 
web at superscript.com)]
LaTeX Info: Redefining \@centercr on input line 346.
Class revtex4-1 Info: Repairing broken LaTeX eqnarray on input line 396.
\eqncolsep=\skip47
Class revtex4-1 Info: Repairing hyperref-unfriendly LaTeX definition of \mpfoot
note on input line 471.
Class revtex4-1 Info: Repairing broken LateX \@sect on input line 793.
\intertabularlinepenalty=\count167
\@tbpen=\count168
\@arstrutbox@hline=\box45
Class revtex4-1 Info: Repairing broken LaTeX \@xbitor on input line 1824.
Class revtex4-1 Info: Making \typeout \long on input line 2089.
ltxfront[2020/09/30 4.1s frontmatter package (AO,DPC)]
\c@affil=\count169
\c@collab=\count170
\absbox=\box46
ltxgrid[2020/09/30 4.1s page grid package (portions licensed from W. E. Baxter 
web at superscript.com)]
\c@linecount=\count171
\output@latex=\toks14
\box@size@1=\box47
\box@size@2=\box48
\@protection@box=\box49
\@topmark@saved=\toks15
\footins@saved=\box50
\footins@recovered=\box51
\column@recovered=\box52
\pagesofar=\box53
\footsofar=\box54
\pagegrid@col=\count172
Class revtex4-1 Info: Overriding \@vspace, \@vspacer, \@no@pgbk, \@newline, and
 \\  on input line 5655.
\c@part=\count173
\c@section=\count174
\c@subsection=\count175
\c@subsubsection=\count176
\c@paragraph=\count177
\c@subparagraph=\count178
\abovecaptionskip=\skip48
\belowcaptionskip=\skip49
\c@figure=\count179
\fbox@1=\box55
\c@table=\count180
\fbox@2=\box56
\c@video=\count181
\fbox@4=\box57
\@bibdataout=\write3
\widetext@top=\box58
\widetext@bot=\box59
Class revtex4-1 Info: Selecting society aip on input line 7616.
(./aip4-1.rtx
File: aip4-1.rtx 2010/07/25 4.1r AIP substyle for REVTeX
Class revtex4-1 Info: RevTeX society AIP selected on input line 75.
)

Class revtex4-1 Warning: No journal specified, using default cha.

Using journal substyle cha.
Class revtex4-1 Info: Reading file aps10pt4-1.rtx on input line 7621.
(/usr/share/texlive/texmf-dist/tex/latex/revtex/aps10pt4-1.rtx
File: aps10pt4-1 2010/07/25/20:33:00 4.1r (http://publish.aps.org/revtex4/ for 
documentation)
Class revtex4-1 Info: RevTeX pointsize 10pt selected on input line 30.
)
Class revtex4-1 Info: Overriding 10pt on input line 7621.

(/usr/share/texlive/texmf-dist/tex/latex/textcase/textcase.sty
Package: textcase 2019/09/14 v1.00 Text only upper/lower case changing (DPC)
)
(/usr/share/texlive/texmf-dist/tex/latex/amsfonts/amssymb.sty
Package: amssymb 2013/01/14 v3.01 AMS font symbols

(/usr/share/texlive/texmf-dist/tex/latex/amsfonts/amsfonts.sty
Package: amsfonts 2013/01/14 v3.01 Basic AMSFonts support
\@emptytoks=\toks16
\symAMSa=\mathgroup4
\symAMSb=\mathgroup5
LaTeX Font Info:    Redeclaring math symbol \hbar on input line 98.
LaTeX Font Info:    Overwriting math alphabet `\mathfrak' in version `bold'
(Font)                  U/euf/m/n --> U/euf/b/n on input line 106.
))
(/usr/share/texlive/texmf-dist/tex/latex/amsmath/amsmath.sty
Package: amsmath 2020/01/20 v2.17e AMS math features
\@mathmargin=\skip50

For additional information on amsmath, use the `?' option.
(/usr/share/texlive/texmf-dist/tex/latex/amsmath/amstext.sty
Package: amstext 2000/06/29 v2.01 AMS text

(/usr/share/texlive/texmf-dist/tex/latex/amsmath/amsgen.sty
File: amsgen.sty 1999/11/30 v2.0 generic functions
\@emptytoks=\toks17
\ex@=\dimen134
)
LaTeX Info: Redefining \text on input line 28.
)
(/usr/share/texlive/texmf-dist/tex/latex/amsmath/amsbsy.sty
Package: amsbsy 1999/11/29 v1.2d Bold Symbols
\pmbraise@=\dimen135
)
(/usr/share/texlive/texmf-dist/tex/latex/amsmath/amsopn.sty
Package: amsopn 2016/03/08 v2.02 operator names
)
\inf@bad=\count182
LaTeX Info: Redefining \frac on input line 227.
\uproot@=\count183
\leftroot@=\count184
LaTeX Info: Redefining \overline on input line 389.
\classnum@=\count185
\DOTSCASE@=\count186
LaTeX Info: Redefining \ldots on input line 486.
LaTeX Info: Redefining \dots on input line 489.
LaTeX Info: Redefining \cdots on input line 610.
\Mathstrutbox@=\box60
\strutbox@=\box61
\big@size=\dimen136
LaTeX Font Info:    Redeclaring font encoding OML on input line 733.
LaTeX Font Info:    Redeclaring font encoding OMS on input line 734.
\macc@depth=\count187
\c@MaxMatrixCols=\count188
\dotsspace@=\muskip16
\c@parentequation=\count189
\dspbrk@lvl=\count190
\tag@help=\toks18
\row@=\count191
\column@=\count192
\maxfields@=\count193
\andhelp@=\toks19
\eqnshift@=\dimen137
\alignsep@=\dimen138
\tagshift@=\dimen139
\tagwidth@=\dimen140
\totwidth@=\dimen141
\lineht@=\dimen142
\@envbody=\toks20
\multlinegap=\skip51
\multlinetaggap=\skip52
\mathdisplay@stack=\toks21
LaTeX Info: Redefining \[ on input line 2859.
LaTeX Info: Redefining \] on input line 2860.
)
(/usr/share/texlive/texmf-dist/tex/latex/url/url.sty
\Urlmuskip=\muskip17
Package: url 2013/09/16  ver 3.4  Verb mode for urls, etc.
)
(/usr/share/texlive/texmf-dist/tex/latex/natbib/natbib.sty
Package: natbib 2010/09/13 8.31b (PWD, AO)
\bibhang=\skip53
\bibsep=\skip54
LaTeX Info: Redefining \cite on input line 694.
\c@NAT@ctr=\count194
)
Class revtex4-1 Info: Repairing natbib's \BibitemShut on input line 7623.
 (./revsymb4-1.sty
Package: revsymb4-1 2010/07/25/20:33:00 4.1r (http://publish.aps.org/revtex4/ f
or documentation)
LaTeX Info: Redefining \frak on input line 95.
LaTeX Info: Redefining \Bbb on input line 111.
LaTeX Info: Redefining \REV@mathfrak on input line 119.
)) (/usr/share/texlive/texmf-dist/tex/generic/ulem/ulem.sty
\UL@box=\box62
\UL@hyphenbox=\box63
\UL@skip=\skip55
\UL@hook=\toks22
\UL@height=\dimen143
\UL@pe=\count195
\UL@pixel=\dimen144
\ULC@box=\box64
Package: ulem 2019/11/18
\ULdepth=\dimen145
)
(/usr/share/texlive/texmf-dist/tex/latex/graphics/graphicx.sty
Package: graphicx 2019/11/30 v1.2a Enhanced LaTeX Graphics (DPC,SPQR)

(/usr/share/texlive/texmf-dist/tex/latex/graphics/keyval.sty
Package: keyval 2014/10/28 v1.15 key=value parser (DPC)
\KV@toks@=\toks23
)
(/usr/share/texlive/texmf-dist/tex/latex/graphics/graphics.sty
Package: graphics 2019/11/30 v1.4a Standard LaTeX Graphics (DPC,SPQR)

(/usr/share/texlive/texmf-dist/tex/latex/graphics/trig.sty
Package: trig 2016/01/03 v1.10 sin cos tan (DPC)
)
(/usr/share/texlive/texmf-dist/tex/latex/graphics-cfg/graphics.cfg
File: graphics.cfg 2016/06/04 v1.11 sample graphics configuration
)
Package graphics Info: Driver file: pdftex.def on input line 105.

(/usr/share/texlive/texmf-dist/tex/latex/graphics-def/pdftex.def
File: pdftex.def 2018/01/08 v1.0l Graphics/color driver for pdftex
))
\Gin@req@height=\dimen146
\Gin@req@width=\dimen147
)
(/usr/share/texlive/texmf-dist/tex/latex/tools/dcolumn.sty
Package: dcolumn 2014/10/28 v1.06 decimal alignment package (DPC)

(/usr/share/texlive/texmf-dist/tex/latex/tools/array.sty
Package: array 2019/08/31 v2.4l Tabular extension package (FMi)
\col@sep=\dimen148
\ar@mcellbox=\box65
\extrarowheight=\dimen149
\NC@list=\toks24
\extratabsurround=\skip56
\backup@length=\skip57
\ar@cellbox=\box66
))
(/usr/share/texlive/texmf-dist/tex/latex/tools/bm.sty
Package: bm 2019/07/24 v1.2d Bold Symbol Support (DPC/FMi)
\symboldoperators=\mathgroup6
\symboldletters=\mathgroup7
\symboldsymbols=\mathgroup8
LaTeX Font Info:    Redeclaring math alphabet \mathbf on input line 141.
LaTeX Info: Redefining \bm on input line 209.
)
(/usr/share/texlive/texmf-dist/tex/latex/base/inputenc.sty
Package: inputenc 2018/08/11 v1.3c Input encoding file
\inpenc@prehook=\toks25
\inpenc@posthook=\toks26
)
(/usr/share/texlive/texmf-dist/tex/latex/base/fontenc.sty
Package: fontenc 2020/02/11 v2.0o Standard LaTeX package
)
(/usr/share/texlive/texmf-dist/tex/latex/psnfss/mathptmx.sty
Package: mathptmx 2005/04/12 PSNFSS-v9.2a Times w/ Math, improved (SPQR, WaS) 
LaTeX Font Info:    Redeclaring symbol font `operators' on input line 28.
LaTeX Font Info:    Overwriting symbol font `operators' in version `normal'
(Font)                  OT1/cmr/m/n --> OT1/ztmcm/m/n on input line 28.
LaTeX Font Info:    Overwriting symbol font `operators' in version `bold'
(Font)                  OT1/cmr/bx/n --> OT1/ztmcm/m/n on input line 28.
LaTeX Font Info:    Redeclaring symbol font `letters' on input line 29.
LaTeX Font Info:    Overwriting symbol font `letters' in version `normal'
(Font)                  OML/cmm/m/it --> OML/ztmcm/m/it on input line 29.
LaTeX Font Info:    Overwriting symbol font `letters' in version `bold'
(Font)                  OML/cmm/b/it --> OML/ztmcm/m/it on input line 29.
LaTeX Font Info:    Redeclaring symbol font `symbols' on input line 30.
LaTeX Font Info:    Overwriting symbol font `symbols' in version `normal'
(Font)                  OMS/cmsy/m/n --> OMS/ztmcm/m/n on input line 30.
LaTeX Font Info:    Overwriting symbol font `symbols' in version `bold'
(Font)                  OMS/cmsy/b/n --> OMS/ztmcm/m/n on input line 30.
LaTeX Font Info:    Redeclaring symbol font `largesymbols' on input line 31.
LaTeX Font Info:    Overwriting symbol font `largesymbols' in version `normal'
(Font)                  OMX/cmex/m/n --> OMX/ztmcm/m/n on input line 31.
LaTeX Font Info:    Overwriting symbol font `largesymbols' in version `bold'
(Font)                  OMX/cmex/m/n --> OMX/ztmcm/m/n on input line 31.
\symbold=\mathgroup9
\symitalic=\mathgroup10
LaTeX Font Info:    Redeclaring math alphabet \mathbf on input line 34.
LaTeX Font Info:    Redeclaring math alphabet \mathit on input line 35.
LaTeX Font Info:    Overwriting math alphabet `\mathit' in version `normal'
(Font)                  OT1/cmr/m/it --> OT1/ptm/m/it on input line 35.
LaTeX Font Info:    Overwriting math alphabet `\mathit' in version `bold'
(Font)                  OT1/cmr/bx/it --> OT1/ptm/m/it on input line 35.
LaTeX Info: Redefining \hbar on input line 50.
)
(/usr/share/texlive/texmf-dist/tex/latex/etoolbox/etoolbox.sty
Package: etoolbox 2019/09/21 v2.5h e-TeX tools for LaTeX (JAW)
\etb@tempcnta=\count196
)
(/usr/share/texlive/texmf-dist/tex/latex/mathtools/mathtools.sty
Package: mathtools 2020/01/17 v1.23 mathematical typesetting tools

(/usr/share/texlive/texmf-dist/tex/latex/tools/calc.sty
Package: calc 2017/05/25 v4.3 Infix arithmetic (KKT,FJ)
\calc@Acount=\count197
\calc@Bcount=\count198
\calc@Adimen=\dimen150
\calc@Bdimen=\dimen151
\calc@Askip=\skip58
\calc@Bskip=\skip59
LaTeX Info: Redefining \setlength on input line 80.
LaTeX Info: Redefining \addtolength on input line 81.
\calc@Ccount=\count199
\calc@Cskip=\skip60
)
(/usr/share/texlive/texmf-dist/tex/latex/mathtools/mhsetup.sty
Package: mhsetup 2017/03/31 v1.3 programming setup (MH)
)
LaTeX Info: Thecontrolsequence`\('isalreadyrobust on input line 129.
LaTeX Info: Thecontrolsequence`\)'isalreadyrobust on input line 129.
LaTeX Info: Thecontrolsequence`\['isalreadyrobust on input line 129.
LaTeX Info: Thecontrolsequence`\]'isalreadyrobust on input line 129.
\g_MT_multlinerow_int=\count266
\l_MT_multwidth_dim=\dimen152
\origjot=\skip61
\l_MT_shortvdotswithinadjustabove_dim=\dimen153
\l_MT_shortvdotswithinadjustbelow_dim=\dimen154
\l_MT_above_intertext_sep=\dimen155
\l_MT_below_intertext_sep=\dimen156
\l_MT_above_shortintertext_sep=\dimen157
\l_MT_below_shortintertext_sep=\dimen158
)
(/usr/share/texlive/texmf-dist/tex/latex/overpic/overpic.sty
Package: overpic 2018/09/02 1.2 picture overlays (RN)

(/usr/share/texlive/texmf-dist/tex/latex/eepic/epic.sty
Enhancements to Picture Environment. Version 1.2 - Released June 1, 1986
\@@multicnt=\count267
\d@lta=\count268
\@delta=\dimen159
\@@delta=\dimen160
\@gridcnt=\count269
\@joinkind=\count270
\@dotgap=\dimen161
\@ddotgap=\dimen162
\@x@diff=\count271
\@y@diff=\count272
\x@diff=\dimen163
\y@diff=\dimen164
\@dotbox=\box67
\num@segments=\count273
\num@segmentsi=\count274
\@datafile=\read2
)
\OVP@box=\box68
) (/usr/share/texlive/texmf-dist/tex/latex/xcolor/xcolor.sty
Package: xcolor 2016/05/11 v2.12 LaTeX color extensions (UK)

(/usr/share/texlive/texmf-dist/tex/latex/graphics-cfg/color.cfg
File: color.cfg 2016/01/02 v1.6 sample color configuration
)
Package xcolor Info: Driver file: pdftex.def on input line 225.
Package xcolor Info: Model `cmy' substituted by `cmy0' on input line 1348.
Package xcolor Info: Model `hsb' substituted by `rgb' on input line 1352.
Package xcolor Info: Model `RGB' extended on input line 1364.
Package xcolor Info: Model `HTML' substituted by `rgb' on input line 1366.
Package xcolor Info: Model `Hsb' substituted by `hsb' on input line 1367.
Package xcolor Info: Model `tHsb' substituted by `hsb' on input line 1368.
Package xcolor Info: Model `HSB' substituted by `hsb' on input line 1369.
Package xcolor Info: Model `Gray' substituted by `gray' on input line 1370.
Package xcolor Info: Model `wave' substituted by `hsb' on input line 1371.
)
(/usr/share/texlive/texmf-dist/tex/latex/varwidth/varwidth.sty
Package: varwidth 2009/03/30 ver 0.92;  Variable-width minipages
\@vwid@box=\box69
\sift@deathcycles=\count275
\@vwid@loff=\dimen165
\@vwid@roff=\dimen166
)
(/usr/share/texlive/texmf-dist/tex/latex/pgf/frontendlayer/tikz.sty
(/usr/share/texlive/texmf-dist/tex/latex/pgf/basiclayer/pgf.sty
(/usr/share/texlive/texmf-dist/tex/latex/pgf/utilities/pgfrcs.sty
(/usr/share/texlive/texmf-dist/tex/generic/pgf/utilities/pgfutil-common.tex
\pgfutil@everybye=\toks27
\pgfutil@tempdima=\dimen167
\pgfutil@tempdimb=\dimen168

(/usr/share/texlive/texmf-dist/tex/generic/pgf/utilities/pgfutil-common-lists.t
ex)) (/usr/share/texlive/texmf-dist/tex/generic/pgf/utilities/pgfutil-latex.def
\pgfutil@abb=\box70
(/usr/share/texlive/texmf-dist/tex/latex/ms/everyshi.sty
Package: everyshi 2001/05/15 v3.00 EveryShipout Package (MS)
))
(/usr/share/texlive/texmf-dist/tex/generic/pgf/utilities/pgfrcs.code.tex
(/usr/share/texlive/texmf-dist/tex/generic/pgf/pgf.revision.tex)
Package: pgfrcs 2020/01/08 v3.1.5b (3.1.5b)
))
Package: pgf 2020/01/08 v3.1.5b (3.1.5b)

(/usr/share/texlive/texmf-dist/tex/latex/pgf/basiclayer/pgfcore.sty
(/usr/share/texlive/texmf-dist/tex/latex/pgf/systemlayer/pgfsys.sty
(/usr/share/texlive/texmf-dist/tex/generic/pgf/systemlayer/pgfsys.code.tex
Package: pgfsys 2020/01/08 v3.1.5b (3.1.5b)

(/usr/share/texlive/texmf-dist/tex/generic/pgf/utilities/pgfkeys.code.tex
\pgfkeys@pathtoks=\toks28
\pgfkeys@temptoks=\toks29

(/usr/share/texlive/texmf-dist/tex/generic/pgf/utilities/pgfkeysfiltered.code.t
ex
\pgfkeys@tmptoks=\toks30
))
\pgf@x=\dimen169
\pgf@y=\dimen170
\pgf@xa=\dimen171
\pgf@ya=\dimen172
\pgf@xb=\dimen173
\pgf@yb=\dimen174
\pgf@xc=\dimen175
\pgf@yc=\dimen176
\pgf@xd=\dimen177
\pgf@yd=\dimen178
\w@pgf@writea=\write4
\r@pgf@reada=\read3
\c@pgf@counta=\count276
\c@pgf@countb=\count277
\c@pgf@countc=\count278
\c@pgf@countd=\count279
\t@pgf@toka=\toks31
\t@pgf@tokb=\toks32
\t@pgf@tokc=\toks33
\pgf@sys@id@count=\count280
 (/usr/share/texlive/texmf-dist/tex/generic/pgf/systemlayer/pgf.cfg
File: pgf.cfg 2020/01/08 v3.1.5b (3.1.5b)
)
Driver file for pgf: pgfsys-pdftex.def

(/usr/share/texlive/texmf-dist/tex/generic/pgf/systemlayer/pgfsys-pdftex.def
File: pgfsys-pdftex.def 2020/01/08 v3.1.5b (3.1.5b)

(/usr/share/texlive/texmf-dist/tex/generic/pgf/systemlayer/pgfsys-common-pdf.de
f
File: pgfsys-common-pdf.def 2020/01/08 v3.1.5b (3.1.5b)
)))
(/usr/share/texlive/texmf-dist/tex/generic/pgf/systemlayer/pgfsyssoftpath.code.
tex
File: pgfsyssoftpath.code.tex 2020/01/08 v3.1.5b (3.1.5b)
\pgfsyssoftpath@smallbuffer@items=\count281
\pgfsyssoftpath@bigbuffer@items=\count282
)
(/usr/share/texlive/texmf-dist/tex/generic/pgf/systemlayer/pgfsysprotocol.code.
tex
File: pgfsysprotocol.code.tex 2020/01/08 v3.1.5b (3.1.5b)
))
(/usr/share/texlive/texmf-dist/tex/generic/pgf/basiclayer/pgfcore.code.tex
Package: pgfcore 2020/01/08 v3.1.5b (3.1.5b)

(/usr/share/texlive/texmf-dist/tex/generic/pgf/math/pgfmath.code.tex
(/usr/share/texlive/texmf-dist/tex/generic/pgf/math/pgfmathcalc.code.tex
(/usr/share/texlive/texmf-dist/tex/generic/pgf/math/pgfmathutil.code.tex)
(/usr/share/texlive/texmf-dist/tex/generic/pgf/math/pgfmathparser.code.tex
\pgfmath@dimen=\dimen179
\pgfmath@count=\count283
\pgfmath@box=\box71
\pgfmath@toks=\toks34
\pgfmath@stack@operand=\toks35
\pgfmath@stack@operation=\toks36
)
(/usr/share/texlive/texmf-dist/tex/generic/pgf/math/pgfmathfunctions.code.tex
(/usr/share/texlive/texmf-dist/tex/generic/pgf/math/pgfmathfunctions.basic.code
.tex)
(/usr/share/texlive/texmf-dist/tex/generic/pgf/math/pgfmathfunctions.trigonomet
ric.code.tex)
(/usr/share/texlive/texmf-dist/tex/generic/pgf/math/pgfmathfunctions.random.cod
e.tex)
(/usr/share/texlive/texmf-dist/tex/generic/pgf/math/pgfmathfunctions.comparison
.code.tex)
(/usr/share/texlive/texmf-dist/tex/generic/pgf/math/pgfmathfunctions.base.code.
tex)
(/usr/share/texlive/texmf-dist/tex/generic/pgf/math/pgfmathfunctions.round.code
.tex)
(/usr/share/texlive/texmf-dist/tex/generic/pgf/math/pgfmathfunctions.misc.code.
tex)
(/usr/share/texlive/texmf-dist/tex/generic/pgf/math/pgfmathfunctions.integerari
thmetics.code.tex)))
(/usr/share/texlive/texmf-dist/tex/generic/pgf/math/pgfmathfloat.code.tex
\c@pgfmathroundto@lastzeros=\count284
))
(/usr/share/texlive/texmf-dist/tex/generic/pgf/math/pgfint.code.tex)
(/usr/share/texlive/texmf-dist/tex/generic/pgf/basiclayer/pgfcorepoints.code.te
x
File: pgfcorepoints.code.tex 2020/01/08 v3.1.5b (3.1.5b)
\pgf@picminx=\dimen180
\pgf@picmaxx=\dimen181
\pgf@picminy=\dimen182
\pgf@picmaxy=\dimen183
\pgf@pathminx=\dimen184
\pgf@pathmaxx=\dimen185
\pgf@pathminy=\dimen186
\pgf@pathmaxy=\dimen187
\pgf@xx=\dimen188
\pgf@xy=\dimen189
\pgf@yx=\dimen190
\pgf@yy=\dimen191
\pgf@zx=\dimen192
\pgf@zy=\dimen193
)
(/usr/share/texlive/texmf-dist/tex/generic/pgf/basiclayer/pgfcorepathconstruct.
code.tex
File: pgfcorepathconstruct.code.tex 2020/01/08 v3.1.5b (3.1.5b)
\pgf@path@lastx=\dimen194
\pgf@path@lasty=\dimen195
)
(/usr/share/texlive/texmf-dist/tex/generic/pgf/basiclayer/pgfcorepathusage.code
.tex
File: pgfcorepathusage.code.tex 2020/01/08 v3.1.5b (3.1.5b)
\pgf@shorten@end@additional=\dimen196
\pgf@shorten@start@additional=\dimen197
)
(/usr/share/texlive/texmf-dist/tex/generic/pgf/basiclayer/pgfcorescopes.code.te
x
File: pgfcorescopes.code.tex 2020/01/08 v3.1.5b (3.1.5b)
\pgfpic=\box72
\pgf@hbox=\box73
\pgf@layerbox@main=\box74
\pgf@picture@serial@count=\count285
)
(/usr/share/texlive/texmf-dist/tex/generic/pgf/basiclayer/pgfcoregraphicstate.c
ode.tex
File: pgfcoregraphicstate.code.tex 2020/01/08 v3.1.5b (3.1.5b)
\pgflinewidth=\dimen198
)
(/usr/share/texlive/texmf-dist/tex/generic/pgf/basiclayer/pgfcoretransformation
s.code.tex
File: pgfcoretransformations.code.tex 2020/01/08 v3.1.5b (3.1.5b)
\pgf@pt@x=\dimen199
\pgf@pt@y=\dimen256
\pgf@pt@temp=\dimen257
)
(/usr/share/texlive/texmf-dist/tex/generic/pgf/basiclayer/pgfcorequick.code.tex
File: pgfcorequick.code.tex 2020/01/08 v3.1.5b (3.1.5b)
)
(/usr/share/texlive/texmf-dist/tex/generic/pgf/basiclayer/pgfcoreobjects.code.t
ex
File: pgfcoreobjects.code.tex 2020/01/08 v3.1.5b (3.1.5b)
)
(/usr/share/texlive/texmf-dist/tex/generic/pgf/basiclayer/pgfcorepathprocessing
.code.tex
File: pgfcorepathprocessing.code.tex 2020/01/08 v3.1.5b (3.1.5b)
)
(/usr/share/texlive/texmf-dist/tex/generic/pgf/basiclayer/pgfcorearrows.code.te
x
File: pgfcorearrows.code.tex 2020/01/08 v3.1.5b (3.1.5b)
\pgfarrowsep=\dimen258
)
(/usr/share/texlive/texmf-dist/tex/generic/pgf/basiclayer/pgfcoreshade.code.tex
File: pgfcoreshade.code.tex 2020/01/08 v3.1.5b (3.1.5b)
\pgf@max=\dimen259
\pgf@sys@shading@range@num=\count286
\pgf@shadingcount=\count287
)
(/usr/share/texlive/texmf-dist/tex/generic/pgf/basiclayer/pgfcoreimage.code.tex
File: pgfcoreimage.code.tex 2020/01/08 v3.1.5b (3.1.5b)

(/usr/share/texlive/texmf-dist/tex/generic/pgf/basiclayer/pgfcoreexternal.code.
tex
File: pgfcoreexternal.code.tex 2020/01/08 v3.1.5b (3.1.5b)
\pgfexternal@startupbox=\box75
))
(/usr/share/texlive/texmf-dist/tex/generic/pgf/basiclayer/pgfcorelayers.code.te
x
File: pgfcorelayers.code.tex 2020/01/08 v3.1.5b (3.1.5b)
)
(/usr/share/texlive/texmf-dist/tex/generic/pgf/basiclayer/pgfcoretransparency.c
ode.tex
File: pgfcoretransparency.code.tex 2020/01/08 v3.1.5b (3.1.5b)
)
(/usr/share/texlive/texmf-dist/tex/generic/pgf/basiclayer/pgfcorepatterns.code.
tex
File: pgfcorepatterns.code.tex 2020/01/08 v3.1.5b (3.1.5b)
)
(/usr/share/texlive/texmf-dist/tex/generic/pgf/basiclayer/pgfcorerdf.code.tex
File: pgfcorerdf.code.tex 2020/01/08 v3.1.5b (3.1.5b)
)))
(/usr/share/texlive/texmf-dist/tex/generic/pgf/modules/pgfmoduleshapes.code.tex
File: pgfmoduleshapes.code.tex 2020/01/08 v3.1.5b (3.1.5b)
\pgfnodeparttextbox=\box76
) (/usr/share/texlive/texmf-dist/tex/generic/pgf/modules/pgfmoduleplot.code.tex
File: pgfmoduleplot.code.tex 2020/01/08 v3.1.5b (3.1.5b)
)
(/usr/share/texlive/texmf-dist/tex/latex/pgf/compatibility/pgfcomp-version-0-65
.sty
Package: pgfcomp-version-0-65 2020/01/08 v3.1.5b (3.1.5b)
\pgf@nodesepstart=\dimen260
\pgf@nodesepend=\dimen261
)
(/usr/share/texlive/texmf-dist/tex/latex/pgf/compatibility/pgfcomp-version-1-18
.sty
Package: pgfcomp-version-1-18 2020/01/08 v3.1.5b (3.1.5b)
)) (/usr/share/texlive/texmf-dist/tex/latex/pgf/utilities/pgffor.sty
(/usr/share/texlive/texmf-dist/tex/latex/pgf/utilities/pgfkeys.sty
(/usr/share/texlive/texmf-dist/tex/generic/pgf/utilities/pgfkeys.code.tex))
(/usr/share/texlive/texmf-dist/tex/latex/pgf/math/pgfmath.sty
(/usr/share/texlive/texmf-dist/tex/generic/pgf/math/pgfmath.code.tex))
(/usr/share/texlive/texmf-dist/tex/generic/pgf/utilities/pgffor.code.tex
Package: pgffor 2020/01/08 v3.1.5b (3.1.5b)

(/usr/share/texlive/texmf-dist/tex/generic/pgf/math/pgfmath.code.tex)
\pgffor@iter=\dimen262
\pgffor@skip=\dimen263
\pgffor@stack=\toks37
\pgffor@toks=\toks38
))
(/usr/share/texlive/texmf-dist/tex/generic/pgf/frontendlayer/tikz/tikz.code.tex
Package: tikz 2020/01/08 v3.1.5b (3.1.5b)

(/usr/share/texlive/texmf-dist/tex/generic/pgf/libraries/pgflibraryplothandlers
.code.tex
File: pgflibraryplothandlers.code.tex 2020/01/08 v3.1.5b (3.1.5b)
\pgf@plot@mark@count=\count288
\pgfplotmarksize=\dimen264
)
\tikz@lastx=\dimen265
\tikz@lasty=\dimen266
\tikz@lastxsaved=\dimen267
\tikz@lastysaved=\dimen268
\tikz@lastmovetox=\dimen269
\tikz@lastmovetoy=\dimen270
\tikzleveldistance=\dimen271
\tikzsiblingdistance=\dimen272
\tikz@figbox=\box77
\tikz@figbox@bg=\box78
\tikz@tempbox=\box79
\tikz@tempbox@bg=\box80
\tikztreelevel=\count289
\tikznumberofchildren=\count290
\tikznumberofcurrentchild=\count291
\tikz@fig@count=\count292

(/usr/share/texlive/texmf-dist/tex/generic/pgf/modules/pgfmodulematrix.code.tex
File: pgfmodulematrix.code.tex 2020/01/08 v3.1.5b (3.1.5b)
\pgfmatrixcurrentrow=\count293
\pgfmatrixcurrentcolumn=\count294
\pgf@matrix@numberofcolumns=\count295
)
\tikz@expandcount=\count296

(/usr/share/texlive/texmf-dist/tex/generic/pgf/frontendlayer/tikz/libraries/tik
zlibrarytopaths.code.tex
File: tikzlibrarytopaths.code.tex 2020/01/08 v3.1.5b (3.1.5b)
)))
(/usr/share/texlive/texmf-dist/tex/latex/setspace/setspace.sty
Package: setspace 2011/12/19 v6.7a set line spacing
)
(/usr/share/texlive/texmf-dist/tex/latex/lineno/lineno.sty
Package: lineno 2005/11/02 line numbers on paragraphs v4.41
\linenopenalty=\count297
\output=\toks39
\linenoprevgraf=\count298
\linenumbersep=\dimen273
\linenumberwidth=\dimen274
\c@linenumber=\count299
\c@pagewiselinenumber=\count300
\c@LN@truepage=\count301
\c@internallinenumber=\count302
\c@internallinenumbers=\count303
\quotelinenumbersep=\dimen275
\bframerule=\dimen276
\bframesep=\dimen277
\bframebox=\box81
LaTeX Info: Redefining \\ on input line 3056.
)
Class revtex4-1 Info: Unrecognized array package. Please update this document c
lass! (Proceeding with fingers crossed.) on input line 78.
Class revtex4-1 Info: cite was not loaded (OK!) on input line 78.
Class revtex4-1 Info: mcite was not loaded (OK!) on input line 78.
Class revtex4-1 Info: multicol was not loaded (OK!) on input line 78.

(/usr/share/texlive/texmf-dist/tex/latex/l3backend/l3backend-pdfmode.def
File: l3backend-pdfmode.def 2020-02-03 L3 backend support: PDF mode
\l__kernel_color_stack_int=\count304
\l__pdf_internal_box=\box82
)
(./aipsamp_revision_1.aux)
\openout1 = `aipsamp_revision_1.aux'.

LaTeX Font Info:    Checking defaults for OML/cmm/m/it on input line 78.
LaTeX Font Info:    ... okay on input line 78.
LaTeX Font Info:    Checking defaults for OMS/cmsy/m/n on input line 78.
LaTeX Font Info:    ... okay on input line 78.
LaTeX Font Info:    Checking defaults for OT1/cmr/m/n on input line 78.
LaTeX Font Info:    ... okay on input line 78.
LaTeX Font Info:    Checking defaults for T1/cmr/m/n on input line 78.
LaTeX Font Info:    ... okay on input line 78.
LaTeX Font Info:    Checking defaults for TS1/cmr/m/n on input line 78.
LaTeX Font Info:    ... okay on input line 78.
LaTeX Font Info:    Checking defaults for OMX/cmex/m/n on input line 78.
LaTeX Font Info:    ... okay on input line 78.
LaTeX Font Info:    Checking defaults for U/cmr/m/n on input line 78.
LaTeX Font Info:    ... okay on input line 78.
LaTeX Font Info:    Trying to load font information for T1+ptm on input line 78
.

(/usr/share/texlive/texmf-dist/tex/latex/psnfss/t1ptm.fd
File: t1ptm.fd 2001/06/04 font definitions for T1/ptm.
)
(/usr/share/texlive/texmf-dist/tex/context/base/mkii/supp-pdf.mkii
[Loading MPS to PDF converter (version 2006.09.02).]
\scratchcounter=\count305
\scratchdimen=\dimen278
\scratchbox=\box83
\nofMPsegments=\count306
\nofMParguments=\count307
\everyMPshowfont=\toks40
\MPscratchCnt=\count308
\MPscratchDim=\dimen279
\MPnumerator=\count309
\makeMPintoPDFobject=\count310
\everyMPtoPDFconversion=\toks41
) (/usr/share/texlive/texmf-dist/tex/latex/epstopdf-pkg/epstopdf-base.sty
Package: epstopdf-base 2020-01-24 v2.11 Base part for package epstopdf
Package epstopdf-base Info: Redefining graphics rule for `.eps' on input line 4
85.

(/usr/share/texlive/texmf-dist/tex/latex/latexconfig/epstopdf-sys.cfg
File: epstopdf-sys.cfg 2010/07/13 v1.3 Configuration of (r)epstopdf for TeX Liv
e
))
ABD: EveryShipout initializing macros
Class revtex4-1 Info: Overriding lineo.sty, restoring output routine, on input 
line 78.
Class revtex4-1 Info: Line numbering not turned on yet on input line 78.
\openout3 = `aipsamp_revision_1Notes.bib'.

Class revtex4-1 Info: Overriding \@LN@LLerror on input line 78.
LaTeX Font Info:    Trying to load font information for OT1+ztmcm on input line
 105.

(/usr/share/texlive/texmf-dist/tex/latex/psnfss/ot1ztmcm.fd
File: ot1ztmcm.fd 2000/01/03 Fontinst v1.801 font definitions for OT1/ztmcm.
)
LaTeX Font Info:    Trying to load font information for OML+ztmcm on input line
 105.

(/usr/share/texlive/texmf-dist/tex/latex/psnfss/omlztmcm.fd
File: omlztmcm.fd 2000/01/03 Fontinst v1.801 font definitions for OML/ztmcm.
)
LaTeX Font Info:    Trying to load font information for OMS+ztmcm on input line
 105.

(/usr/share/texlive/texmf-dist/tex/latex/psnfss/omsztmcm.fd
File: omsztmcm.fd 2000/01/03 Fontinst v1.801 font definitions for OMS/ztmcm.
)
LaTeX Font Info:    Trying to load font information for OMX+ztmcm on input line
 105.

(/usr/share/texlive/texmf-dist/tex/latex/psnfss/omxztmcm.fd
File: omxztmcm.fd 2000/01/03 Fontinst v1.801 font definitions for OMX/ztmcm.
)
LaTeX Font Info:    Trying to load font information for OT1+ptm on input line 1
05.

(/usr/share/texlive/texmf-dist/tex/latex/psnfss/ot1ptm.fd
File: ot1ptm.fd 2001/06/04 font definitions for OT1/ptm.
)
LaTeX Font Info:    Font shape `OT1/ptm/bx/n' in size <10> not available
(Font)              Font shape `OT1/ptm/b/n' tried instead on input line 105.
LaTeX Font Info:    Font shape `OT1/ptm/bx/n' in size <7.4> not available
(Font)              Font shape `OT1/ptm/b/n' tried instead on input line 105.
LaTeX Font Info:    Font shape `OT1/ptm/bx/n' in size <6> not available
(Font)              Font shape `OT1/ptm/b/n' tried instead on input line 105.
LaTeX Font Info:    Trying to load font information for T1+cmss on input line 1
08.

(/usr/share/texlive/texmf-dist/tex/latex/base/t1cmss.fd
File: t1cmss.fd 2019/12/16 v2.5j Standard LaTeX font definitions
)
LaTeX Font Info:    Font shape `OT1/ptm/bx/n' in size <9> not available
(Font)              Font shape `OT1/ptm/b/n' tried instead on input line 108.
LaTeX Font Info:    Font shape `OT1/ptm/bx/n' in size <7> not available
(Font)              Font shape `OT1/ptm/b/n' tried instead on input line 108.
LaTeX Font Info:    Font shape `OT1/ptm/bx/n' in size <5> not available
(Font)              Font shape `OT1/ptm/b/n' tried instead on input line 108.
 [1{/var/lib/texmf/fonts/map/pdftex/updmap/pdftex.map}]
<Figures/Schematic-02.png, id=17, 1255.5708pt x 618.6312pt>
File: Figures/Schematic-02.png Graphic file (type png)
<use Figures/Schematic-02.png>
Package pdftex.def Info: Figures/Schematic-02.png  used on input line 122.
(pdftex.def)             Requested size: 246.0pt x 121.20369pt.


Package amsmath Warning: Foreign command \over;
(amsmath)                \frac or \genfrac should be used instead
(amsmath)                 on input line 142.

[2 <./Figures/Schematic-02.png>]
<Figures/def_shape3.png, id=29, 609.77812pt x 451.6875pt>
File: Figures/def_shape3.png Graphic file (type png)
<use Figures/def_shape3.png>
Package pdftex.def Info: Figures/def_shape3.png  used on input line 153.
(pdftex.def)             Requested size: 123.0pt x 91.10782pt.
<Figures/gap_sig_4S_5S_5E_6D_6F.png, id=30, 620.98666pt x 479.12334pt>
File: Figures/gap_sig_4S_5S_5E_6D_6F.png Graphic file (type png)
<use Figures/gap_sig_4S_5S_5E_6D_6F.png>
Package pdftex.def Info: Figures/gap_sig_4S_5S_5E_6D_6F.png  used on input line
 157.
(pdftex.def)             Requested size: 120.54135pt x 93.00099pt.
<Figures/vort_S_2500.png, id=31, 716.6775pt x 525.46312pt>
File: Figures/vort_S_2500.png Graphic file (type png)
<use Figures/vort_S_2500.png>
Package pdftex.def Info: Figures/vort_S_2500.png  used on input line 175.
(pdftex.def)             Requested size: 252.44751pt x 185.09348pt.
<Figures/scalar_S_2500.png, id=32, 714.41907pt x 523.9575pt>
File: Figures/scalar_S_2500.png Graphic file (type png)
<use Figures/scalar_S_2500.png>
Package pdftex.def Info: Figures/scalar_S_2500.png  used on input line 178.
(pdftex.def)             Requested size: 252.44751pt x 185.14676pt.
<Figures/legend_vortex.png, id=33, 693.34032pt x 75.28125pt>
File: Figures/legend_vortex.png Graphic file (type png)
<use Figures/legend_vortex.png>
Package pdftex.def Info: Figures/legend_vortex.png  used on input line 185.
(pdftex.def)             Requested size: 113.6006pt x 12.33356pt.
<Figures/legend_scalar.png, id=34, 691.08188pt x 75.28125pt>
File: Figures/legend_scalar.png Graphic file (type png)
<use Figures/legend_scalar.png>
Package pdftex.def Info: Figures/legend_scalar.png  used on input line 186.
(pdftex.def)             Requested size: 113.6006pt x 12.37376pt.
 [3 <./Figures/def_shape3.png> <./Figures/gap_sig_4S_5S_5E_6D_6F.png (PNG copy)
>]
<Figures/MI_S_8h_ico.png, id=40, 642.4pt x 478.23111pt>
File: Figures/MI_S_8h_ico.png Graphic file (type png)
<use Figures/MI_S_8h_ico.png>
Package pdftex.def Info: Figures/MI_S_8h_ico.png  used on input line 212.
(pdftex.def)             Requested size: 214.19907pt x 167.62419pt.
<Figures/HL_S_ico.png, id=42, 633.47778pt x 484.47667pt>
File: Figures/HL_S_ico.png Graphic file (type png)
<use Figures/HL_S_ico.png>
Package pdftex.def Info: Figures/HL_S_ico.png  used on input line 215.
(pdftex.def)             Requested size: 209.10187pt x 168.23132pt.
 [4 <./Figures/vort_S_2500.png> <./Figures/Scalar_S_2500.png> <./Figures/legend
_vortex.png> <./Figures/legend_scalar.png>]
<Figures/vort_4_2500.png, id=51, 718.18312pt x 606.76688pt>
File: Figures/vort_4_2500.png Graphic file (type png)
<use Figures/vort_4_2500.png>
Package pdftex.def Info: Figures/vort_4_2500.png  used on input line 232.
(pdftex.def)             Requested size: 252.44751pt x 213.27892pt.
<Figures/scalar_4_2500.png, id=52, 712.91344pt x 603.75563pt>
File: Figures/scalar_4_2500.png Graphic file (type png)
<use Figures/scalar_4_2500.png>
Package pdftex.def Info: Figures/scalar_4_2500.png  used on input line 235.
(pdftex.def)             Requested size: 252.44751pt x 213.78659pt.
File: Figures/legend_vortex.png Graphic file (type png)
<use Figures/legend_vortex.png>
Package pdftex.def Info: Figures/legend_vortex.png  used on input line 245.
(pdftex.def)             Requested size: 113.6006pt x 12.33356pt.
File: Figures/legend_scalar.png Graphic file (type png)
<use Figures/legend_scalar.png>
Package pdftex.def Info: Figures/legend_scalar.png  used on input line 246.
(pdftex.def)             Requested size: 113.6006pt x 12.37376pt.
<Figures/MI_5_ico.png, id=53, 651.32222pt x 471.98555pt>
File: Figures/MI_5_ico.png Graphic file (type png)
<use Figures/MI_5_ico.png>
Package pdftex.def Info: Figures/MI_5_ico.png  used on input line 268.
(pdftex.def)             Requested size: 224.40125pt x 170.0443pt.
<Figures/HL_5_ico.png, id=55, 642.4pt x 478.23111pt>
File: Figures/HL_5_ico.png Graphic file (type png)
<use Figures/HL_5_ico.png>
Package pdftex.def Info: Figures/HL_5_ico.png  used on input line 271.
(pdftex.def)             Requested size: 219.29626pt x 170.82037pt.

[5 <./Figures/MI_S_8h_ico.png (PNG copy)> <./Figures/HL_S_ico.png (PNG copy)>]
[6 <./Figures/vort_4_2500.png> <./Figures/Scalar_4_2500.png>]
<Figures/MI_8h_HL.png, id=67, 624.55556pt x 490.72223pt>
File: Figures/MI_8h_HL.png Graphic file (type png)
<use Figures/MI_8h_HL.png>
Package pdftex.def Info: Figures/MI_8h_HL.png  used on input line 297.
(pdftex.def)             Requested size: 224.40125pt x 176.31543pt.
<Figures/CoP_8h.png, id=68, 624.55556pt x 490.72223pt>
File: Figures/CoP_8h.png Graphic file (type png)
<use Figures/CoP_8h.png>
Package pdftex.def Info: Figures/CoP_8h.png  used on input line 301.
(pdftex.def)             Requested size: 224.40125pt x 176.31543pt.
 [7 <./Figures/MI_5_ico.png (PNG copy)> <./Figures/HL_5_ico.png (PNG copy)>] [8
 <./Figures/MI_8h_HL.png> <./Figures/Cop_8h.png (PNG copy)>] (./aipsamp_revisio
n_1.bbl
LaTeX Font Info:    Font shape `OT1/ptm/bx/n' in size <8> not available
(Font)              Font shape `OT1/ptm/b/n' tried instead on input line 9.
 [9]
[10]
Underfull \hbox (badness 1558) in paragraph at lines 688--695
 []\T1/ptm/m/n/8 A. K. Slone, K. Per-i-cleous, C. Bai-ley,  and M. Cross, ``Dy-
namic
 []

) [11]
<blank.png, id=88, 169.5936pt x 126.2316pt>
File: blank.png Graphic file (type png)
<use blank.png>
Package pdftex.def Info: blank.png  used on input line 404.
(pdftex.def)             Requested size: 45.89813pt x 34.16194pt.
<Figures/1S1D3S3D5S5D_Umag.png, id=89, 1149.5447pt x 596.98032pt>
File: Figures/1S1D3S3D5S5D_Umag.png Graphic file (type png)
<use Figures/1S1D3S3D5S5D_Umag.png>
Package pdftex.def Info: Figures/1S1D3S3D5S5D_Umag.png  used on input line 407.

(pdftex.def)             Requested size: 229.49844pt x 119.17532pt.
<Figures/leg_U.png, id=90, 266.49562pt x 23.33719pt>
File: Figures/leg_U.png Graphic file (type png)
<use Figures/leg_U.png>
Package pdftex.def Info: Figures/leg_U.png  used on input line 415.
(pdftex.def)             Requested size: 103.27359pt x 9.04376pt.
<Figures/leg_Q.png, id=91, 266.49562pt x 23.33719pt>
File: Figures/leg_Q.png Graphic file (type png)
<use Figures/leg_Q.png>
Package pdftex.def Info: Figures/leg_Q.png  used on input line 416.
(pdftex.def)             Requested size: 103.27359pt x 9.04376pt.
<Figures/1S1D3S3D5S5D_Q.png, id=92, 1149.5447pt x 596.98032pt>
File: Figures/1S1D3S3D5S5D_Q.png Graphic file (type png)
<use Figures/1S1D3S3D5S5D_Q.png>
Package pdftex.def Info: Figures/1S1D3S3D5S5D_Q.png  used on input line 428.
(pdftex.def)             Requested size: 229.49844pt x 119.17532pt.
File: blank.png Graphic file (type png)
<use blank.png>
Package pdftex.def Info: blank.png  used on input line 435.
(pdftex.def)             Requested size: 45.89813pt x 34.16194pt.
<velpro/1S_parabolic_velpro.png, id=93, 1398.1836pt x 240.9pt>
File: velpro/1S_parabolic_velpro.png Graphic file (type png)
<use velpro/1S_parabolic_velpro.png>
Package pdftex.def Info: velpro/1S_parabolic_velpro.png  used on input line 438
.
(pdftex.def)             Requested size: 229.49844pt x 39.54092pt.
<velpro/4S_parabolic_velpro.png, id=94, 1398.1836pt x 240.9pt>
File: velpro/4S_parabolic_velpro.png Graphic file (type png)
<use velpro/4S_parabolic_velpro.png>
Package pdftex.def Info: velpro/4S_parabolic_velpro.png  used on input line 439
.
(pdftex.def)             Requested size: 229.49844pt x 39.54092pt.
<velpro/1D_velpro.png, id=95, 1398.1836pt x 240.9pt>
File: velpro/1D_velpro.png Graphic file (type png)
<use velpro/1D_velpro.png>
Package pdftex.def Info: velpro/1D_velpro.png  used on input line 440.
(pdftex.def)             Requested size: 229.49844pt x 39.54092pt.
<velpro/4D_velpro.png, id=96, 1398.1836pt x 240.9pt>
File: velpro/4D_velpro.png Graphic file (type png)
<use velpro/4D_velpro.png>
Package pdftex.def Info: velpro/4D_velpro.png  used on input line 441.
(pdftex.def)             Requested size: 229.49844pt x 39.54092pt.
<midline/1S_midline_parabolic.png, id=97, 1398.1836pt x 188.3838pt>
File: midline/1S_midline_parabolic.png Graphic file (type png)
<use midline/1S_midline_parabolic.png>
Package pdftex.def Info: midline/1S_midline_parabolic.png  used on input line 4
44.
(pdftex.def)             Requested size: 229.4956pt x 40.11653pt.
<midline/1D_midline.png, id=98, 1394.811pt x 188.3838pt>
File: midline/1D_midline.png Graphic file (type png)
<use midline/1D_midline.png>
Package pdftex.def Info: midline/1D_midline.png  used on input line 445.
(pdftex.def)             Requested size: 229.49539pt x 40.11653pt.
<midline/4S_midline_parabolic.png, id=99, 1398.1836pt x 188.3838pt>
File: midline/4S_midline_parabolic.png Graphic file (type png)
<use midline/4S_midline_parabolic.png>
Package pdftex.def Info: midline/4S_midline_parabolic.png  used on input line 4
46.
(pdftex.def)             Requested size: 229.4956pt x 40.11653pt.
<midline/4D_midline.png, id=100, 1394.811pt x 188.3838pt>
File: midline/4D_midline.png Graphic file (type png)
<use midline/4D_midline.png>
Package pdftex.def Info: midline/4D_midline.png  used on input line 447.
(pdftex.def)             Requested size: 229.49539pt x 40.11653pt.
<Figures/MI_8h_HL_1.png, id=101, 615.63333pt x 490.72223pt>
File: Figures/MI_8h_HL_1.png Graphic file (type png)
<use Figures/MI_8h_HL_1.png>
Package pdftex.def Info: Figures/MI_8h_HL_1.png  used on input line 463.
(pdftex.def)             Requested size: 153.00156pt x 124.84422pt.
<Figures/MI_8h_HL_2.png, id=103, 615.63333pt x 490.72223pt>
File: Figures/MI_8h_HL_2.png Graphic file (type png)
<use Figures/MI_8h_HL_2.png>
Package pdftex.def Info: Figures/MI_8h_HL_2.png  used on input line 466.
(pdftex.def)             Requested size: 153.00156pt x 124.84422pt.
<Figures/MI_8h_HL_3.png, id=105, 615.63333pt x 490.72223pt>
File: Figures/MI_8h_HL_3.png Graphic file (type png)
<use Figures/MI_8h_HL_3.png>
Package pdftex.def Info: Figures/MI_8h_HL_3.png  used on input line 469.
(pdftex.def)             Requested size: 153.00156pt x 124.84422pt.
<Figures/MI_8h_HL_4.png, id=107, 615.63333pt x 490.72223pt>
File: Figures/MI_8h_HL_4.png Graphic file (type png)
<use Figures/MI_8h_HL_4.png>
Package pdftex.def Info: Figures/MI_8h_HL_4.png  used on input line 472.
(pdftex.def)             Requested size: 153.00156pt x 124.84422pt.
<Figures/MI_8h_HL_5.png, id=109, 615.63333pt x 490.72223pt>
File: Figures/MI_8h_HL_5.png Graphic file (type png)
<use Figures/MI_8h_HL_5.png>
Package pdftex.def Info: Figures/MI_8h_HL_5.png  used on input line 475.
(pdftex.def)             Requested size: 153.00156pt x 124.84422pt.
<Figures/MI_8h_HL_6.png, id=111, 615.63333pt x 490.72223pt>
File: Figures/MI_8h_HL_6.png Graphic file (type png)
<use Figures/MI_8h_HL_6.png>
Package pdftex.def Info: Figures/MI_8h_HL_6.png  used on input line 478.
(pdftex.def)             Requested size: 153.00156pt x 124.84422pt.
 [12 <./blank.png> <./Figures/1S1D3S3D5S5D_Umag.png> <./Figures/leg_U.png> <./F
igures/leg_Q.png> <./Figures/1S1D3S3D5S5D_Q.png> <./velpro/1S_parabolic_velpro.
png (PNG copy)> <./velpro/4S_parabolic_velpro.png (PNG copy)> <./velpro/1D_velp
ro.png (PNG copy)> <./velpro/4D_velpro.png (PNG copy)> <./midline/1S_midline_pa
rabolic.png> <./midline/1D_midline.png> <./midline/4S_midline_parabolic.png> <.
/midline/4D_midline.png>] [13 <./Figures/MI_8h_HL_1.png> <./Figures/MI_8h_HL_2.
png> <./Figures/MI_8h_HL_3.png> <./Figures/MI_8h_HL_4.png> <./Figures/MI_8h_HL_
5.png> <./Figures/MI_8h_HL_6.png>] (./aipsamp_revision_1.aux) ) 
Here is how much of TeX's memory you used:
 17059 strings out of 483107
 311269 string characters out of 5964630
 549531 words of memory out of 5000000
 31674 multiletter control sequences out of 15000+600000
 604483 words of font info for 155 fonts, out of 8000000 for 9000
 59 hyphenation exceptions out of 8191
 60i,13n,60p,2261b,406s stack positions out of 5000i,500n,10000p,200000b,80000s
{/usr/share/texl
ive/texmf-dist/fonts/enc/dvips/base/8r.enc} </home/magcyan/.texlive2019/texmf-v
ar/fonts/pk/ljfour/jknappen/ec/ecsx0900.600pk> </home/magcyan/.texlive2019/texm
f-var/fonts/pk/ljfour/jknappen/ec/ecss0700.600pk> </home/magcyan/.texlive2019/t
exmf-var/fonts/pk/ljfour/jknappen/ec/ecss1000.600pk> </home/magcyan/.texlive201
9/texmf-var/fonts/pk/ljfour/jknappen/ec/ecsx1440.600pk></usr/share/texlive/texm
f-dist/fonts/type1/public/amsfonts/cm/cmex10.pfb></usr/share/texlive/texmf-dist
/fonts/type1/public/amsfonts/cm/cmmi10.pfb></usr/share/texlive/texmf-dist/fonts
/type1/public/amsfonts/cm/cmmib10.pfb></usr/share/texlive/texmf-dist/fonts/type
1/public/amsfonts/cm/cmr10.pfb></usr/share/texlive/texmf-dist/fonts/type1/publi
c/amsfonts/cm/cmsy10.pfb></usr/share/texlive/texmf-dist/fonts/type1/public/rsfs
/rsfs10.pfb></usr/share/texlive/texmf-dist/fonts/type1/urw/symbol/usyr.pfb></us
r/share/texlive/texmf-dist/fonts/type1/urw/symbol/usyr.pfb></usr/share/texlive/
texmf-dist/fonts/type1/urw/times/utmb8a.pfb></usr/share/texlive/texmf-dist/font
s/type1/urw/times/utmr8a.pfb></usr/share/texlive/texmf-dist/fonts/type1/urw/tim
es/utmri8a.pfb>
Output written on aipsamp_revision_1.pdf (13 pages, 3625824 bytes).
PDF statistics:
 260 PDF objects out of 1000 (max. 8388607)
 95 compressed objects within 1 object stream
 0 named destinations out of 1000 (max. 500000)
 243 words of extra memory for PDF output out of 10000 (max. 10000000)

