This is pdfTeX, Version 3.14159265-2.6-1.40.20 (TeX Live 2019/Debian) (preloaded format=pdflatex 2023.9.13)  6 JAN 2024 22:44
entering extended mode
 restricted \write18 enabled.
 %&-line parsing enabled.
**diff.tex
(./diff.tex
LaTeX2e <2020-02-02> patch level 2
L3 programming layer <2020-02-14> (./revtex4-1.cls
Document Class: revtex4-1 2020/09/30 4.1s (http://publish.aps.org/revtex4/ for 
documentation)
 Copyright (c) 2009 The American Physical Society.
 mailto:revtex@aps.org
 Licensed under the LPPL:
http://www.ctan.org/tex-archive/macros/latex/base/lppl.txt
 Arthur Ogawa <arthur_ogawa at sbcglobal dot net>
 Based on work by David Carlisle <david at dcarlisle.demon.co.uk>.
ltxutil[2020/09/30 4.1s utilities package (portions licensed from W. E. Baxter 
web at superscript.com)]
LaTeX Info: Redefining \@centercr on input line 346.
Class revtex4-1 Info: Repairing broken LaTeX eqnarray on input line 396.
\eqncolsep=\skip47
Class revtex4-1 Info: Repairing hyperref-unfriendly LaTeX definition of \mpfoot
note on input line 471.
Class revtex4-1 Info: Repairing broken LateX \@sect on input line 793.
\intertabularlinepenalty=\count167
\@tbpen=\count168
\@arstrutbox@hline=\box45
Class revtex4-1 Info: Repairing broken LaTeX \@xbitor on input line 1824.
Class revtex4-1 Info: Making \typeout \long on input line 2089.
ltxfront[2020/09/30 4.1s frontmatter package (AO,DPC)]
\c@affil=\count169
\c@collab=\count170
\absbox=\box46
ltxgrid[2020/09/30 4.1s page grid package (portions licensed from W. E. Baxter 
web at superscript.com)]
\c@linecount=\count171
\output@latex=\toks14
\box@size@1=\box47
\box@size@2=\box48
\@protection@box=\box49
\@topmark@saved=\toks15
\footins@saved=\box50
\footins@recovered=\box51
\column@recovered=\box52
\pagesofar=\box53
\footsofar=\box54
\pagegrid@col=\count172
Class revtex4-1 Info: Overriding \@vspace, \@vspacer, \@no@pgbk, \@newline, and
 \\  on input line 5655.
\c@part=\count173
\c@section=\count174
\c@subsection=\count175
\c@subsubsection=\count176
\c@paragraph=\count177
\c@subparagraph=\count178
\abovecaptionskip=\skip48
\belowcaptionskip=\skip49
\c@figure=\count179
\fbox@1=\box55
\c@table=\count180
\fbox@2=\box56
\c@video=\count181
\fbox@4=\box57
\@bibdataout=\write3
\widetext@top=\box58
\widetext@bot=\box59
Class revtex4-1 Info: Selecting society aip on input line 7616.
(./aip4-1.rtx
File: aip4-1.rtx 2010/07/25 4.1r AIP substyle for REVTeX
Class revtex4-1 Info: RevTeX society AIP selected on input line 75.
)

Class revtex4-1 Warning: No journal specified, using default cha.

Using journal substyle cha.
Class revtex4-1 Info: Reading file aps10pt4-1.rtx on input line 7621.
(/usr/share/texlive/texmf-dist/tex/latex/revtex/aps10pt4-1.rtx
File: aps10pt4-1 2010/07/25/20:33:00 4.1r (http://publish.aps.org/revtex4/ for 
documentation)
Class revtex4-1 Info: RevTeX pointsize 10pt selected on input line 30.
)
Class revtex4-1 Info: Overriding 10pt on input line 7621.

(/usr/share/texlive/texmf-dist/tex/latex/textcase/textcase.sty
Package: textcase 2019/09/14 v1.00 Text only upper/lower case changing (DPC)
)
(/usr/share/texlive/texmf-dist/tex/latex/amsfonts/amssymb.sty
Package: amssymb 2013/01/14 v3.01 AMS font symbols

(/usr/share/texlive/texmf-dist/tex/latex/amsfonts/amsfonts.sty
Package: amsfonts 2013/01/14 v3.01 Basic AMSFonts support
\@emptytoks=\toks16
\symAMSa=\mathgroup4
\symAMSb=\mathgroup5
LaTeX Font Info:    Redeclaring math symbol \hbar on input line 98.
LaTeX Font Info:    Overwriting math alphabet `\mathfrak' in version `bold'
(Font)                  U/euf/m/n --> U/euf/b/n on input line 106.
))
(/usr/share/texlive/texmf-dist/tex/latex/amsmath/amsmath.sty
Package: amsmath 2020/01/20 v2.17e AMS math features
\@mathmargin=\skip50

For additional information on amsmath, use the `?' option.
(/usr/share/texlive/texmf-dist/tex/latex/amsmath/amstext.sty
Package: amstext 2000/06/29 v2.01 AMS text

(/usr/share/texlive/texmf-dist/tex/latex/amsmath/amsgen.sty
File: amsgen.sty 1999/11/30 v2.0 generic functions
\@emptytoks=\toks17
\ex@=\dimen134
)
LaTeX Info: Redefining \text on input line 28.
)
(/usr/share/texlive/texmf-dist/tex/latex/amsmath/amsbsy.sty
Package: amsbsy 1999/11/29 v1.2d Bold Symbols
\pmbraise@=\dimen135
)
(/usr/share/texlive/texmf-dist/tex/latex/amsmath/amsopn.sty
Package: amsopn 2016/03/08 v2.02 operator names
)
\inf@bad=\count182
LaTeX Info: Redefining \frac on input line 227.
\uproot@=\count183
\leftroot@=\count184
LaTeX Info: Redefining \overline on input line 389.
\classnum@=\count185
\DOTSCASE@=\count186
LaTeX Info: Redefining \ldots on input line 486.
LaTeX Info: Redefining \dots on input line 489.
LaTeX Info: Redefining \cdots on input line 610.
\Mathstrutbox@=\box60
\strutbox@=\box61
\big@size=\dimen136
LaTeX Font Info:    Redeclaring font encoding OML on input line 733.
LaTeX Font Info:    Redeclaring font encoding OMS on input line 734.
\macc@depth=\count187
\c@MaxMatrixCols=\count188
\dotsspace@=\muskip16
\c@parentequation=\count189
\dspbrk@lvl=\count190
\tag@help=\toks18
\row@=\count191
\column@=\count192
\maxfields@=\count193
\andhelp@=\toks19
\eqnshift@=\dimen137
\alignsep@=\dimen138
\tagshift@=\dimen139
\tagwidth@=\dimen140
\totwidth@=\dimen141
\lineht@=\dimen142
\@envbody=\toks20
\multlinegap=\skip51
\multlinetaggap=\skip52
\mathdisplay@stack=\toks21
LaTeX Info: Redefining \[ on input line 2859.
LaTeX Info: Redefining \] on input line 2860.
)
(/usr/share/texlive/texmf-dist/tex/latex/url/url.sty
\Urlmuskip=\muskip17
Package: url 2013/09/16  ver 3.4  Verb mode for urls, etc.
)
(/usr/share/texlive/texmf-dist/tex/latex/natbib/natbib.sty
Package: natbib 2010/09/13 8.31b (PWD, AO)
\bibhang=\skip53
\bibsep=\skip54
LaTeX Info: Redefining \cite on input line 694.
\c@NAT@ctr=\count194
)
Class revtex4-1 Info: Repairing natbib's \BibitemShut on input line 7623.
 (./revsymb4-1.sty
Package: revsymb4-1 2010/07/25/20:33:00 4.1r (http://publish.aps.org/revtex4/ f
or documentation)
LaTeX Info: Redefining \frak on input line 95.
LaTeX Info: Redefining \Bbb on input line 111.
LaTeX Info: Redefining \REV@mathfrak on input line 119.
)) (/usr/share/texlive/texmf-dist/tex/generic/ulem/ulem.sty
\UL@box=\box62
\UL@hyphenbox=\box63
\UL@skip=\skip55
\UL@hook=\toks22
\UL@height=\dimen143
\UL@pe=\count195
\UL@pixel=\dimen144
\ULC@box=\box64
Package: ulem 2019/11/18
\ULdepth=\dimen145
)
(/usr/share/texlive/texmf-dist/tex/latex/graphics/graphicx.sty
Package: graphicx 2019/11/30 v1.2a Enhanced LaTeX Graphics (DPC,SPQR)

(/usr/share/texlive/texmf-dist/tex/latex/graphics/keyval.sty
Package: keyval 2014/10/28 v1.15 key=value parser (DPC)
\KV@toks@=\toks23
)
(/usr/share/texlive/texmf-dist/tex/latex/graphics/graphics.sty
Package: graphics 2019/11/30 v1.4a Standard LaTeX Graphics (DPC,SPQR)

(/usr/share/texlive/texmf-dist/tex/latex/graphics/trig.sty
Package: trig 2016/01/03 v1.10 sin cos tan (DPC)
)
(/usr/share/texlive/texmf-dist/tex/latex/graphics-cfg/graphics.cfg
File: graphics.cfg 2016/06/04 v1.11 sample graphics configuration
)
Package graphics Info: Driver file: pdftex.def on input line 105.

(/usr/share/texlive/texmf-dist/tex/latex/graphics-def/pdftex.def
File: pdftex.def 2018/01/08 v1.0l Graphics/color driver for pdftex
))
\Gin@req@height=\dimen146
\Gin@req@width=\dimen147
)
(/usr/share/texlive/texmf-dist/tex/latex/tools/dcolumn.sty
Package: dcolumn 2014/10/28 v1.06 decimal alignment package (DPC)

(/usr/share/texlive/texmf-dist/tex/latex/tools/array.sty
Package: array 2019/08/31 v2.4l Tabular extension package (FMi)
\col@sep=\dimen148
\ar@mcellbox=\box65
\extrarowheight=\dimen149
\NC@list=\toks24
\extratabsurround=\skip56
\backup@length=\skip57
\ar@cellbox=\box66
))
(/usr/share/texlive/texmf-dist/tex/latex/tools/bm.sty
Package: bm 2019/07/24 v1.2d Bold Symbol Support (DPC/FMi)
\symboldoperators=\mathgroup6
\symboldletters=\mathgroup7
\symboldsymbols=\mathgroup8
LaTeX Font Info:    Redeclaring math alphabet \mathbf on input line 141.
LaTeX Info: Redefining \bm on input line 209.
)
(/usr/share/texlive/texmf-dist/tex/latex/base/inputenc.sty
Package: inputenc 2018/08/11 v1.3c Input encoding file
\inpenc@prehook=\toks25
\inpenc@posthook=\toks26
)
(/usr/share/texlive/texmf-dist/tex/latex/base/fontenc.sty
Package: fontenc 2020/02/11 v2.0o Standard LaTeX package
)
(/usr/share/texlive/texmf-dist/tex/latex/psnfss/mathptmx.sty
Package: mathptmx 2005/04/12 PSNFSS-v9.2a Times w/ Math, improved (SPQR, WaS) 
LaTeX Font Info:    Redeclaring symbol font `operators' on input line 28.
LaTeX Font Info:    Overwriting symbol font `operators' in version `normal'
(Font)                  OT1/cmr/m/n --> OT1/ztmcm/m/n on input line 28.
LaTeX Font Info:    Overwriting symbol font `operators' in version `bold'
(Font)                  OT1/cmr/bx/n --> OT1/ztmcm/m/n on input line 28.
LaTeX Font Info:    Redeclaring symbol font `letters' on input line 29.
LaTeX Font Info:    Overwriting symbol font `letters' in version `normal'
(Font)                  OML/cmm/m/it --> OML/ztmcm/m/it on input line 29.
LaTeX Font Info:    Overwriting symbol font `letters' in version `bold'
(Font)                  OML/cmm/b/it --> OML/ztmcm/m/it on input line 29.
LaTeX Font Info:    Redeclaring symbol font `symbols' on input line 30.
LaTeX Font Info:    Overwriting symbol font `symbols' in version `normal'
(Font)                  OMS/cmsy/m/n --> OMS/ztmcm/m/n on input line 30.
LaTeX Font Info:    Overwriting symbol font `symbols' in version `bold'
(Font)                  OMS/cmsy/b/n --> OMS/ztmcm/m/n on input line 30.
LaTeX Font Info:    Redeclaring symbol font `largesymbols' on input line 31.
LaTeX Font Info:    Overwriting symbol font `largesymbols' in version `normal'
(Font)                  OMX/cmex/m/n --> OMX/ztmcm/m/n on input line 31.
LaTeX Font Info:    Overwriting symbol font `largesymbols' in version `bold'
(Font)                  OMX/cmex/m/n --> OMX/ztmcm/m/n on input line 31.
\symbold=\mathgroup9
\symitalic=\mathgroup10
LaTeX Font Info:    Redeclaring math alphabet \mathbf on input line 34.
LaTeX Font Info:    Redeclaring math alphabet \mathit on input line 35.
LaTeX Font Info:    Overwriting math alphabet `\mathit' in version `normal'
(Font)                  OT1/cmr/m/it --> OT1/ptm/m/it on input line 35.
LaTeX Font Info:    Overwriting math alphabet `\mathit' in version `bold'
(Font)                  OT1/cmr/bx/it --> OT1/ptm/m/it on input line 35.
LaTeX Info: Redefining \hbar on input line 50.
)
(/usr/share/texlive/texmf-dist/tex/latex/etoolbox/etoolbox.sty
Package: etoolbox 2019/09/21 v2.5h e-TeX tools for LaTeX (JAW)
\etb@tempcnta=\count196
)
(/usr/share/texlive/texmf-dist/tex/latex/mathtools/mathtools.sty
Package: mathtools 2020/01/17 v1.23 mathematical typesetting tools

(/usr/share/texlive/texmf-dist/tex/latex/tools/calc.sty
Package: calc 2017/05/25 v4.3 Infix arithmetic (KKT,FJ)
\calc@Acount=\count197
\calc@Bcount=\count198
\calc@Adimen=\dimen150
\calc@Bdimen=\dimen151
\calc@Askip=\skip58
\calc@Bskip=\skip59
LaTeX Info: Redefining \setlength on input line 80.
LaTeX Info: Redefining \addtolength on input line 81.
\calc@Ccount=\count199
\calc@Cskip=\skip60
)
(/usr/share/texlive/texmf-dist/tex/latex/mathtools/mhsetup.sty
Package: mhsetup 2017/03/31 v1.3 programming setup (MH)
)
LaTeX Info: Thecontrolsequence`\('isalreadyrobust on input line 129.
LaTeX Info: Thecontrolsequence`\)'isalreadyrobust on input line 129.
LaTeX Info: Thecontrolsequence`\['isalreadyrobust on input line 129.
LaTeX Info: Thecontrolsequence`\]'isalreadyrobust on input line 129.
\g_MT_multlinerow_int=\count266
\l_MT_multwidth_dim=\dimen152
\origjot=\skip61
\l_MT_shortvdotswithinadjustabove_dim=\dimen153
\l_MT_shortvdotswithinadjustbelow_dim=\dimen154
\l_MT_above_intertext_sep=\dimen155
\l_MT_below_intertext_sep=\dimen156
\l_MT_above_shortintertext_sep=\dimen157
\l_MT_below_shortintertext_sep=\dimen158
)
(/usr/share/texlive/texmf-dist/tex/latex/overpic/overpic.sty
Package: overpic 2018/09/02 1.2 picture overlays (RN)

(/usr/share/texlive/texmf-dist/tex/latex/eepic/epic.sty
Enhancements to Picture Environment. Version 1.2 - Released June 1, 1986
\@@multicnt=\count267
\d@lta=\count268
\@delta=\dimen159
\@@delta=\dimen160
\@gridcnt=\count269
\@joinkind=\count270
\@dotgap=\dimen161
\@ddotgap=\dimen162
\@x@diff=\count271
\@y@diff=\count272
\x@diff=\dimen163
\y@diff=\dimen164
\@dotbox=\box67
\num@segments=\count273
\num@segmentsi=\count274
\@datafile=\read2
)
\OVP@box=\box68
) (/usr/share/texlive/texmf-dist/tex/latex/xcolor/xcolor.sty
Package: xcolor 2016/05/11 v2.12 LaTeX color extensions (UK)

(/usr/share/texlive/texmf-dist/tex/latex/graphics-cfg/color.cfg
File: color.cfg 2016/01/02 v1.6 sample color configuration
)
Package xcolor Info: Driver file: pdftex.def on input line 225.
Package xcolor Info: Model `cmy' substituted by `cmy0' on input line 1348.
Package xcolor Info: Model `hsb' substituted by `rgb' on input line 1352.
Package xcolor Info: Model `RGB' extended on input line 1364.
Package xcolor Info: Model `HTML' substituted by `rgb' on input line 1366.
Package xcolor Info: Model `Hsb' substituted by `hsb' on input line 1367.
Package xcolor Info: Model `tHsb' substituted by `hsb' on input line 1368.
Package xcolor Info: Model `HSB' substituted by `hsb' on input line 1369.
Package xcolor Info: Model `Gray' substituted by `gray' on input line 1370.
Package xcolor Info: Model `wave' substituted by `hsb' on input line 1371.
)
(/usr/share/texlive/texmf-dist/tex/latex/varwidth/varwidth.sty
Package: varwidth 2009/03/30 ver 0.92;  Variable-width minipages
\@vwid@box=\box69
\sift@deathcycles=\count275
\@vwid@loff=\dimen165
\@vwid@roff=\dimen166
)
(/usr/share/texlive/texmf-dist/tex/latex/pgf/frontendlayer/tikz.sty
(/usr/share/texlive/texmf-dist/tex/latex/pgf/basiclayer/pgf.sty
(/usr/share/texlive/texmf-dist/tex/latex/pgf/utilities/pgfrcs.sty
(/usr/share/texlive/texmf-dist/tex/generic/pgf/utilities/pgfutil-common.tex
\pgfutil@everybye=\toks27
\pgfutil@tempdima=\dimen167
\pgfutil@tempdimb=\dimen168

(/usr/share/texlive/texmf-dist/tex/generic/pgf/utilities/pgfutil-common-lists.t
ex)) (/usr/share/texlive/texmf-dist/tex/generic/pgf/utilities/pgfutil-latex.def
\pgfutil@abb=\box70
(/usr/share/texlive/texmf-dist/tex/latex/ms/everyshi.sty
Package: everyshi 2001/05/15 v3.00 EveryShipout Package (MS)
))
(/usr/share/texlive/texmf-dist/tex/generic/pgf/utilities/pgfrcs.code.tex
(/usr/share/texlive/texmf-dist/tex/generic/pgf/pgf.revision.tex)
Package: pgfrcs 2020/01/08 v3.1.5b (3.1.5b)
))
Package: pgf 2020/01/08 v3.1.5b (3.1.5b)

(/usr/share/texlive/texmf-dist/tex/latex/pgf/basiclayer/pgfcore.sty
(/usr/share/texlive/texmf-dist/tex/latex/pgf/systemlayer/pgfsys.sty
(/usr/share/texlive/texmf-dist/tex/generic/pgf/systemlayer/pgfsys.code.tex
Package: pgfsys 2020/01/08 v3.1.5b (3.1.5b)

(/usr/share/texlive/texmf-dist/tex/generic/pgf/utilities/pgfkeys.code.tex
\pgfkeys@pathtoks=\toks28
\pgfkeys@temptoks=\toks29

(/usr/share/texlive/texmf-dist/tex/generic/pgf/utilities/pgfkeysfiltered.code.t
ex
\pgfkeys@tmptoks=\toks30
))
\pgf@x=\dimen169
\pgf@y=\dimen170
\pgf@xa=\dimen171
\pgf@ya=\dimen172
\pgf@xb=\dimen173
\pgf@yb=\dimen174
\pgf@xc=\dimen175
\pgf@yc=\dimen176
\pgf@xd=\dimen177
\pgf@yd=\dimen178
\w@pgf@writea=\write4
\r@pgf@reada=\read3
\c@pgf@counta=\count276
\c@pgf@countb=\count277
\c@pgf@countc=\count278
\c@pgf@countd=\count279
\t@pgf@toka=\toks31
\t@pgf@tokb=\toks32
\t@pgf@tokc=\toks33
\pgf@sys@id@count=\count280
 (/usr/share/texlive/texmf-dist/tex/generic/pgf/systemlayer/pgf.cfg
File: pgf.cfg 2020/01/08 v3.1.5b (3.1.5b)
)
Driver file for pgf: pgfsys-pdftex.def

(/usr/share/texlive/texmf-dist/tex/generic/pgf/systemlayer/pgfsys-pdftex.def
File: pgfsys-pdftex.def 2020/01/08 v3.1.5b (3.1.5b)

(/usr/share/texlive/texmf-dist/tex/generic/pgf/systemlayer/pgfsys-common-pdf.de
f
File: pgfsys-common-pdf.def 2020/01/08 v3.1.5b (3.1.5b)
)))
(/usr/share/texlive/texmf-dist/tex/generic/pgf/systemlayer/pgfsyssoftpath.code.
tex
File: pgfsyssoftpath.code.tex 2020/01/08 v3.1.5b (3.1.5b)
\pgfsyssoftpath@smallbuffer@items=\count281
\pgfsyssoftpath@bigbuffer@items=\count282
)
(/usr/share/texlive/texmf-dist/tex/generic/pgf/systemlayer/pgfsysprotocol.code.
tex
File: pgfsysprotocol.code.tex 2020/01/08 v3.1.5b (3.1.5b)
))
(/usr/share/texlive/texmf-dist/tex/generic/pgf/basiclayer/pgfcore.code.tex
Package: pgfcore 2020/01/08 v3.1.5b (3.1.5b)

(/usr/share/texlive/texmf-dist/tex/generic/pgf/math/pgfmath.code.tex
(/usr/share/texlive/texmf-dist/tex/generic/pgf/math/pgfmathcalc.code.tex
(/usr/share/texlive/texmf-dist/tex/generic/pgf/math/pgfmathutil.code.tex)
(/usr/share/texlive/texmf-dist/tex/generic/pgf/math/pgfmathparser.code.tex
\pgfmath@dimen=\dimen179
\pgfmath@count=\count283
\pgfmath@box=\box71
\pgfmath@toks=\toks34
\pgfmath@stack@operand=\toks35
\pgfmath@stack@operation=\toks36
)
(/usr/share/texlive/texmf-dist/tex/generic/pgf/math/pgfmathfunctions.code.tex
(/usr/share/texlive/texmf-dist/tex/generic/pgf/math/pgfmathfunctions.basic.code
.tex)
(/usr/share/texlive/texmf-dist/tex/generic/pgf/math/pgfmathfunctions.trigonomet
ric.code.tex)
(/usr/share/texlive/texmf-dist/tex/generic/pgf/math/pgfmathfunctions.random.cod
e.tex)
(/usr/share/texlive/texmf-dist/tex/generic/pgf/math/pgfmathfunctions.comparison
.code.tex)
(/usr/share/texlive/texmf-dist/tex/generic/pgf/math/pgfmathfunctions.base.code.
tex)
(/usr/share/texlive/texmf-dist/tex/generic/pgf/math/pgfmathfunctions.round.code
.tex)
(/usr/share/texlive/texmf-dist/tex/generic/pgf/math/pgfmathfunctions.misc.code.
tex)
(/usr/share/texlive/texmf-dist/tex/generic/pgf/math/pgfmathfunctions.integerari
thmetics.code.tex)))
(/usr/share/texlive/texmf-dist/tex/generic/pgf/math/pgfmathfloat.code.tex
\c@pgfmathroundto@lastzeros=\count284
))
(/usr/share/texlive/texmf-dist/tex/generic/pgf/math/pgfint.code.tex)
(/usr/share/texlive/texmf-dist/tex/generic/pgf/basiclayer/pgfcorepoints.code.te
x
File: pgfcorepoints.code.tex 2020/01/08 v3.1.5b (3.1.5b)
\pgf@picminx=\dimen180
\pgf@picmaxx=\dimen181
\pgf@picminy=\dimen182
\pgf@picmaxy=\dimen183
\pgf@pathminx=\dimen184
\pgf@pathmaxx=\dimen185
\pgf@pathminy=\dimen186
\pgf@pathmaxy=\dimen187
\pgf@xx=\dimen188
\pgf@xy=\dimen189
\pgf@yx=\dimen190
\pgf@yy=\dimen191
\pgf@zx=\dimen192
\pgf@zy=\dimen193
)
(/usr/share/texlive/texmf-dist/tex/generic/pgf/basiclayer/pgfcorepathconstruct.
code.tex
File: pgfcorepathconstruct.code.tex 2020/01/08 v3.1.5b (3.1.5b)
\pgf@path@lastx=\dimen194
\pgf@path@lasty=\dimen195
)
(/usr/share/texlive/texmf-dist/tex/generic/pgf/basiclayer/pgfcorepathusage.code
.tex
File: pgfcorepathusage.code.tex 2020/01/08 v3.1.5b (3.1.5b)
\pgf@shorten@end@additional=\dimen196
\pgf@shorten@start@additional=\dimen197
)
(/usr/share/texlive/texmf-dist/tex/generic/pgf/basiclayer/pgfcorescopes.code.te
x
File: pgfcorescopes.code.tex 2020/01/08 v3.1.5b (3.1.5b)
\pgfpic=\box72
\pgf@hbox=\box73
\pgf@layerbox@main=\box74
\pgf@picture@serial@count=\count285
)
(/usr/share/texlive/texmf-dist/tex/generic/pgf/basiclayer/pgfcoregraphicstate.c
ode.tex
File: pgfcoregraphicstate.code.tex 2020/01/08 v3.1.5b (3.1.5b)
\pgflinewidth=\dimen198
)
(/usr/share/texlive/texmf-dist/tex/generic/pgf/basiclayer/pgfcoretransformation
s.code.tex
File: pgfcoretransformations.code.tex 2020/01/08 v3.1.5b (3.1.5b)
\pgf@pt@x=\dimen199
\pgf@pt@y=\dimen256
\pgf@pt@temp=\dimen257
)
(/usr/share/texlive/texmf-dist/tex/generic/pgf/basiclayer/pgfcorequick.code.tex
File: pgfcorequick.code.tex 2020/01/08 v3.1.5b (3.1.5b)
)
(/usr/share/texlive/texmf-dist/tex/generic/pgf/basiclayer/pgfcoreobjects.code.t
ex
File: pgfcoreobjects.code.tex 2020/01/08 v3.1.5b (3.1.5b)
)
(/usr/share/texlive/texmf-dist/tex/generic/pgf/basiclayer/pgfcorepathprocessing
.code.tex
File: pgfcorepathprocessing.code.tex 2020/01/08 v3.1.5b (3.1.5b)
)
(/usr/share/texlive/texmf-dist/tex/generic/pgf/basiclayer/pgfcorearrows.code.te
x
File: pgfcorearrows.code.tex 2020/01/08 v3.1.5b (3.1.5b)
\pgfarrowsep=\dimen258
)
(/usr/share/texlive/texmf-dist/tex/generic/pgf/basiclayer/pgfcoreshade.code.tex
File: pgfcoreshade.code.tex 2020/01/08 v3.1.5b (3.1.5b)
\pgf@max=\dimen259
\pgf@sys@shading@range@num=\count286
\pgf@shadingcount=\count287
)
(/usr/share/texlive/texmf-dist/tex/generic/pgf/basiclayer/pgfcoreimage.code.tex
File: pgfcoreimage.code.tex 2020/01/08 v3.1.5b (3.1.5b)

(/usr/share/texlive/texmf-dist/tex/generic/pgf/basiclayer/pgfcoreexternal.code.
tex
File: pgfcoreexternal.code.tex 2020/01/08 v3.1.5b (3.1.5b)
\pgfexternal@startupbox=\box75
))
(/usr/share/texlive/texmf-dist/tex/generic/pgf/basiclayer/pgfcorelayers.code.te
x
File: pgfcorelayers.code.tex 2020/01/08 v3.1.5b (3.1.5b)
)
(/usr/share/texlive/texmf-dist/tex/generic/pgf/basiclayer/pgfcoretransparency.c
ode.tex
File: pgfcoretransparency.code.tex 2020/01/08 v3.1.5b (3.1.5b)
)
(/usr/share/texlive/texmf-dist/tex/generic/pgf/basiclayer/pgfcorepatterns.code.
tex
File: pgfcorepatterns.code.tex 2020/01/08 v3.1.5b (3.1.5b)
)
(/usr/share/texlive/texmf-dist/tex/generic/pgf/basiclayer/pgfcorerdf.code.tex
File: pgfcorerdf.code.tex 2020/01/08 v3.1.5b (3.1.5b)
)))
(/usr/share/texlive/texmf-dist/tex/generic/pgf/modules/pgfmoduleshapes.code.tex
File: pgfmoduleshapes.code.tex 2020/01/08 v3.1.5b (3.1.5b)
\pgfnodeparttextbox=\box76
) (/usr/share/texlive/texmf-dist/tex/generic/pgf/modules/pgfmoduleplot.code.tex
File: pgfmoduleplot.code.tex 2020/01/08 v3.1.5b (3.1.5b)
)
(/usr/share/texlive/texmf-dist/tex/latex/pgf/compatibility/pgfcomp-version-0-65
.sty
Package: pgfcomp-version-0-65 2020/01/08 v3.1.5b (3.1.5b)
\pgf@nodesepstart=\dimen260
\pgf@nodesepend=\dimen261
)
(/usr/share/texlive/texmf-dist/tex/latex/pgf/compatibility/pgfcomp-version-1-18
.sty
Package: pgfcomp-version-1-18 2020/01/08 v3.1.5b (3.1.5b)
)) (/usr/share/texlive/texmf-dist/tex/latex/pgf/utilities/pgffor.sty
(/usr/share/texlive/texmf-dist/tex/latex/pgf/utilities/pgfkeys.sty
(/usr/share/texlive/texmf-dist/tex/generic/pgf/utilities/pgfkeys.code.tex))
(/usr/share/texlive/texmf-dist/tex/latex/pgf/math/pgfmath.sty
(/usr/share/texlive/texmf-dist/tex/generic/pgf/math/pgfmath.code.tex))
(/usr/share/texlive/texmf-dist/tex/generic/pgf/utilities/pgffor.code.tex
Package: pgffor 2020/01/08 v3.1.5b (3.1.5b)

(/usr/share/texlive/texmf-dist/tex/generic/pgf/math/pgfmath.code.tex)
\pgffor@iter=\dimen262
\pgffor@skip=\dimen263
\pgffor@stack=\toks37
\pgffor@toks=\toks38
))
(/usr/share/texlive/texmf-dist/tex/generic/pgf/frontendlayer/tikz/tikz.code.tex
Package: tikz 2020/01/08 v3.1.5b (3.1.5b)

(/usr/share/texlive/texmf-dist/tex/generic/pgf/libraries/pgflibraryplothandlers
.code.tex
File: pgflibraryplothandlers.code.tex 2020/01/08 v3.1.5b (3.1.5b)
\pgf@plot@mark@count=\count288
\pgfplotmarksize=\dimen264
)
\tikz@lastx=\dimen265
\tikz@lasty=\dimen266
\tikz@lastxsaved=\dimen267
\tikz@lastysaved=\dimen268
\tikz@lastmovetox=\dimen269
\tikz@lastmovetoy=\dimen270
\tikzleveldistance=\dimen271
\tikzsiblingdistance=\dimen272
\tikz@figbox=\box77
\tikz@figbox@bg=\box78
\tikz@tempbox=\box79
\tikz@tempbox@bg=\box80
\tikztreelevel=\count289
\tikznumberofchildren=\count290
\tikznumberofcurrentchild=\count291
\tikz@fig@count=\count292

(/usr/share/texlive/texmf-dist/tex/generic/pgf/modules/pgfmodulematrix.code.tex
File: pgfmodulematrix.code.tex 2020/01/08 v3.1.5b (3.1.5b)
\pgfmatrixcurrentrow=\count293
\pgfmatrixcurrentcolumn=\count294
\pgf@matrix@numberofcolumns=\count295
)
\tikz@expandcount=\count296

(/usr/share/texlive/texmf-dist/tex/generic/pgf/frontendlayer/tikz/libraries/tik
zlibrarytopaths.code.tex
File: tikzlibrarytopaths.code.tex 2020/01/08 v3.1.5b (3.1.5b)
)))
(/usr/share/texlive/texmf-dist/tex/latex/setspace/setspace.sty
Package: setspace 2011/12/19 v6.7a set line spacing
)
(/usr/share/texlive/texmf-dist/tex/latex/lineno/lineno.sty
Package: lineno 2005/11/02 line numbers on paragraphs v4.41
\linenopenalty=\count297
\output=\toks39
\linenoprevgraf=\count298
\linenumbersep=\dimen273
\linenumberwidth=\dimen274
\c@linenumber=\count299
\c@pagewiselinenumber=\count300
\c@LN@truepage=\count301
\c@internallinenumber=\count302
\c@internallinenumbers=\count303
\quotelinenumbersep=\dimen275
\bframerule=\dimen276
\bframesep=\dimen277
\bframebox=\box81
LaTeX Info: Redefining \\ on input line 3056.
)
(/usr/share/texlive/texmf-dist/tex/latex/oberdiek/settobox.sty
Package: settobox 2016/05/16 v1.5 Assign box dimensions to length registers (HO
)
)
(/usr/share/texlive/texmf-dist/tex/latex/letltxmacro/letltxmacro.sty
Package: letltxmacro 2019/12/03 v1.6 Let assignment for LaTeX macros (HO)
)
\DIFdelgraphicsbox=\box82
\DIFdelgraphicswidth=\skip62
\DIFdelgraphicsheight=\skip63
LaTeX Info: Redefining \DIFaddbegin on input line 130.
LaTeX Info: Redefining \DIFaddend on input line 131.
LaTeX Info: Redefining \DIFdelbegin on input line 132.
LaTeX Info: Redefining \DIFdelend on input line 133.
LaTeX Info: Redefining \DIFaddbeginFL on input line 138.
LaTeX Info: Redefining \DIFaddendFL on input line 139.
LaTeX Info: Redefining \DIFdelbeginFL on input line 140.
LaTeX Info: Redefining \DIFdelendFL on input line 141.

(/usr/share/texlive/texmf-dist/tex/latex/listings/listings.sty
\lst@mode=\count304
\lst@gtempboxa=\box83
\lst@token=\toks40
\lst@length=\count305
\lst@currlwidth=\dimen278
\lst@column=\count306
\lst@pos=\count307
\lst@lostspace=\dimen279
\lst@width=\dimen280
\lst@newlines=\count308
\lst@lineno=\count309
\lst@maxwidth=\dimen281

(/usr/share/texlive/texmf-dist/tex/latex/listings/lstmisc.sty
File: lstmisc.sty 2019/09/10 1.8c (Carsten Heinz)
\c@lstnumber=\count310
\lst@skipnumbers=\count311
\lst@framebox=\box84
)
(/usr/share/texlive/texmf-dist/tex/latex/listings/listings.cfg
File: listings.cfg 2019/09/10 1.8c listings configuration
))
Package: listings 2019/09/10 1.8c (Carsten Heinz)
Class revtex4-1 Info: Unrecognized array package. Please update this document c
lass! (Proceeding with fingers crossed.) on input line 160.
Class revtex4-1 Info: cite was not loaded (OK!) on input line 160.
Class revtex4-1 Info: mcite was not loaded (OK!) on input line 160.
Class revtex4-1 Info: multicol was not loaded (OK!) on input line 160.

(/usr/share/texlive/texmf-dist/tex/latex/l3backend/l3backend-pdfmode.def
File: l3backend-pdfmode.def 2020-02-03 L3 backend support: PDF mode
\l__kernel_color_stack_int=\count312
\l__pdf_internal_box=\box85
)
(./diff.aux)
\openout1 = `diff.aux'.

LaTeX Font Info:    Checking defaults for OML/cmm/m/it on input line 160.
LaTeX Font Info:    ... okay on input line 160.
LaTeX Font Info:    Checking defaults for OMS/cmsy/m/n on input line 160.
LaTeX Font Info:    ... okay on input line 160.
LaTeX Font Info:    Checking defaults for OT1/cmr/m/n on input line 160.
LaTeX Font Info:    ... okay on input line 160.
LaTeX Font Info:    Checking defaults for T1/cmr/m/n on input line 160.
LaTeX Font Info:    ... okay on input line 160.
LaTeX Font Info:    Checking defaults for TS1/cmr/m/n on input line 160.
LaTeX Font Info:    ... okay on input line 160.
LaTeX Font Info:    Checking defaults for OMX/cmex/m/n on input line 160.
LaTeX Font Info:    ... okay on input line 160.
LaTeX Font Info:    Checking defaults for U/cmr/m/n on input line 160.
LaTeX Font Info:    ... okay on input line 160.
LaTeX Font Info:    Trying to load font information for T1+ptm on input line 16
0.
 (/usr/share/texlive/texmf-dist/tex/latex/psnfss/t1ptm.fd
File: t1ptm.fd 2001/06/04 font definitions for T1/ptm.
)
(/usr/share/texlive/texmf-dist/tex/context/base/mkii/supp-pdf.mkii
[Loading MPS to PDF converter (version 2006.09.02).]
\scratchcounter=\count313
\scratchdimen=\dimen282
\scratchbox=\box86
\nofMPsegments=\count314
\nofMParguments=\count315
\everyMPshowfont=\toks41
\MPscratchCnt=\count316
\MPscratchDim=\dimen283
\MPnumerator=\count317
\makeMPintoPDFobject=\count318
\everyMPtoPDFconversion=\toks42
) (/usr/share/texlive/texmf-dist/tex/latex/epstopdf-pkg/epstopdf-base.sty
Package: epstopdf-base 2020-01-24 v2.11 Base part for package epstopdf
Package epstopdf-base Info: Redefining graphics rule for `.eps' on input line 4
85.

(/usr/share/texlive/texmf-dist/tex/latex/latexconfig/epstopdf-sys.cfg
File: epstopdf-sys.cfg 2010/07/13 v1.3 Configuration of (r)epstopdf for TeX Liv
e
))
ABD: EveryShipout initializing macros
\c@lstlisting=\count319
Class revtex4-1 Info: Overriding lineo.sty, restoring output routine, on input 
line 160.
Class revtex4-1 Info: Line numbering not turned on yet on input line 160.
\openout3 = `diffNotes.bib'.

Class revtex4-1 Info: Overriding \@LN@LLerror on input line 160.
LaTeX Font Info:    Trying to load font information for OT1+ztmcm on input line
 194.

(/usr/share/texlive/texmf-dist/tex/latex/psnfss/ot1ztmcm.fd
File: ot1ztmcm.fd 2000/01/03 Fontinst v1.801 font definitions for OT1/ztmcm.
)
LaTeX Font Info:    Trying to load font information for OML+ztmcm on input line
 194.

(/usr/share/texlive/texmf-dist/tex/latex/psnfss/omlztmcm.fd
File: omlztmcm.fd 2000/01/03 Fontinst v1.801 font definitions for OML/ztmcm.
)
LaTeX Font Info:    Trying to load font information for OMS+ztmcm on input line
 194.

(/usr/share/texlive/texmf-dist/tex/latex/psnfss/omsztmcm.fd
File: omsztmcm.fd 2000/01/03 Fontinst v1.801 font definitions for OMS/ztmcm.
)
LaTeX Font Info:    Trying to load font information for OMX+ztmcm on input line
 194.

(/usr/share/texlive/texmf-dist/tex/latex/psnfss/omxztmcm.fd
File: omxztmcm.fd 2000/01/03 Fontinst v1.801 font definitions for OMX/ztmcm.
)
LaTeX Font Info:    Trying to load font information for OT1+ptm on input line 1
94.

(/usr/share/texlive/texmf-dist/tex/latex/psnfss/ot1ptm.fd
File: ot1ptm.fd 2001/06/04 font definitions for OT1/ptm.
)
LaTeX Font Info:    Font shape `OT1/ptm/bx/n' in size <10> not available
(Font)              Font shape `OT1/ptm/b/n' tried instead on input line 194.
LaTeX Font Info:    Font shape `OT1/ptm/bx/n' in size <7.4> not available
(Font)              Font shape `OT1/ptm/b/n' tried instead on input line 194.
LaTeX Font Info:    Font shape `OT1/ptm/bx/n' in size <6> not available
(Font)              Font shape `OT1/ptm/b/n' tried instead on input line 194.
LaTeX Font Info:    Trying to load font information for T1+cmss on input line 1
99.

(/usr/share/texlive/texmf-dist/tex/latex/base/t1cmss.fd
File: t1cmss.fd 2019/12/16 v2.5j Standard LaTeX font definitions
)
LaTeX Font Info:    Font shape `OT1/ptm/bx/n' in size <9> not available
(Font)              Font shape `OT1/ptm/b/n' tried instead on input line 199.
LaTeX Font Info:    Font shape `OT1/ptm/bx/n' in size <7> not available
(Font)              Font shape `OT1/ptm/b/n' tried instead on input line 199.
LaTeX Font Info:    Font shape `OT1/ptm/bx/n' in size <5> not available
(Font)              Font shape `OT1/ptm/b/n' tried instead on input line 199.
 [1{/var/lib/texmf/fonts/map/pdftex/updmap/pdftex.map}]
<Figures/Schematic-02.png, id=18, 1255.5708pt x 618.6312pt>
File: Figures/Schematic-02.png Graphic file (type png)
<use Figures/Schematic-02.png>
Package pdftex.def Info: Figures/Schematic-02.png  used on input line 222.
(pdftex.def)             Requested size: 246.0pt x 121.20369pt.
 [2 <./Figures/Schematic-02.png>]

Package amsmath Warning: Foreign command \over;
(amsmath)                \frac or \genfrac should be used instead
(amsmath)                 on input line 254.

<Figures/def_shape3.png, id=26, 609.77812pt x 451.6875pt>
File: Figures/def_shape3.png Graphic file (type png)
<use Figures/def_shape3.png>
Package pdftex.def Info: Figures/def_shape3.png  used on input line 271.
(pdftex.def)             Requested size: 123.0pt x 91.10782pt.
<Figures/tipFreq/tip_freq_S_3D2.png, id=27, 713.77777pt x 535.33333pt>
File: Figures/tipFreq/tip_freq_S_3D2.png Graphic file (type png)
<use Figures/tipFreq/tip_freq_S_3D2.png>
Package pdftex.def Info: Figures/tipFreq/tip_freq_S_3D2.png  used on input line
 272.
(pdftex.def)             Requested size: 123.0pt x 92.24707pt.

Overfull \hbox (6.79999pt too wide) in paragraph at lines 271--273
 [][][] 
 []

<Figures/gap_sig_4S_5S_5E_6D_6F_with amp.png, id=28, 620.98666pt x 506.78223pt>

File: Figures/gap_sig_4S_5S_5E_6D_6F_with amp.png Graphic file (type png)
<use Figures/gap_sig_4S_5S_5E_6D_6F_with amp.png>
Package pdftex.def Info: Figures/gap_sig_4S_5S_5E_6D_6F_with amp.png  used on i
nput line 280.
(pdftex.def)             Requested size: 120.54135pt x 98.36975pt.
LaTeX Font Info:    Font shape `OT1/ptm/bx/n' in size <8> not available
(Font)              Font shape `OT1/ptm/b/n' tried instead on input line 281.
<Figures/tipFreq/tip_freq_S2.png, id=29, 819.06pt x 597.7889pt>
File: Figures/tipFreq/tip_freq_S2.png Graphic file (type png)
<use Figures/tipFreq/tip_freq_S2.png>
Package pdftex.def Info: Figures/tipFreq/tip_freq_S2.png  used on input line 28
6.
(pdftex.def)             Requested size: 116.92525pt x 85.33174pt.

Overfull \hbox (6.45865pt too wide) in paragraph at lines 285--288
 [][] 
 []


Overfull \hbox (2.45865pt too wide) in paragraph at lines 285--288
 [] 
 []


Underfull \hbox (badness 1292) in paragraph at lines 298--299
[]|   []   |   []   |   []   |   []   |   []   [][]|   []   |   []   |   []
 []

[3]

LaTeX Warning: A float is stuck (cannot be placed); try class option [floatfix]
 on input line 299.


Underfull \hbox (badness 1024) in paragraph at lines 309--350
|   []   |   []   |   []   |   []   |   []   |   []   |   []   |   []   |   [] 
  |   []
 []

[4 <./Figures/def_shape3.png> <./Figures/tipFreq/tip_freq_S_3D2.png (PNG copy)>
 <./Figures/gap_sig_4S_5S_5E_6D_6F_with amp.png> <./Figures/tipFreq/tip_freq_S2
.png (PNG copy)>]
<Figures/vort_S_3100_trim10.png, id=43, 1403.2425pt x 938.00438pt>
File: Figures/vort_S_3100_trim10.png Graphic file (type png)
<use Figures/vort_S_3100_trim10.png>
Package pdftex.def Info: Figures/vort_S_3100_trim10.png  used on input line 389
.
(pdftex.def)             Requested size: 252.44427pt x 192.04883pt.

Overfull \hbox (6.79675pt too wide) in paragraph at lines 389--390
 [][][] 
 []

<Figures/Scalar_S_3100_trim10.png, id=44, 1397.22pt x 938.00438pt>
File: Figures/Scalar_S_3100_trim10.png Graphic file (type png)
<use Figures/Scalar_S_3100_trim10.png>
Package pdftex.def Info: Figures/Scalar_S_3100_trim10.png  used on input line 3
93.
(pdftex.def)             Requested size: 252.44814pt x 192.04883pt.
<Figures/legend_vortex.png, id=45, 693.34032pt x 75.28125pt>
File: Figures/legend_vortex.png Graphic file (type png)
<use Figures/legend_vortex.png>
Package pdftex.def Info: Figures/legend_vortex.png  used on input line 406.
(pdftex.def)             Requested size: 113.6006pt x 12.33356pt.
<Figures/legend_scalar.png, id=46, 691.08188pt x 75.28125pt>
File: Figures/legend_scalar.png Graphic file (type png)
<use Figures/legend_scalar.png>
Package pdftex.def Info: Figures/legend_scalar.png  used on input line 407.
(pdftex.def)             Requested size: 113.6006pt x 12.37376pt.

Overfull \hbox (6.55249pt too wide) in paragraph at lines 424--425
 [][] 
 []


Underfull \hbox (badness 1454) in paragraph at lines 435--436
|   []   |   []   |   []   |   []   |   []   |   []   |   []   |   []
 []

<Figures/MI_S_8h_ico.png, id=47, 642.4pt x 478.23111pt>
File: Figures/MI_S_8h_ico.png Graphic file (type png)
<use Figures/MI_S_8h_ico.png>
Package pdftex.def Info: Figures/MI_S_8h_ico.png  used on input line 449.
(pdftex.def)             Requested size: 214.19907pt x 167.62419pt.

Overfull \hbox (6.79999pt too wide) in paragraph at lines 449--450
 [][][] 
 []

<Figures/HL_S_ico.png, id=49, 633.47778pt x 484.47667pt>
File: Figures/HL_S_ico.png Graphic file (type png)
<use Figures/HL_S_ico.png>
Package pdftex.def Info: Figures/HL_S_ico.png  used on input line 452.
(pdftex.def)             Requested size: 209.10187pt x 168.23132pt.

Overfull \hbox (5.89813pt too wide) in paragraph at lines 455--456
 [][] 
 []

[5] [6 <./Figures/Vort_S_3100_trim10.png> <./Figures/Scalar_S_3100_trim10.png> 
<./Figures/legend_vortex.png> <./Figures/legend_scalar.png>]
<Figures/Vort_5_4000_trim10.png, id=61, 1416.79312pt x 1105.12875pt>
File: Figures/Vort_5_4000_trim10.png Graphic file (type png)
<use Figures/Vort_5_4000_trim10.png>
Package pdftex.def Info: Figures/Vort_5_4000_trim10.png  used on input line 479
.
(pdftex.def)             Requested size: 252.43916pt x 213.09628pt.

Overfull \hbox (6.79164pt too wide) in paragraph at lines 479--480
 [][][] 
 []

<Figures/Scalar_5_4000_trim10.png, id=62, 1413.78188pt x 1099.10625pt>
File: Figures/Scalar_5_4000_trim10.png Graphic file (type png)
<use Figures/Scalar_5_4000_trim10.png>
Package pdftex.def Info: Figures/Scalar_5_4000_trim10.png  used on input line 4
87.
(pdftex.def)             Requested size: 252.44194pt x 213.39406pt.
File: Figures/legend_vortex.png Graphic file (type png)
<use Figures/legend_vortex.png>
Package pdftex.def Info: Figures/legend_vortex.png  used on input line 527.
(pdftex.def)             Requested size: 113.6006pt x 12.33356pt.
File: Figures/legend_scalar.png Graphic file (type png)
<use Figures/legend_scalar.png>
Package pdftex.def Info: Figures/legend_scalar.png  used on input line 528.
(pdftex.def)             Requested size: 113.6006pt x 12.37376pt.

Overfull \hbox (6.55249pt too wide) in paragraph at lines 543--544
 [][] 
 []

<Figures/MI_5_ico.png, id=63, 651.32222pt x 471.98555pt>
File: Figures/MI_5_ico.png Graphic file (type png)
<use Figures/MI_5_ico.png>
Package pdftex.def Info: Figures/MI_5_ico.png  used on input line 554.
(pdftex.def)             Requested size: 224.40125pt x 170.0443pt.
<Figures/HL_5_ico.png, id=65, 642.4pt x 478.23111pt>
File: Figures/HL_5_ico.png Graphic file (type png)
<use Figures/HL_5_ico.png>
Package pdftex.def Info: Figures/HL_5_ico.png  used on input line 557.
(pdftex.def)             Requested size: 219.29626pt x 170.82037pt.
[7 <./Figures/MI_S_8h_ico.png (PNG copy)> <./Figures/HL_S_ico.png (PNG copy)>]
[8 <./Figures/Vort_5_4000_trim10.png> <./Figures/Scalar_5_4000_trim10.png>]
Underfull \hbox (badness 1735) in paragraph at lines 592--594
|   []   |   []   |   []   |   []   |   []   |   []   |   []
 []


Underfull \hbox (badness 1688) in paragraph at lines 592--594
|   []   |   []   |   []   |   []   |   []   |   []   |   []
 []

[9 <./Figures/MI_5_ico.png (PNG copy)> <./Figures/HL_5_ico.png (PNG copy)>]
<Figures/MI_8h_HL.png, id=83, 624.55556pt x 490.72223pt>
File: Figures/MI_8h_HL.png Graphic file (type png)
<use Figures/MI_8h_HL.png>
Package pdftex.def Info: Figures/MI_8h_HL.png  used on input line 599.
(pdftex.def)             Requested size: 224.40125pt x 176.31543pt.
<Figures/CoP_8h.png, id=84, 624.55556pt x 490.72223pt>
File: Figures/CoP_8h.png Graphic file (type png)
<use Figures/CoP_8h.png>
Package pdftex.def Info: Figures/CoP_8h.png  used on input line 603.
(pdftex.def)             Requested size: 224.40125pt x 176.31543pt.

[10]
Underfull \hbox (badness 1953) in paragraph at lines 628--629
|   []   |   []   |   []   |   []   |   []   |   []   |   []   |   []   |   [] 
  |   []
 []

[11 <./Figures/MI_8h_HL.png> <./Figures/Cop_8h.png (PNG copy)>] [12]
(./diff.bbl [13]
Underfull \hbox (badness 10000) in paragraph at lines 571--581
 []\T1/ptm/m/n/8 C. Hein-ing, T. Pol-lak,  and N. Ak-sel, ``Pat-tern for-ma-tio
n
 []


Underfull \hbox (badness 10000) in paragraph at lines 571--581
 \T1/ptm/m/n/8 and mix-ing in three-dimensional film flow,'' Physics of Flu-
 []


Underfull \hbox (badness 10000) in paragraph at lines 571--581
 \T1/ptm/m/n/8 ids \T1/ptm/b/n/8 24\T1/ptm/m/n/8 , 042102 (2012), https://pubs.
aip.org/aip/pof/article-
 []


Underfull \hbox (badness 10000) in paragraph at lines 585--594
 []\T1/ptm/m/n/8 A. Kögel and N. Ak-sel, ``Mas-sive sta-bi-liza-tion of gravity
-
 []


Underfull \hbox (badness 10000) in paragraph at lines 585--594
 \T1/ptm/m/n/8 driven film flows with cor-ru-gated side walls,'' Physics of
 []


Underfull \hbox (badness 10000) in paragraph at lines 585--594
 \T1/ptm/m/n/8 Flu-ids \T1/ptm/b/n/8 30\T1/ptm/m/n/8 , 114105 (2018), https://p
ubs.aip.org/aip/pof/article-
 []

[14]
Underfull \hbox (badness 1558) in paragraph at lines 754--761
 []\T1/ptm/m/n/8 A. K. Slone, K. Per-i-cleous, C. Bai-ley,  and M. Cross, ``Dy-
namic
 []

) [15]
<blank.png, id=105, 169.5936pt x 126.2316pt>
File: blank.png Graphic file (type png)
<use blank.png>
Package pdftex.def Info: blank.png  used on input line 718.
(pdftex.def)             Requested size: 45.89813pt x 34.16194pt.
<Figures/1S1D3S3D5S5D_Umag.png, id=106, 1149.5447pt x 596.98032pt>
File: Figures/1S1D3S3D5S5D_Umag.png Graphic file (type png)
<use Figures/1S1D3S3D5S5D_Umag.png>
Package pdftex.def Info: Figures/1S1D3S3D5S5D_Umag.png  used on input line 721.

(pdftex.def)             Requested size: 229.49844pt x 119.17532pt.
<Figures/leg_U.png, id=107, 266.49562pt x 23.33719pt>
File: Figures/leg_U.png Graphic file (type png)
<use Figures/leg_U.png>
Package pdftex.def Info: Figures/leg_U.png  used on input line 729.
(pdftex.def)             Requested size: 103.27359pt x 9.04376pt.
<Figures/leg_Q.png, id=108, 266.49562pt x 23.33719pt>
File: Figures/leg_Q.png Graphic file (type png)
<use Figures/leg_Q.png>
Package pdftex.def Info: Figures/leg_Q.png  used on input line 730.
(pdftex.def)             Requested size: 103.27359pt x 9.04376pt.
<Figures/1S1D3S3D5S5D_Q.png, id=109, 1149.5447pt x 596.98032pt>
File: Figures/1S1D3S3D5S5D_Q.png Graphic file (type png)
<use Figures/1S1D3S3D5S5D_Q.png>
Package pdftex.def Info: Figures/1S1D3S3D5S5D_Q.png  used on input line 742.
(pdftex.def)             Requested size: 229.49844pt x 119.17532pt.
File: blank.png Graphic file (type png)
<use blank.png>
Package pdftex.def Info: blank.png  used on input line 749.
(pdftex.def)             Requested size: 45.89813pt x 34.16194pt.
<velpro/1S_parabolic_velpro.png, id=110, 1398.1836pt x 240.9pt>
File: velpro/1S_parabolic_velpro.png Graphic file (type png)
<use velpro/1S_parabolic_velpro.png>
Package pdftex.def Info: velpro/1S_parabolic_velpro.png  used on input line 752
.
(pdftex.def)             Requested size: 229.49844pt x 39.54092pt.
<velpro/4S_parabolic_velpro.png, id=111, 1398.1836pt x 240.9pt>
File: velpro/4S_parabolic_velpro.png Graphic file (type png)
<use velpro/4S_parabolic_velpro.png>
Package pdftex.def Info: velpro/4S_parabolic_velpro.png  used on input line 753
.
(pdftex.def)             Requested size: 229.49844pt x 39.54092pt.
<velpro/1D_velpro.png, id=112, 1398.1836pt x 240.9pt>
File: velpro/1D_velpro.png Graphic file (type png)
<use velpro/1D_velpro.png>
Package pdftex.def Info: velpro/1D_velpro.png  used on input line 754.
(pdftex.def)             Requested size: 229.49844pt x 39.54092pt.
<velpro/4D_velpro.png, id=113, 1398.1836pt x 240.9pt>
File: velpro/4D_velpro.png Graphic file (type png)
<use velpro/4D_velpro.png>
Package pdftex.def Info: velpro/4D_velpro.png  used on input line 755.
(pdftex.def)             Requested size: 229.49844pt x 39.54092pt.
<midline/1S_midline_parabolic.png, id=114, 1398.1836pt x 188.3838pt>
File: midline/1S_midline_parabolic.png Graphic file (type png)
<use midline/1S_midline_parabolic.png>
Package pdftex.def Info: midline/1S_midline_parabolic.png  used on input line 7
58.
(pdftex.def)             Requested size: 229.4956pt x 40.11653pt.
<midline/1D_midline.png, id=115, 1394.811pt x 188.3838pt>
File: midline/1D_midline.png Graphic file (type png)
<use midline/1D_midline.png>
Package pdftex.def Info: midline/1D_midline.png  used on input line 759.
(pdftex.def)             Requested size: 229.49539pt x 40.11653pt.
<midline/4S_midline_parabolic.png, id=116, 1398.1836pt x 188.3838pt>
File: midline/4S_midline_parabolic.png Graphic file (type png)
<use midline/4S_midline_parabolic.png>
Package pdftex.def Info: midline/4S_midline_parabolic.png  used on input line 7
60.
(pdftex.def)             Requested size: 229.4956pt x 40.11653pt.
<midline/4D_midline.png, id=117, 1394.811pt x 188.3838pt>
File: midline/4D_midline.png Graphic file (type png)
<use midline/4D_midline.png>
Package pdftex.def Info: midline/4D_midline.png  used on input line 761.
(pdftex.def)             Requested size: 229.49539pt x 40.11653pt.
<Figures/MI_8h_HL_1.png, id=118, 615.63333pt x 490.72223pt>
File: Figures/MI_8h_HL_1.png Graphic file (type png)
<use Figures/MI_8h_HL_1.png>
Package pdftex.def Info: Figures/MI_8h_HL_1.png  used on input line 777.
(pdftex.def)             Requested size: 153.00156pt x 124.84422pt.
<Figures/MI_8h_HL_2.png, id=120, 615.63333pt x 490.72223pt>
File: Figures/MI_8h_HL_2.png Graphic file (type png)
<use Figures/MI_8h_HL_2.png>
Package pdftex.def Info: Figures/MI_8h_HL_2.png  used on input line 780.
(pdftex.def)             Requested size: 153.00156pt x 124.84422pt.
<Figures/MI_8h_HL_3.png, id=122, 615.63333pt x 490.72223pt>
File: Figures/MI_8h_HL_3.png Graphic file (type png)
<use Figures/MI_8h_HL_3.png>
Package pdftex.def Info: Figures/MI_8h_HL_3.png  used on input line 783.
(pdftex.def)             Requested size: 153.00156pt x 124.84422pt.
<Figures/MI_8h_HL_4.png, id=124, 615.63333pt x 490.72223pt>
File: Figures/MI_8h_HL_4.png Graphic file (type png)
<use Figures/MI_8h_HL_4.png>
Package pdftex.def Info: Figures/MI_8h_HL_4.png  used on input line 786.
(pdftex.def)             Requested size: 153.00156pt x 124.84422pt.
<Figures/MI_8h_HL_5.png, id=126, 615.63333pt x 490.72223pt>
File: Figures/MI_8h_HL_5.png Graphic file (type png)
<use Figures/MI_8h_HL_5.png>
Package pdftex.def Info: Figures/MI_8h_HL_5.png  used on input line 789.
(pdftex.def)             Requested size: 153.00156pt x 124.84422pt.
<Figures/MI_8h_HL_6.png, id=128, 615.63333pt x 490.72223pt>
File: Figures/MI_8h_HL_6.png Graphic file (type png)
<use Figures/MI_8h_HL_6.png>
Package pdftex.def Info: Figures/MI_8h_HL_6.png  used on input line 792.
(pdftex.def)             Requested size: 153.00156pt x 124.84422pt.
 [16 <./blank.png> <./Figures/1S1D3S3D5S5D_Umag.png> <./Figures/leg_U.png> <./F
igures/leg_Q.png> <./Figures/1S1D3S3D5S5D_Q.png> <./velpro/1S_parabolic_velpro.
png (PNG copy)> <./velpro/4S_parabolic_velpro.png (PNG copy)> <./velpro/1D_velp
ro.png (PNG copy)> <./velpro/4D_velpro.png (PNG copy)> <./midline/1S_midline_pa
rabolic.png> <./midline/1D_midline.png> <./midline/4S_midline_parabolic.png> <.
/midline/4D_midline.png>] [17 <./Figures/MI_8h_HL_1.png> <./Figures/MI_8h_HL_2.
png> <./Figures/MI_8h_HL_3.png> <./Figures/MI_8h_HL_4.png> <./Figures/MI_8h_HL_
5.png> <./Figures/MI_8h_HL_6.png>] (./diff.aux) ) 
Here is how much of TeX's memory you used:
 18528 strings out of 483107
 332692 string characters out of 5964630
 655532 words of memory out of 5000000
 33120 multiletter control sequences out of 15000+600000
 604483 words of font info for 155 fonts, out of 8000000 for 9000
 59 hyphenation exceptions out of 8191
 60i,15n,60p,2571b,433s stack positions out of 5000i,500n,10000p,200000b,80000s
{/usr/share/texlive/texmf-dist
/fonts/enc/dvips/base/8r.enc} </home/magcyan/.texlive2019/texmf-var/fonts/pk/lj
four/jknappen/ec/ecsx0900.600pk> </home/magcyan/.texlive2019/texmf-var/fonts/pk
/ljfour/jknappen/ec/ecss0700.600pk> </home/magcyan/.texlive2019/texmf-var/fonts
/pk/ljfour/jknappen/ec/ecss1000.600pk> </home/magcyan/.texlive2019/texmf-var/fo
nts/pk/ljfour/jknappen/ec/ecsx1440.600pk></usr/share/texlive/texmf-dist/fonts/t
ype1/public/amsfonts/cm/cmex10.pfb></usr/share/texlive/texmf-dist/fonts/type1/p
ublic/amsfonts/cm/cmmi10.pfb></usr/share/texlive/texmf-dist/fonts/type1/public/
amsfonts/cm/cmmib10.pfb></usr/share/texlive/texmf-dist/fonts/type1/public/amsfo
nts/cm/cmr10.pfb></usr/share/texlive/texmf-dist/fonts/type1/public/amsfonts/cm/
cmsy10.pfb></usr/share/texlive/texmf-dist/fonts/type1/public/amsfonts/latxfont/
lasy6.pfb></usr/share/texlive/texmf-dist/fonts/type1/public/rsfs/rsfs10.pfb></u
sr/share/texlive/texmf-dist/fonts/type1/urw/symbol/usyr.pfb></usr/share/texlive
/texmf-dist/fonts/type1/urw/symbol/usyr.pfb></usr/share/texlive/texmf-dist/font
s/type1/urw/times/utmb8a.pfb></usr/share/texlive/texmf-dist/fonts/type1/urw/tim
es/utmr8a.pfb></usr/share/texlive/texmf-dist/fonts/type1/urw/times/utmri8a.pfb>

Output written on diff.pdf (17 pages, 4323330 bytes).
PDF statistics:
 280 PDF objects out of 1000 (max. 8388607)
 106 compressed objects within 2 object streams
 0 named destinations out of 1000 (max. 500000)
 253 words of extra memory for PDF output out of 10000 (max. 10000000)

