This is pdfTeX, Version 3.141592653-2.6-1.40.26 (TeX Live 2024) (preloaded format=pdflatex 2024.11.13)  13 JAN 2025 14:41
entering extended mode
 restricted \write18 enabled.
 %&-line parsing enabled.
**CaF_Revision_1.tex
(./CaF_Revision_1.tex
LaTeX2e <2024-11-01>
L3 programming layer <2024-11-02>
(c:/texlive/2024/texmf-dist/tex/latex/els-cas-templates/cas-dc.cls
Document Class: cas-dc 2024/05/04, 2.4: Formatting class for CAS double column 
articles
\c@blind=\count196
\@bls=\dimen141
(c:/texlive/2024/texmf-dist/tex/latex/base/article.cls
Document Class: article 2024/06/29 v1.4n Standard LaTeX document class
(c:/texlive/2024/texmf-dist/tex/latex/base/fleqn.clo
File: fleqn.clo 2016/12/29 v1.2b Standard LaTeX option (flush left equations)
\mathindent=\skip49
Applying: [2015/01/01] Make \[ robust on input line 50.
LaTeX Info: Redefining \[ on input line 51.
Already applied: [0000/00/00] Make \[ robust on input line 62.
Applying: [2015/01/01] Make \] robust on input line 74.
LaTeX Info: Redefining \] on input line 75.
Already applied: [0000/00/00] Make \] robust on input line 83.
)
(c:/texlive/2024/texmf-dist/tex/latex/base/size10.clo
File: size10.clo 2024/06/29 v1.4n Standard LaTeX file (size option)
)
\c@part=\count197
\c@section=\count198
\c@subsection=\count199
\c@subsubsection=\count266
\c@paragraph=\count267
\c@subparagraph=\count268
\c@figure=\count269
\c@table=\count270
\abovecaptionskip=\skip50
\belowcaptionskip=\skip51
\bibindent=\dimen142
)
(c:/texlive/2024/texmf-dist/tex/latex/graphics/graphicx.sty
Package: graphicx 2021/09/16 v1.2d Enhanced LaTeX Graphics (DPC,SPQR)

(c:/texlive/2024/texmf-dist/tex/latex/graphics/keyval.sty
Package: keyval 2022/05/29 v1.15 key=value parser (DPC)
\KV@toks@=\toks17
)
(c:/texlive/2024/texmf-dist/tex/latex/graphics/graphics.sty
Package: graphics 2024/08/06 v1.4g Standard LaTeX Graphics (DPC,SPQR)

(c:/texlive/2024/texmf-dist/tex/latex/graphics/trig.sty
Package: trig 2023/12/02 v1.11 sin cos tan (DPC)
)
(c:/texlive/2024/texmf-dist/tex/latex/graphics-cfg/graphics.cfg
File: graphics.cfg 2016/06/04 v1.11 sample graphics configuration
)
Package graphics Info: Driver file: pdftex.def on input line 106.

(c:/texlive/2024/texmf-dist/tex/latex/graphics-def/pdftex.def
File: pdftex.def 2024/04/13 v1.2c Graphics/color driver for pdftex
))
\Gin@req@height=\dimen143
\Gin@req@width=\dimen144
)
(c:/texlive/2024/texmf-dist/tex/latex/amsmath/amsmath.sty
Package: amsmath 2024/11/05 v2.17t AMS math features
\@mathmargin=\skip52

For additional information on amsmath, use the `?' option.
(c:/texlive/2024/texmf-dist/tex/latex/amsmath/amstext.sty
Package: amstext 2021/08/26 v2.01 AMS text

(c:/texlive/2024/texmf-dist/tex/latex/amsmath/amsgen.sty
File: amsgen.sty 1999/11/30 v2.0 generic functions
\@emptytoks=\toks18
\ex@=\dimen145
))
(c:/texlive/2024/texmf-dist/tex/latex/amsmath/amsbsy.sty
Package: amsbsy 1999/11/29 v1.2d Bold Symbols
\pmbraise@=\dimen146
)
(c:/texlive/2024/texmf-dist/tex/latex/amsmath/amsopn.sty
Package: amsopn 2022/04/08 v2.04 operator names
)
\inf@bad=\count271
LaTeX Info: Redefining \frac on input line 233.
\uproot@=\count272
\leftroot@=\count273
LaTeX Info: Redefining \overline on input line 398.
LaTeX Info: Redefining \colon on input line 409.
\classnum@=\count274
\DOTSCASE@=\count275
LaTeX Info: Redefining \ldots on input line 495.
LaTeX Info: Redefining \dots on input line 498.
LaTeX Info: Redefining \cdots on input line 619.
\Mathstrutbox@=\box52
\strutbox@=\box53
LaTeX Info: Redefining \big on input line 721.
LaTeX Info: Redefining \Big on input line 722.
LaTeX Info: Redefining \bigg on input line 723.
LaTeX Info: Redefining \Bigg on input line 724.
\big@size=\dimen147
LaTeX Font Info:    Redeclaring font encoding OML on input line 742.
LaTeX Font Info:    Redeclaring font encoding OMS on input line 743.
\macc@depth=\count276
LaTeX Info: Redefining \bmod on input line 904.
LaTeX Info: Redefining \pmod on input line 909.
LaTeX Info: Redefining \smash on input line 939.
LaTeX Info: Redefining \relbar on input line 969.
LaTeX Info: Redefining \Relbar on input line 970.
\c@MaxMatrixCols=\count277
\dotsspace@=\muskip17
\c@parentequation=\count278
\dspbrk@lvl=\count279
\tag@help=\toks19
\row@=\count280
\column@=\count281
\maxfields@=\count282
\andhelp@=\toks20
\eqnshift@=\dimen148
\alignsep@=\dimen149
\tagshift@=\dimen150
\tagwidth@=\dimen151
\totwidth@=\dimen152
\lineht@=\dimen153
\@envbody=\toks21
\multlinegap=\skip53
\multlinetaggap=\skip54
\mathdisplay@stack=\toks22
LaTeX Info: Redefining \[ on input line 2953.
LaTeX Info: Redefining \] on input line 2954.
)
(c:/texlive/2024/texmf-dist/tex/latex/amsfonts/amsfonts.sty
Package: amsfonts 2013/01/14 v3.01 Basic AMSFonts support
\symAMSa=\mathgroup4
\symAMSb=\mathgroup5
LaTeX Font Info:    Redeclaring math symbol \hbar on input line 98.
LaTeX Font Info:    Overwriting math alphabet `\mathfrak' in version `bold'
(Font)                  U/euf/m/n --> U/euf/b/n on input line 106.
)
(c:/texlive/2024/texmf-dist/tex/latex/amsfonts/amssymb.sty
Package: amssymb 2013/01/14 v3.01 AMS font symbols
)
(c:/texlive/2024/texmf-dist/tex/latex/l3kernel/expl3.sty
Package: expl3 2024-11-02 L3 programming layer (loader) 

(c:/texlive/2024/texmf-dist/tex/latex/l3backend/l3backend-pdftex.def
File: l3backend-pdftex.def 2024-05-08 L3 backend support: PDF output (pdfTeX)
\l__color_backend_stack_int=\count283
\l__pdf_internal_box=\box54
))
(c:/texlive/2024/texmf-dist/tex/latex/l3packages/xparse/xparse.sty
Package: xparse 2024-08-16 L3 Experimental document command parser
)
(c:/texlive/2024/texmf-dist/tex/latex/etoolbox/etoolbox.sty
Package: etoolbox 2020/10/05 v2.5k e-TeX tools for LaTeX (JAW)
\etb@tempcnta=\count284
)
(c:/texlive/2024/texmf-dist/tex/latex/preprint/balance.sty
Package: balance 1999/02/23 4.3 (PWD)
\oldvsize=\dimen154
)
(c:/texlive/2024/texmf-dist/tex/latex/booktabs/booktabs.sty
Package: booktabs 2020/01/12 v1.61803398 Publication quality tables
\heavyrulewidth=\dimen155
\lightrulewidth=\dimen156
\cmidrulewidth=\dimen157
\belowrulesep=\dimen158
\belowbottomsep=\dimen159
\aboverulesep=\dimen160
\abovetopsep=\dimen161
\cmidrulesep=\dimen162
\cmidrulekern=\dimen163
\defaultaddspace=\dimen164
\@cmidla=\count285
\@cmidlb=\count286
\@aboverulesep=\dimen165
\@belowrulesep=\dimen166
\@thisruleclass=\count287
\@lastruleclass=\count288
\@thisrulewidth=\dimen167
)
(c:/texlive/2024/texmf-dist/tex/latex/makecell/makecell.sty
Package: makecell 2009/08/03 V0.1e Managing of Tab Column Heads and Cells

(c:/texlive/2024/texmf-dist/tex/latex/tools/array.sty
Package: array 2024/10/17 v2.6g Tabular extension package (FMi)
\col@sep=\dimen168
\ar@mcellbox=\box55
\extrarowheight=\dimen169
\NC@list=\toks23
\extratabsurround=\skip55
\backup@length=\skip56
\ar@cellbox=\box56
)
\rotheadsize=\dimen170
\c@nlinenum=\count289
\TeXr@lab=\toks24
)
(c:/texlive/2024/texmf-dist/tex/latex/multirow/multirow.sty
Package: multirow 2024/11/12 v2.9 Span multiple rows of a table
\multirow@colwidth=\skip57
\multirow@cntb=\count290
\multirow@dima=\skip58
\bigstrutjot=\dimen171
)
(c:/texlive/2024/texmf-dist/tex/latex/colortbl/colortbl.sty
Package: colortbl 2024/07/06 v1.0i Color table columns (DPC)

(c:/texlive/2024/texmf-dist/tex/latex/graphics/color.sty
Package: color 2024/06/23 v1.3e Standard LaTeX Color (DPC)

(c:/texlive/2024/texmf-dist/tex/latex/graphics-cfg/color.cfg
File: color.cfg 2016/01/02 v1.6 sample color configuration
)
Package color Info: Driver file: pdftex.def on input line 149.

(c:/texlive/2024/texmf-dist/tex/latex/graphics/mathcolor.ltx))
\everycr=\toks25
\minrowclearance=\skip59
\rownum=\count291
)
(c:/texlive/2024/texmf-dist/tex/latex/tools/dcolumn.sty
Package: dcolumn 2023/07/08 v1.06 decimal alignment package (DPC)
)
(c:/texlive/2024/texmf-dist/tex/latex/sttools/stfloats.sty
Package: stfloats 2017/03/27 v3.3 Improve float mechanism and baselineskip sett
ings
\@dblbotnum=\count292
\c@dblbotnumber=\count293
)
(c:/texlive/2024/texmf-dist/tex/latex/tools/xspace.sty
Package: xspace 2014/10/28 v1.13 Space after command names (DPC,MH)
)
(c:/texlive/2024/texmf-dist/tex/generic/xstring/xstring.sty
(c:/texlive/2024/texmf-dist/tex/generic/xstring/xstring.tex
\xs_counta=\count294
\xs_countb=\count295
)
Package: xstring 2023/08/22 v1.86 String manipulations (CT)
)
(c:/texlive/2024/texmf-dist/tex/latex/footmisc/footmisc.sty
Package: footmisc 2023/07/05 v6.0f a miscellany of footnote facilities
\FN@temptoken=\toks26
\footnotemargin=\dimen172
\@outputbox@depth=\dimen173
Package footmisc Info: Declaring symbol style bringhurst on input line 696.
Package footmisc Info: Declaring symbol style chicago on input line 704.
Package footmisc Info: Declaring symbol style wiley on input line 713.
Package footmisc Info: Declaring symbol style lamport-robust on input line 724.

Package footmisc Info: Declaring symbol style lamport* on input line 744.
Package footmisc Info: Declaring symbol style lamport*-robust on input line 765
.
)
(c:/texlive/2024/texmf-dist/tex/latex/xcolor/xcolor.sty
Package: xcolor 2024/09/29 v3.02 LaTeX color extensions (UK)

(c:/texlive/2024/texmf-dist/tex/latex/graphics-cfg/color.cfg
File: color.cfg 2016/01/02 v1.6 sample color configuration
)
Package xcolor Info: Driver file: pdftex.def on input line 274.
LaTeX Info: Redefining \color on input line 762.

(c:/texlive/2024/texmf-dist/tex/latex/graphics/mathcolor.ltx)
Package xcolor Info: Model `cmy' substituted by `cmy0' on input line 1349.
Package xcolor Info: Model `hsb' substituted by `rgb' on input line 1353.
Package xcolor Info: Model `RGB' extended on input line 1365.
Package xcolor Info: Model `HTML' substituted by `rgb' on input line 1367.
Package xcolor Info: Model `Hsb' substituted by `hsb' on input line 1368.
Package xcolor Info: Model `tHsb' substituted by `hsb' on input line 1369.
Package xcolor Info: Model `HSB' substituted by `hsb' on input line 1370.
Package xcolor Info: Model `Gray' substituted by `gray' on input line 1371.
Package xcolor Info: Model `wave' substituted by `hsb' on input line 1372.
)
(c:/texlive/2024/texmf-dist/tex/latex/xcolor/svgnam.def
File: svgnam.def 2024/09/29 v3.02 Predefined colors according to SVG 1.1 (UK)
)
(c:/texlive/2024/texmf-dist/tex/latex/graphics/dvipsnam.def
File: dvipsnam.def 2016/06/17 v3.0m Driver-dependent file (DPC,SPQR)
)
(c:/texlive/2024/texmf-dist/tex/latex/hyperref/hyperref.sty
Package: hyperref 2024-11-05 v7.01l Hypertext links for LaTeX

(c:/texlive/2024/texmf-dist/tex/generic/iftex/iftex.sty
Package: iftex 2022/02/03 v1.0f TeX engine tests
)
(c:/texlive/2024/texmf-dist/tex/latex/kvsetkeys/kvsetkeys.sty
Package: kvsetkeys 2022-10-05 v1.19 Key value parser (HO)
)
(c:/texlive/2024/texmf-dist/tex/generic/kvdefinekeys/kvdefinekeys.sty
Package: kvdefinekeys 2019-12-19 v1.6 Define keys (HO)
)
(c:/texlive/2024/texmf-dist/tex/generic/pdfescape/pdfescape.sty
Package: pdfescape 2019/12/09 v1.15 Implements pdfTeX's escape features (HO)

(c:/texlive/2024/texmf-dist/tex/generic/ltxcmds/ltxcmds.sty
Package: ltxcmds 2023-12-04 v1.26 LaTeX kernel commands for general use (HO)
)
(c:/texlive/2024/texmf-dist/tex/generic/pdftexcmds/pdftexcmds.sty
Package: pdftexcmds 2020-06-27 v0.33 Utility functions of pdfTeX for LuaTeX (HO
)

(c:/texlive/2024/texmf-dist/tex/generic/infwarerr/infwarerr.sty
Package: infwarerr 2019/12/03 v1.5 Providing info/warning/error messages (HO)
)
Package pdftexcmds Info: \pdf@primitive is available.
Package pdftexcmds Info: \pdf@ifprimitive is available.
Package pdftexcmds Info: \pdfdraftmode found.
))
(c:/texlive/2024/texmf-dist/tex/latex/hycolor/hycolor.sty
Package: hycolor 2020-01-27 v1.10 Color options for hyperref/bookmark (HO)
)
(c:/texlive/2024/texmf-dist/tex/latex/hyperref/nameref.sty
Package: nameref 2023-11-26 v2.56 Cross-referencing by name of section

(c:/texlive/2024/texmf-dist/tex/latex/refcount/refcount.sty
Package: refcount 2019/12/15 v3.6 Data extraction from label references (HO)
)
(c:/texlive/2024/texmf-dist/tex/generic/gettitlestring/gettitlestring.sty
Package: gettitlestring 2019/12/15 v1.6 Cleanup title references (HO)

(c:/texlive/2024/texmf-dist/tex/latex/kvoptions/kvoptions.sty
Package: kvoptions 2022-06-15 v3.15 Key value format for package options (HO)
))
\c@section@level=\count296
)
(c:/texlive/2024/texmf-dist/tex/generic/stringenc/stringenc.sty
Package: stringenc 2019/11/29 v1.12 Convert strings between diff. encodings (HO
)
)
\@linkdim=\dimen174
\Hy@linkcounter=\count297
\Hy@pagecounter=\count298

(c:/texlive/2024/texmf-dist/tex/latex/hyperref/pd1enc.def
File: pd1enc.def 2024-11-05 v7.01l Hyperref: PDFDocEncoding definition (HO)
Now handling font encoding PD1 ...
... no UTF-8 mapping file for font encoding PD1
)
(c:/texlive/2024/texmf-dist/tex/generic/intcalc/intcalc.sty
Package: intcalc 2019/12/15 v1.3 Expandable calculations with integers (HO)
)
\Hy@SavedSpaceFactor=\count299

(c:/texlive/2024/texmf-dist/tex/latex/hyperref/puenc.def
File: puenc.def 2024-11-05 v7.01l Hyperref: PDF Unicode definition (HO)
Now handling font encoding PU ...
... no UTF-8 mapping file for font encoding PU
)
Package hyperref Info: Option `colorlinks' set `true' on input line 4040.
Package hyperref Info: Hyper figures OFF on input line 4157.
Package hyperref Info: Link nesting OFF on input line 4162.
Package hyperref Info: Hyper index ON on input line 4165.
Package hyperref Info: Plain pages OFF on input line 4172.
Package hyperref Info: Backreferencing OFF on input line 4177.
Package hyperref Info: Implicit mode ON; LaTeX internals redefined.
Package hyperref Info: Bookmarks ON on input line 4424.
\c@Hy@tempcnt=\count300

(c:/texlive/2024/texmf-dist/tex/latex/url/url.sty
\Urlmuskip=\muskip18
Package: url 2013/09/16  ver 3.4  Verb mode for urls, etc.
)
LaTeX Info: Redefining \url on input line 4763.
\XeTeXLinkMargin=\dimen175

(c:/texlive/2024/texmf-dist/tex/generic/bitset/bitset.sty
Package: bitset 2019/12/09 v1.3 Handle bit-vector datatype (HO)

(c:/texlive/2024/texmf-dist/tex/generic/bigintcalc/bigintcalc.sty
Package: bigintcalc 2019/12/15 v1.5 Expandable calculations on big integers (HO
)
))
\Fld@menulength=\count301
\Field@Width=\dimen176
\Fld@charsize=\dimen177
Package hyperref Info: Hyper figures OFF on input line 6042.
Package hyperref Info: Link nesting OFF on input line 6047.
Package hyperref Info: Hyper index ON on input line 6050.
Package hyperref Info: backreferencing OFF on input line 6057.
Package hyperref Info: Link coloring ON on input line 6060.
Package hyperref Info: Link coloring with OCG OFF on input line 6067.
Package hyperref Info: PDF/A mode OFF on input line 6072.

(c:/texlive/2024/texmf-dist/tex/latex/base/atbegshi-ltx.sty
Package: atbegshi-ltx 2021/01/10 v1.0c Emulation of the original atbegshi
package with kernel methods
)
\Hy@abspage=\count302
\c@Item=\count303
\c@Hfootnote=\count304
)
Package hyperref Info: Driver (autodetected): hpdftex.

(c:/texlive/2024/texmf-dist/tex/latex/hyperref/hpdftex.def
File: hpdftex.def 2024-11-05 v7.01l Hyperref driver for pdfTeX

(c:/texlive/2024/texmf-dist/tex/latex/base/atveryend-ltx.sty
Package: atveryend-ltx 2020/08/19 v1.0a Emulation of the original atveryend pac
kage
with kernel methods
)
\Fld@listcount=\count305
\c@bookmark@seq@number=\count306

(c:/texlive/2024/texmf-dist/tex/latex/rerunfilecheck/rerunfilecheck.sty
Package: rerunfilecheck 2022-07-10 v1.10 Rerun checks for auxiliary files (HO)

(c:/texlive/2024/texmf-dist/tex/generic/uniquecounter/uniquecounter.sty
Package: uniquecounter 2019/12/15 v1.4 Provide unlimited unique counter (HO)
)
Package uniquecounter Info: New unique counter `rerunfilecheck' on input line 2
85.
)
\Hy@SectionHShift=\skip60
)
(c:/texlive/2024/texmf-dist/tex/latex/els-cas-templates/cas-common.sty
\l_stm_title_before_dim=\dimen178
\l_stm_title_after_dim=\dimen179
\g_ead_int=\count307
\g_uad_int=\count308
\@eadauthor=\toks27
\g_stm_tnote_int=\count309
\g_stm_fnote_int=\count310
\g_stm_cor_int=\count311
\g_stm_au_int=\count312
\g_stm_aau_int=\count313
\l_autype_int=\count314
\l_stm_augroup_before_dim=\dimen180
\l_stm_augroup_after_dim=\dimen181
\l_stm_augroup_lskip_tl=\dimen182
\l_stm_augroup_rskip_tl=\dimen183
\g_stm_aff_int=\count315
\g_stm_aff_ext_int=\count316
\g_stm_aff_int_int=\count317
\g_stm_fn_aff_ext_int=\count318
\g_stm_fn_aff_int_int=\count319
\l_stm_aff_before_dim=\dimen184
\l_stm_aff_after_dim=\dimen185
\l_stm_aff_lskip_dim=\dimen186
\l_stm_aff_rskip_dim=\dimen187
\g_stm_augr_int=\count320
\g_stm_aaugr_int=\count321

(c:/texlive/2024/texmf-dist/tex/latex/moreverb/moreverb.sty
Package: moreverb 2008/06/03 v2.3a `more' verbatim facilities

(c:/texlive/2024/texmf-dist/tex/latex/tools/verbatim.sty
Package: verbatim 2024-01-22 v1.5x LaTeX2e package for verbatim enhancements
\every@verbatim=\toks28
\verbatim@line=\toks29
\verbatim@in@stream=\read2
)
\tab@position=\count322
\tab@size=\count323
\listing@line=\count324
)
\g_stm_abs_box=\box57
\casgrabsbox=\box58
\casauhlbox=\box59
\g_stm_key_box=\box60
\g_stm_jtype_int=\count325
\g_stm_blind_int=\count326
\c@au=\count327
\c@cnote=\count328
\c@tnote=\count329
\c@fnote=\count330
\c@aff=\count331
\g_stm_notes_box=\box61
\g_stm_front_box=\box62
\paraindent=\dimen188
\subparaindent=\dimen189
\FullWidth=\dimen190
\l_tbl_width_dim=\dimen191
\l_tbl_abovecap_skip=\skip61
\l_tbl_belowcap_skip=\skip62
\l_tbl_abovetbl_skip=\skip63
\l_tbl_belowtbl_skip=\skip64
\l_fig_width_dim=\dimen192
\cascaptionbox=\box63
\l_fig_abovecap_skip=\skip65
\l_fig_belowcap_skip=\skip66
\l_fig_abovefig_skip=\skip67
\l_fig_belowfig_skip=\skip68

(c:/texlive/2024/texmf-dist/tex/latex/wrapfig/wrapfig.sty
\wrapoverhang=\dimen193
\WF@size=\dimen194
\c@WF@wrappedlines=\count332
\WF@box=\box64
\WF@everypar=\toks30
Package: wrapfig 2003/01/31  v 3.6
)
\l_wrap_figwidth_dim=\dimen195
\l_wrap_fighspace_dim=\dimen196
\l_wrap_figvspace_dim=\dimen197
\l_wrap_fighcorr_dim=\dimen198
\l_wrap_figvcorr_dim=\dimen199
\l_above_bio_dim=\dimen256
\l_wrap_figlcorr_int=\count333
\l_wrap_figlines_int=\count334
\l_bio_text_box=\box65
\c@ca_biography_ctr=\count335
\l_ca_temp_inta=\count336
\leftMargin=\dimen257
\@enLab=\toks31
\@sep=\skip69
\@@sep=\skip70
)
(c:/texlive/2024/texmf-dist/tex/latex/base/fontenc.sty
Package: fontenc 2021/04/29 v2.0v Standard LaTeX package
)
(c:/texlive/2024/texmf-dist/tex/latex/stix/stix.sty
Package: stix 2018/04/17 v1.1.3-latex STIX fonts support package

(c:/texlive/2024/texmf-dist/tex/latex/base/textcomp.sty
Package: textcomp 2024/04/24 v2.1b Standard LaTeX package
LaTeX Font Info:    Changing ? sub-encoding to TS1/0 on input line 75.
)
Now handling font encoding LS1 ...
... no UTF-8 mapping file for font encoding LS1
Now handling font encoding LS2 ...
... no UTF-8 mapping file for font encoding LS2
LaTeX Font Info:    Redeclaring symbol font `letters' on input line 76.
LaTeX Font Info:    Encoding `OML' has changed to `LS1' for symbol font
(Font)              `letters' in the math version `normal' on input line 76.
LaTeX Font Info:    Overwriting symbol font `letters' in version `normal'
(Font)                  OML/cmm/m/it --> LS1/stix/m/it on input line 76.
LaTeX Font Info:    Encoding `OML' has changed to `LS1' for symbol font
(Font)              `letters' in the math version `bold' on input line 76.
LaTeX Font Info:    Overwriting symbol font `letters' in version `bold'
(Font)                  OML/cmm/b/it --> LS1/stix/m/it on input line 76.
LaTeX Font Info:    Redeclaring symbol font `operators' on input line 77.
LaTeX Font Info:    Encoding `OT1' has changed to `LS1' for symbol font
(Font)              `operators' in the math version `normal' on input line 77.
LaTeX Font Info:    Overwriting symbol font `operators' in version `normal'
(Font)                  OT1/cmr/m/n --> LS1/stix/m/n on input line 77.
LaTeX Font Info:    Encoding `OT1' has changed to `LS1' for symbol font
(Font)              `operators' in the math version `bold' on input line 77.
LaTeX Font Info:    Overwriting symbol font `operators' in version `bold'
(Font)                  OT1/cmr/bx/n --> LS1/stix/m/n on input line 77.
\symbold-operators=\mathgroup6
LaTeX Font Info:    Redeclaring symbol font `symbols' on input line 79.
LaTeX Font Info:    Encoding `OMS' has changed to `LS1' for symbol font
(Font)              `symbols' in the math version `normal' on input line 79.
LaTeX Font Info:    Overwriting symbol font `symbols' in version `normal'
(Font)                  OMS/cmsy/m/n --> LS1/stixscr/m/n on input line 79.
LaTeX Font Info:    Encoding `OMS' has changed to `LS1' for symbol font
(Font)              `symbols' in the math version `bold' on input line 79.
LaTeX Font Info:    Overwriting symbol font `symbols' in version `bold'
(Font)                  OMS/cmsy/b/n --> LS1/stixscr/m/n on input line 79.
\symsymbols2=\mathgroup7
\symsymbols3=\mathgroup8
\symsymbols4=\mathgroup9
\symintegrals=\mathgroup10
LaTeX Font Info:    Redeclaring symbol font `largesymbols' on input line 84.
LaTeX Font Info:    Encoding `OMX' has changed to `LS2' for symbol font
(Font)              `largesymbols' in the math version `normal' on input line 8
4.
LaTeX Font Info:    Overwriting symbol font `largesymbols' in version `normal'
(Font)                  OMX/cmex/m/n --> LS2/stixex/m/n on input line 84.
LaTeX Font Info:    Encoding `OMX' has changed to `LS2' for symbol font
(Font)              `largesymbols' in the math version `bold' on input line 84.

LaTeX Font Info:    Overwriting symbol font `largesymbols' in version `bold'
(Font)                  OMX/cmex/m/n --> LS2/stixex/m/n on input line 84.
\symarrows1=\mathgroup11
\symarrows2=\mathgroup12
\symarrows3=\mathgroup13
LaTeX Font Info:    Overwriting symbol font `letters' in version `bold'
(Font)                  LS1/stix/m/it --> LS1/stix/b/it on input line 88.
LaTeX Font Info:    Overwriting symbol font `operators' in version `bold'
(Font)                  LS1/stix/m/n --> LS1/stix/b/n on input line 89.
LaTeX Font Info:    Overwriting symbol font `symbols' in version `bold'
(Font)                  LS1/stixscr/m/n --> LS1/stixscr/b/n on input line 90.
LaTeX Font Info:    Overwriting symbol font `symbols2' in version `bold'
(Font)                  LS1/stixfrak/m/n --> LS1/stixfrak/b/n on input line 91.

LaTeX Font Info:    Overwriting symbol font `symbols3' in version `bold'
(Font)                  LS1/stixbb/m/n --> LS1/stixbb/b/n on input line 92.
LaTeX Font Info:    Overwriting symbol font `symbols4' in version `bold'
(Font)                  LS1/stixbb/m/it --> LS1/stixbb/b/it on input line 93.
LaTeX Font Info:    Overwriting symbol font `integrals' in version `bold'
(Font)                  LS2/stixcal/m/n --> LS2/stixcal/b/n on input line 94.
LaTeX Font Info:    Overwriting symbol font `largesymbols' in version `bold'
(Font)                  LS2/stixex/m/n --> LS2/stixex/b/n on input line 95.
LaTeX Font Info:    Overwriting symbol font `arrows1' in version `bold'
(Font)                  LS1/stixsf/m/n --> LS1/stixsf/b/n on input line 96.
LaTeX Font Info:    Overwriting symbol font `arrows2' in version `bold'
(Font)                  LS1/stixsf/m/it --> LS1/stixsf/b/it on input line 97.
LaTeX Font Info:    Overwriting symbol font `arrows3' in version `bold'
(Font)                  LS2/stixtt/m/n --> LS2/stixtt/b/n on input line 98.
LaTeX Font Info:    Redeclaring math alphabet \mathit on input line 99.
LaTeX Font Info:    Redeclaring math alphabet \mathfrak on input line 102.
LaTeX Font Info:    Redeclaring math alphabet \mathsf on input line 106.
LaTeX Font Info:    Redeclaring math alphabet \mathtt on input line 108.
LaTeX Font Info:    Redeclaring math alphabet \mathbf on input line 109.
LaTeX Info: Redefining \yen on input line 456.
LaTeX Info: Redefining \circledR on input line 458.
LaTeX Info: Redefining \checkmark on input line 460.
LaTeX Info: Redefining \maltese on input line 461.
LaTeX Font Info:    Redeclaring math accent \grave on input line 698.
LaTeX Font Info:    Redeclaring math accent \acute on input line 699.
LaTeX Font Info:    Redeclaring math accent \hat on input line 700.
LaTeX Font Info:    Redeclaring math accent \tilde on input line 701.
LaTeX Font Info:    Redeclaring math accent \bar on input line 702.
LaTeX Font Info:    Redeclaring math accent \breve on input line 703.
LaTeX Font Info:    Redeclaring math accent \dot on input line 704.
LaTeX Font Info:    Redeclaring math accent \ddot on input line 705.
LaTeX Font Info:    Redeclaring math accent \mathring on input line 707.
LaTeX Font Info:    Redeclaring math accent \check on input line 708.
LaTeX Font Info:    Redeclaring math accent \vec on input line 716.
LaTeX Font Info:    Redeclaring math accent \widehat on input line 728.
LaTeX Font Info:    Redeclaring math accent \widetilde on input line 729.
LaTeX Info: Redefining \vdots on input line 1518.
LaTeX Info: Redefining \cdots on input line 1522.
LaTeX Font Info:    Redeclaring math symbol \mathsterling on input line 1978.
LaTeX Info: Redefining \not on input line 2144.
)
(c:/texlive/2024/texmf-dist/tex/latex/inconsolata/inconsolata.sty
Package: inconsolata 2019/05/17 v1.12

`inconsolata-zi4' v1.12, 2019/05/17 Text macros for Inconsolata (msharpe)
(c:/texlive/2024/texmf-dist/tex/latex/xkeyval/xkeyval.sty
Package: xkeyval 2022/06/16 v2.9 package option processing (HA)

(c:/texlive/2024/texmf-dist/tex/generic/xkeyval/xkeyval.tex
(c:/texlive/2024/texmf-dist/tex/generic/xkeyval/xkvutils.tex
\XKV@toks=\toks32
\XKV@tempa@toks=\toks33
)
\XKV@depth=\count337
File: xkeyval.tex 2014/12/03 v2.7a key=value parser (HA)
))
\zifour@ocount=\count338
)
(c:/texlive/2024/texmf-dist/tex/latex/geometry/geometry.sty
Package: geometry 2020/01/02 v5.9 Page Geometry

(c:/texlive/2024/texmf-dist/tex/generic/iftex/ifvtex.sty
Package: ifvtex 2019/10/25 v1.7 ifvtex legacy package. Use iftex instead.
)
\Gm@cnth=\count339
\Gm@cntv=\count340
\c@Gm@tempcnt=\count341
\Gm@bindingoffset=\dimen258
\Gm@wd@mp=\dimen259
\Gm@odd@mp=\dimen260
\Gm@even@mp=\dimen261
\Gm@layoutwidth=\dimen262
\Gm@layoutheight=\dimen263
\Gm@layouthoffset=\dimen264
\Gm@layoutvoffset=\dimen265
\Gm@dimlist=\toks34
))
(c:/texlive/2024/texmf-dist/tex/latex/natbib/natbib.sty
Package: natbib 2010/09/13 8.31b (PWD, AO)
\bibhang=\skip71
\bibsep=\skip72
LaTeX Info: Redefining \cite on input line 694.
\c@NAT@ctr=\count342
)
(c:/texlive/2024/texmf-dist/tex/latex/mathtools/mathtools.sty
Package: mathtools 2024/10/04 v1.31 mathematical typesetting tools

(c:/texlive/2024/texmf-dist/tex/latex/tools/calc.sty
Package: calc 2023/07/08 v4.3 Infix arithmetic (KKT,FJ)
\calc@Acount=\count343
\calc@Bcount=\count344
\calc@Adimen=\dimen266
\calc@Bdimen=\dimen267
\calc@Askip=\skip73
\calc@Bskip=\skip74
LaTeX Info: Redefining \setlength on input line 80.
LaTeX Info: Redefining \addtolength on input line 81.
\calc@Ccount=\count345
\calc@Cskip=\skip75
)
(c:/texlive/2024/texmf-dist/tex/latex/mathtools/mhsetup.sty
Package: mhsetup 2021/03/18 v1.4 programming setup (MH)
)
\g_MT_multlinerow_int=\count346
\l_MT_multwidth_dim=\dimen268
\origjot=\skip76
\l_MT_shortvdotswithinadjustabove_dim=\dimen269
\l_MT_shortvdotswithinadjustbelow_dim=\dimen270
\l_MT_above_intertext_sep=\dimen271
\l_MT_below_intertext_sep=\dimen272
\l_MT_above_shortintertext_sep=\dimen273
\l_MT_below_shortintertext_sep=\dimen274
\xmathstrut@box=\box66
\xmathstrut@dim=\dimen275
)
(c:/texlive/2024/texmf-dist/tex/latex/overpic/overpic.sty
Package: overpic 2024/01/06 2.1 picture overlays (RN)

(c:/texlive/2024/texmf-dist/tex/latex/eepic/epic.sty
Enhancements to Picture Environment. Version 1.2 - Released June 1, 1986
\@@multicnt=\count347
\d@lta=\count348
\@delta=\dimen276
\@@delta=\dimen277
\@gridcnt=\count349
\@joinkind=\count350
\@dotgap=\dimen278
\@ddotgap=\dimen279
\@x@diff=\count351
\@y@diff=\count352
\x@diff=\dimen280
\y@diff=\dimen281
\@dotbox=\box67
\num@segments=\count353
\num@segmentsi=\count354
\@datafile=\read3
)
\OVP@box=\box68
) (c:/texlive/2024/texmf-dist/tex/latex/varwidth/varwidth.sty
Package: varwidth 2009/03/30 ver 0.92;  Variable-width minipages
\@vwid@box=\box69
\sift@deathcycles=\count355
\@vwid@loff=\dimen282
\@vwid@roff=\dimen283
)
(c:/texlive/2024/texmf-dist/tex/latex/pgf/frontendlayer/tikz.sty
(c:/texlive/2024/texmf-dist/tex/latex/pgf/basiclayer/pgf.sty
(c:/texlive/2024/texmf-dist/tex/latex/pgf/utilities/pgfrcs.sty
(c:/texlive/2024/texmf-dist/tex/generic/pgf/utilities/pgfutil-common.tex
\pgfutil@everybye=\toks35
\pgfutil@tempdima=\dimen284
\pgfutil@tempdimb=\dimen285
)
(c:/texlive/2024/texmf-dist/tex/generic/pgf/utilities/pgfutil-latex.def
\pgfutil@abb=\box70
)
(c:/texlive/2024/texmf-dist/tex/generic/pgf/utilities/pgfrcs.code.tex
(c:/texlive/2024/texmf-dist/tex/generic/pgf/pgf.revision.tex)
Package: pgfrcs 2023-01-15 v3.1.10 (3.1.10)
))
Package: pgf 2023-01-15 v3.1.10 (3.1.10)

(c:/texlive/2024/texmf-dist/tex/latex/pgf/basiclayer/pgfcore.sty
(c:/texlive/2024/texmf-dist/tex/latex/pgf/systemlayer/pgfsys.sty
(c:/texlive/2024/texmf-dist/tex/generic/pgf/systemlayer/pgfsys.code.tex
Package: pgfsys 2023-01-15 v3.1.10 (3.1.10)

(c:/texlive/2024/texmf-dist/tex/generic/pgf/utilities/pgfkeys.code.tex
\pgfkeys@pathtoks=\toks36
\pgfkeys@temptoks=\toks37

(c:/texlive/2024/texmf-dist/tex/generic/pgf/utilities/pgfkeyslibraryfiltered.co
de.tex
\pgfkeys@tmptoks=\toks38
))
\pgf@x=\dimen286
\pgf@y=\dimen287
\pgf@xa=\dimen288
\pgf@ya=\dimen289
\pgf@xb=\dimen290
\pgf@yb=\dimen291
\pgf@xc=\dimen292
\pgf@yc=\dimen293
\pgf@xd=\dimen294
\pgf@yd=\dimen295
\w@pgf@writea=\write3
\r@pgf@reada=\read4
\c@pgf@counta=\count356
\c@pgf@countb=\count357
\c@pgf@countc=\count358
\c@pgf@countd=\count359
\t@pgf@toka=\toks39
\t@pgf@tokb=\toks40
\t@pgf@tokc=\toks41
\pgf@sys@id@count=\count360
 (c:/texlive/2024/texmf-dist/tex/generic/pgf/systemlayer/pgf.cfg
File: pgf.cfg 2023-01-15 v3.1.10 (3.1.10)
)
Driver file for pgf: pgfsys-pdftex.def

(c:/texlive/2024/texmf-dist/tex/generic/pgf/systemlayer/pgfsys-pdftex.def
File: pgfsys-pdftex.def 2023-01-15 v3.1.10 (3.1.10)

(c:/texlive/2024/texmf-dist/tex/generic/pgf/systemlayer/pgfsys-common-pdf.def
File: pgfsys-common-pdf.def 2023-01-15 v3.1.10 (3.1.10)
)))
(c:/texlive/2024/texmf-dist/tex/generic/pgf/systemlayer/pgfsyssoftpath.code.tex
File: pgfsyssoftpath.code.tex 2023-01-15 v3.1.10 (3.1.10)
\pgfsyssoftpath@smallbuffer@items=\count361
\pgfsyssoftpath@bigbuffer@items=\count362
)
(c:/texlive/2024/texmf-dist/tex/generic/pgf/systemlayer/pgfsysprotocol.code.tex
File: pgfsysprotocol.code.tex 2023-01-15 v3.1.10 (3.1.10)
)) (c:/texlive/2024/texmf-dist/tex/generic/pgf/basiclayer/pgfcore.code.tex
Package: pgfcore 2023-01-15 v3.1.10 (3.1.10)

(c:/texlive/2024/texmf-dist/tex/generic/pgf/math/pgfmath.code.tex
(c:/texlive/2024/texmf-dist/tex/generic/pgf/math/pgfmathutil.code.tex)
(c:/texlive/2024/texmf-dist/tex/generic/pgf/math/pgfmathparser.code.tex
\pgfmath@dimen=\dimen296
\pgfmath@count=\count363
\pgfmath@box=\box71
\pgfmath@toks=\toks42
\pgfmath@stack@operand=\toks43
\pgfmath@stack@operation=\toks44
)
(c:/texlive/2024/texmf-dist/tex/generic/pgf/math/pgfmathfunctions.code.tex)
(c:/texlive/2024/texmf-dist/tex/generic/pgf/math/pgfmathfunctions.basic.code.te
x)
(c:/texlive/2024/texmf-dist/tex/generic/pgf/math/pgfmathfunctions.trigonometric
.code.tex)
(c:/texlive/2024/texmf-dist/tex/generic/pgf/math/pgfmathfunctions.random.code.t
ex)
(c:/texlive/2024/texmf-dist/tex/generic/pgf/math/pgfmathfunctions.comparison.co
de.tex)
(c:/texlive/2024/texmf-dist/tex/generic/pgf/math/pgfmathfunctions.base.code.tex
)
(c:/texlive/2024/texmf-dist/tex/generic/pgf/math/pgfmathfunctions.round.code.te
x)
(c:/texlive/2024/texmf-dist/tex/generic/pgf/math/pgfmathfunctions.misc.code.tex
)
(c:/texlive/2024/texmf-dist/tex/generic/pgf/math/pgfmathfunctions.integerarithm
etics.code.tex)
(c:/texlive/2024/texmf-dist/tex/generic/pgf/math/pgfmathcalc.code.tex)
(c:/texlive/2024/texmf-dist/tex/generic/pgf/math/pgfmathfloat.code.tex
\c@pgfmathroundto@lastzeros=\count364
))
(c:/texlive/2024/texmf-dist/tex/generic/pgf/math/pgfint.code.tex)
(c:/texlive/2024/texmf-dist/tex/generic/pgf/basiclayer/pgfcorepoints.code.tex
File: pgfcorepoints.code.tex 2023-01-15 v3.1.10 (3.1.10)
\pgf@picminx=\dimen297
\pgf@picmaxx=\dimen298
\pgf@picminy=\dimen299
\pgf@picmaxy=\dimen300
\pgf@pathminx=\dimen301
\pgf@pathmaxx=\dimen302
\pgf@pathminy=\dimen303
\pgf@pathmaxy=\dimen304
\pgf@xx=\dimen305
\pgf@xy=\dimen306
\pgf@yx=\dimen307
\pgf@yy=\dimen308
\pgf@zx=\dimen309
\pgf@zy=\dimen310
)
(c:/texlive/2024/texmf-dist/tex/generic/pgf/basiclayer/pgfcorepathconstruct.cod
e.tex
File: pgfcorepathconstruct.code.tex 2023-01-15 v3.1.10 (3.1.10)
\pgf@path@lastx=\dimen311
\pgf@path@lasty=\dimen312
)
(c:/texlive/2024/texmf-dist/tex/generic/pgf/basiclayer/pgfcorepathusage.code.te
x
File: pgfcorepathusage.code.tex 2023-01-15 v3.1.10 (3.1.10)
\pgf@shorten@end@additional=\dimen313
\pgf@shorten@start@additional=\dimen314
)
(c:/texlive/2024/texmf-dist/tex/generic/pgf/basiclayer/pgfcorescopes.code.tex
File: pgfcorescopes.code.tex 2023-01-15 v3.1.10 (3.1.10)
\pgfpic=\box72
\pgf@hbox=\box73
\pgf@layerbox@main=\box74
\pgf@picture@serial@count=\count365
)
(c:/texlive/2024/texmf-dist/tex/generic/pgf/basiclayer/pgfcoregraphicstate.code
.tex
File: pgfcoregraphicstate.code.tex 2023-01-15 v3.1.10 (3.1.10)
\pgflinewidth=\dimen315
)
(c:/texlive/2024/texmf-dist/tex/generic/pgf/basiclayer/pgfcoretransformations.c
ode.tex
File: pgfcoretransformations.code.tex 2023-01-15 v3.1.10 (3.1.10)
\pgf@pt@x=\dimen316
\pgf@pt@y=\dimen317
\pgf@pt@temp=\dimen318
)
(c:/texlive/2024/texmf-dist/tex/generic/pgf/basiclayer/pgfcorequick.code.tex
File: pgfcorequick.code.tex 2023-01-15 v3.1.10 (3.1.10)
)
(c:/texlive/2024/texmf-dist/tex/generic/pgf/basiclayer/pgfcoreobjects.code.tex
File: pgfcoreobjects.code.tex 2023-01-15 v3.1.10 (3.1.10)
)
(c:/texlive/2024/texmf-dist/tex/generic/pgf/basiclayer/pgfcorepathprocessing.co
de.tex
File: pgfcorepathprocessing.code.tex 2023-01-15 v3.1.10 (3.1.10)
)
(c:/texlive/2024/texmf-dist/tex/generic/pgf/basiclayer/pgfcorearrows.code.tex
File: pgfcorearrows.code.tex 2023-01-15 v3.1.10 (3.1.10)
\pgfarrowsep=\dimen319
)
(c:/texlive/2024/texmf-dist/tex/generic/pgf/basiclayer/pgfcoreshade.code.tex
File: pgfcoreshade.code.tex 2023-01-15 v3.1.10 (3.1.10)
\pgf@max=\dimen320
\pgf@sys@shading@range@num=\count366
\pgf@shadingcount=\count367
)
(c:/texlive/2024/texmf-dist/tex/generic/pgf/basiclayer/pgfcoreimage.code.tex
File: pgfcoreimage.code.tex 2023-01-15 v3.1.10 (3.1.10)
)
(c:/texlive/2024/texmf-dist/tex/generic/pgf/basiclayer/pgfcoreexternal.code.tex
File: pgfcoreexternal.code.tex 2023-01-15 v3.1.10 (3.1.10)
\pgfexternal@startupbox=\box75
) (c:/texlive/2024/texmf-dist/tex/generic/pgf/basiclayer/pgfcorelayers.code.tex
File: pgfcorelayers.code.tex 2023-01-15 v3.1.10 (3.1.10)
)
(c:/texlive/2024/texmf-dist/tex/generic/pgf/basiclayer/pgfcoretransparency.code
.tex
File: pgfcoretransparency.code.tex 2023-01-15 v3.1.10 (3.1.10)
)
(c:/texlive/2024/texmf-dist/tex/generic/pgf/basiclayer/pgfcorepatterns.code.tex
File: pgfcorepatterns.code.tex 2023-01-15 v3.1.10 (3.1.10)
) (c:/texlive/2024/texmf-dist/tex/generic/pgf/basiclayer/pgfcorerdf.code.tex
File: pgfcorerdf.code.tex 2023-01-15 v3.1.10 (3.1.10)
))) (c:/texlive/2024/texmf-dist/tex/generic/pgf/modules/pgfmoduleshapes.code.te
x
File: pgfmoduleshapes.code.tex 2023-01-15 v3.1.10 (3.1.10)
\pgfnodeparttextbox=\box76
)
(c:/texlive/2024/texmf-dist/tex/generic/pgf/modules/pgfmoduleplot.code.tex
File: pgfmoduleplot.code.tex 2023-01-15 v3.1.10 (3.1.10)
)
(c:/texlive/2024/texmf-dist/tex/latex/pgf/compatibility/pgfcomp-version-0-65.st
y
Package: pgfcomp-version-0-65 2023-01-15 v3.1.10 (3.1.10)
\pgf@nodesepstart=\dimen321
\pgf@nodesepend=\dimen322
)
(c:/texlive/2024/texmf-dist/tex/latex/pgf/compatibility/pgfcomp-version-1-18.st
y
Package: pgfcomp-version-1-18 2023-01-15 v3.1.10 (3.1.10)
)) (c:/texlive/2024/texmf-dist/tex/latex/pgf/utilities/pgffor.sty
(c:/texlive/2024/texmf-dist/tex/latex/pgf/utilities/pgfkeys.sty
(c:/texlive/2024/texmf-dist/tex/generic/pgf/utilities/pgfkeys.code.tex))
(c:/texlive/2024/texmf-dist/tex/latex/pgf/math/pgfmath.sty
(c:/texlive/2024/texmf-dist/tex/generic/pgf/math/pgfmath.code.tex))
(c:/texlive/2024/texmf-dist/tex/generic/pgf/utilities/pgffor.code.tex
Package: pgffor 2023-01-15 v3.1.10 (3.1.10)
\pgffor@iter=\dimen323
\pgffor@skip=\dimen324
\pgffor@stack=\toks45
\pgffor@toks=\toks46
))
(c:/texlive/2024/texmf-dist/tex/generic/pgf/frontendlayer/tikz/tikz.code.tex
Package: tikz 2023-01-15 v3.1.10 (3.1.10)

(c:/texlive/2024/texmf-dist/tex/generic/pgf/libraries/pgflibraryplothandlers.co
de.tex
File: pgflibraryplothandlers.code.tex 2023-01-15 v3.1.10 (3.1.10)
\pgf@plot@mark@count=\count368
\pgfplotmarksize=\dimen325
)
\tikz@lastx=\dimen326
\tikz@lasty=\dimen327
\tikz@lastxsaved=\dimen328
\tikz@lastysaved=\dimen329
\tikz@lastmovetox=\dimen330
\tikz@lastmovetoy=\dimen331
\tikzleveldistance=\dimen332
\tikzsiblingdistance=\dimen333
\tikz@figbox=\box77
\tikz@figbox@bg=\box78
\tikz@tempbox=\box79
\tikz@tempbox@bg=\box80
\tikztreelevel=\count369
\tikznumberofchildren=\count370
\tikznumberofcurrentchild=\count371
\tikz@fig@count=\count372

(c:/texlive/2024/texmf-dist/tex/generic/pgf/modules/pgfmodulematrix.code.tex
File: pgfmodulematrix.code.tex 2023-01-15 v3.1.10 (3.1.10)
\pgfmatrixcurrentrow=\count373
\pgfmatrixcurrentcolumn=\count374
\pgf@matrix@numberofcolumns=\count375
)
\tikz@expandcount=\count376

(c:/texlive/2024/texmf-dist/tex/generic/pgf/frontendlayer/tikz/libraries/tikzli
brarytopaths.code.tex
File: tikzlibrarytopaths.code.tex 2023-01-15 v3.1.10 (3.1.10)
)))
(c:/texlive/2024/texmf-dist/tex/latex/setspace/setspace.sty
Package: setspace 2022/12/04 v6.7b set line spacing
)
(c:/texlive/2024/texmf-dist/tex/latex/lineno/lineno.sty
Package: lineno 2023/05/20 line numbers on paragraphs v5.3
\linenopenalty=\count377
\output=\toks47
\linenoprevgraf=\count378
\linenumbersep=\dimen334
\linenumberwidth=\dimen335
\c@linenumber=\count379
\c@pagewiselinenumber=\count380
\c@LN@truepage=\count381
\c@internallinenumber=\count382
\c@internallinenumbers=\count383
\quotelinenumbersep=\dimen336
\bframerule=\dimen337
\bframesep=\dimen338
\bframebox=\box81
\linenoamsmath@ams@eqpen=\count384
LaTeX Info: Redefining \\ on input line 3180.
)
LaTeX Font Info:    Trying to load font information for T1+stix on input line 3
8.

(c:/texlive/2024/texmf-dist/tex/latex/stix/t1stix.fd
File: t1stix.fd 2015/04/17 v1.1.2-latex STIX T1 font definitions
)

LaTeX Warning: Unused global option(s):
    [reprint].

(./CaF_Revision_1.aux)
\openout1 = `CaF_Revision_1.aux'.

LaTeX Font Info:    Checking defaults for OML/cmm/m/it on input line 38.
LaTeX Font Info:    ... okay on input line 38.
LaTeX Font Info:    Checking defaults for OMS/cmsy/m/n on input line 38.
LaTeX Font Info:    ... okay on input line 38.
LaTeX Font Info:    Checking defaults for OT1/cmr/m/n on input line 38.
LaTeX Font Info:    ... okay on input line 38.
LaTeX Font Info:    Checking defaults for T1/cmr/m/n on input line 38.
LaTeX Font Info:    ... okay on input line 38.
LaTeX Font Info:    Checking defaults for TS1/cmr/m/n on input line 38.
LaTeX Font Info:    ... okay on input line 38.
LaTeX Font Info:    Checking defaults for OMX/cmex/m/n on input line 38.
LaTeX Font Info:    ... okay on input line 38.
LaTeX Font Info:    Checking defaults for U/cmr/m/n on input line 38.
LaTeX Font Info:    ... okay on input line 38.
LaTeX Font Info:    Checking defaults for PD1/pdf/m/n on input line 38.
LaTeX Font Info:    ... okay on input line 38.
LaTeX Font Info:    Checking defaults for PU/pdf/m/n on input line 38.
LaTeX Font Info:    ... okay on input line 38.
LaTeX Font Info:    Checking defaults for LS1/stix/m/n on input line 38.
LaTeX Font Info:    Trying to load font information for LS1+stix on input line 
38.
 (c:/texlive/2024/texmf-dist/tex/latex/stix/ls1stix.fd
File: ls1stix.fd 2015/04/17 v1.1.2-latex STIX LS1 font definitions
)
LaTeX Font Info:    ... okay on input line 38.
LaTeX Font Info:    Checking defaults for LS2/stix/m/n on input line 38.
LaTeX Font Info:    Trying to load font information for LS2+stix on input line 
38.

(c:/texlive/2024/texmf-dist/tex/latex/stix/ls2stix.fd
File: ls2stix.fd 2015/04/17 v1.1.2-latex STIX LS2 font definitions
)
LaTeX Font Info:    ... okay on input line 38.

(c:/texlive/2024/texmf-dist/tex/context/base/mkii/supp-pdf.mkii
[Loading MPS to PDF converter (version 2006.09.02).]
\scratchcounter=\count385
\scratchdimen=\dimen339
\scratchbox=\box82
\nofMPsegments=\count386
\nofMParguments=\count387
\everyMPshowfont=\toks48
\MPscratchCnt=\count388
\MPscratchDim=\dimen340
\MPnumerator=\count389
\makeMPintoPDFobject=\count390
\everyMPtoPDFconversion=\toks49
) (c:/texlive/2024/texmf-dist/tex/latex/epstopdf-pkg/epstopdf-base.sty
Package: epstopdf-base 2020-01-24 v2.11 Base part for package epstopdf
Package epstopdf-base Info: Redefining graphics rule for `.eps' on input line 4
85.

(c:/texlive/2024/texmf-dist/tex/latex/latexconfig/epstopdf-sys.cfg
File: epstopdf-sys.cfg 2010/07/13 v1.3 Configuration of (r)epstopdf for TeX Liv
e
))
LaTeX Info: Command `\dddot' is already robust on input line 38.
LaTeX Info: Command `\ddddot' is already robust on input line 38.
Package hyperref Info: Link coloring ON on input line 38.

(./CaF_Revision_1.out) (./CaF_Revision_1.out)
\@outlinefile=\write4
\openout4 = `CaF_Revision_1.out'.


(c:/texlive/2024/texmf-dist/tex/latex/upquote/upquote.sty
Package: upquote 2012/04/19 v1.3 upright-quote and grave-accent glyphs in verba
tim
)
*geometry* driver: auto-detecting
*geometry* detected driver: pdftex
*geometry* verbose mode - [ preamble ] result:
* driver: pdftex
* paper: custom
* layout: <same size as paper>
* layoutoffset:(h,v)=(0.0pt,0.0pt)
* modes: 
* h-part:(L,W,R)=(51.4995pt, 494.50888pt, 51.4995pt)
* v-part:(T,H,B)=(55.48286pt, 689.4103pt, 51.784pt)
* \paperwidth=597.50787pt
* \paperheight=796.67715pt
* \textwidth=494.50888pt
* \textheight=689.4103pt
* \oddsidemargin=-20.7705pt
* \evensidemargin=-20.7705pt
* \topmargin=-40.78712pt
* \headheight=12.0pt
* \headsep=12.0pt
* \topskip=10.0pt
* \footskip=12.0pt
* \marginparwidth=57.0pt
* \marginparsep=11.0pt
* \columnsep=18.0pt
* \skip\footins=9.0pt plus 4.0pt minus 2.0pt
* \hoffset=0.0pt
* \voffset=0.0pt
* \mag=1000
* \@twocolumnfalse
* \@twosidefalse
* \@mparswitchfalse
* \@reversemarginfalse
* (1in=72.27pt=25.4mm, 1cm=28.453pt)


Package hyperref Warning: Token not allowed in a PDF string (Unicode):
(hyperref)                removing `\includegraphics' on input line 53.


Package hyperref Warning: Token not allowed in a PDF string (Unicode):
(hyperref)                removing `\linewidth' on input line 53.


Package hyperref Warning: Token not allowed in a PDF string (Unicode):
(hyperref)                removing `subscript' on input line 53.


Package hyperref Warning: Token not allowed in a PDF string (Unicode):
(hyperref)                removing `\new@ifnextchar' on input line 53.

\verbatim@out=\write5
\openout5 = `CaF_Revision_1.abs'.

<headbar_CnF.png, id=7, 1426.57968pt x 292.09125pt>
File: headbar_CnF.png Graphic file (type png)
<use headbar_CnF.png>
Package pdftex.def Info: headbar_CnF.png  used on input line 179.
(pdftex.def)             Requested size: 494.50888pt x 101.24847pt.
LaTeX Font Info:    Trying to load font information for LS1+stixscr on input li
ne 179.
(c:/texlive/2024/texmf-dist/tex/latex/stix/ls1stixscr.fd
File: ls1stixscr.fd 2015/04/17 v1.1.2-latex STIX script LS1 font definitions
)
LaTeX Font Info:    Trying to load font information for LS2+stixex on input lin
e 179.

(c:/texlive/2024/texmf-dist/tex/latex/stix/ls2stixex.fd
File: ls2stixex.fd 2015/04/17 v1.1.2-latex STIX extentions LS2 font definitions

)
LaTeX Font Info:    Trying to load font information for U+msa on input line 179
.

(c:/texlive/2024/texmf-dist/tex/latex/amsfonts/umsa.fd
File: umsa.fd 2013/01/14 v3.01 AMS symbols A
)
LaTeX Font Info:    Trying to load font information for U+msb on input line 179
.

(c:/texlive/2024/texmf-dist/tex/latex/amsfonts/umsb.fd
File: umsb.fd 2013/01/14 v3.01 AMS symbols B
)
LaTeX Font Info:    Trying to load font information for LS1+stixfrak on input l
ine 179.

(c:/texlive/2024/texmf-dist/tex/latex/stix/ls1stixfrak.fd
File: ls1stixfrak.fd 2015/04/17 v1.1.2-latex STIX fraktur LS1 font definitions
)
LaTeX Font Info:    Trying to load font information for LS1+stixbb on input lin
e 179.

(c:/texlive/2024/texmf-dist/tex/latex/stix/ls1stixbb.fd
File: ls1stixbb.fd 2015/04/17 v1.1.2-latex STIX blackboard LS1 font definitions

)
LaTeX Font Info:    Trying to load font information for LS2+stixcal on input li
ne 179.

(c:/texlive/2024/texmf-dist/tex/latex/stix/ls2stixcal.fd
File: ls2stixcal.fd 2015/04/17 v1.1.2-latex STIX calligraphic LS2 font definiti
ons
)
LaTeX Font Info:    Trying to load font information for LS1+stixsf on input lin
e 179.

(c:/texlive/2024/texmf-dist/tex/latex/stix/ls1stixsf.fd
File: ls1stixsf.fd 2015/04/17 v1.1.2-latex STIX sans-serif LS1 font definitions

)
LaTeX Font Info:    Trying to load font information for LS2+stixtt on input lin
e 179.

(c:/texlive/2024/texmf-dist/tex/latex/stix/ls2stixtt.fd
File: ls2stixtt.fd 2015/04/17 v1.1.2-latex STIX typewriter LS2 font definitions

)
Overfull \hbox (123.62721pt too wide) detected at line 179
[]
 []

(./CaF_Revision_1.abs)
<thumbnails/cas-email.jpeg, id=9, 225.84375pt x 225.84375pt>
File: thumbnails/cas-email.jpeg Graphic file (type jpg)
<use thumbnails/cas-email.jpeg>
Package pdftex.def Info: thumbnails/cas-email.jpeg  used on input line 179.
(pdftex.def)             Requested size: 7.99838pt x 8.0pt.
LaTeX Font Info:    Trying to load font information for T1+zi4 on input line 17
9.

(c:/texlive/2024/texmf-dist/tex/latex/inconsolata/t1zi4.fd
File: t1zi4.fd 2018/01/14 T1/zi4 (Inconsolata)
)
LaTeX Font Info:    Font shape `T1/zi4/m/n' will be
(Font)              scaled to size 6.80005pt on input line 179.



Overfull \hbox (1.91629pt too wide) in paragraph at lines 190--192
\T1/stix/m/n/10 and struc-tural re-sponses, lead-ing to var-i-ous in-sta-bil-i-
ties ([][]Eloy
 []



[1{c:/texlive/2024/texmf-var/fonts/map/pdftex/updmap/pdftex.map}{c:/texlive/202
4/texmf-dist/fonts/enc/dvips/stix/stix-t1.enc}


{c:/texlive/2024/texmf-dist/fonts/enc/dvips/inconsolata/i4-t1-0.enc}{c:/texlive
/2024/texmf-dist/fonts/enc/dvips/cm-super/cm-super-t1.enc} <./headbar_CnF.png> 
<c:/texlive/2024/texmf-dist/tex/latex/els-cas-templates/thumbnails/cas-email.jp
eg>]

Package natbib Warning: Citation `Liao2023' on page 2 undefined on input line 1
99.

<Figures/3_a2.png, id=156, 2069.95555pt x 392.57777pt>
File: Figures/3_a2.png Graphic file (type png)
<use Figures/3_a2.png>
Package pdftex.def Info: Figures/3_a2.png  used on input line 203.
(pdftex.def)             Requested size: 494.50888pt x 93.7833pt.



Package amsmath Warning: Foreign command \over;
(amsmath)                \frac or \genfrac should be used instead
(amsmath)                 on input line 220.

<Figures/delta_Re200_1600_single2.png, id=163, 786.04778pt x 711.99333pt>
File: Figures/delta_Re200_1600_single2.png Graphic file (type png)
<use Figures/delta_Re200_1600_single2.png>
Package pdftex.def Info: Figures/delta_Re200_1600_single2.png  used on input li
ne 235.
(pdftex.def)             Requested size: 163.18883pt x 147.81734pt.
Package epstopdf Info: Source file: <Figures/1.eps>
(epstopdf)                    date: 2024-11-06 23:43:09
(epstopdf)                    size: 204918 bytes
(epstopdf)             Output file: <Figures/1-eps-converted-to.pdf>
(epstopdf)                    date: 2024-11-06 23:43:09
(epstopdf)                    size: 12195 bytes
(epstopdf)             Command: <repstopdf --outfile=Figures/1-eps-converted-to
.pdf Figures/1.eps>
(epstopdf)             \includegraphics on input line 241.
Package epstopdf Info: Output file is already uptodate.
<Figures/1-eps-converted-to.pdf, id=164, 477.785pt x 426.59375pt>
File: Figures/1-eps-converted-to.pdf Graphic file (type pdf)
<use Figures/1-eps-converted-to.pdf>
Package pdftex.def Info: Figures/1-eps-converted-to.pdf  used on input line 241
.
(pdftex.def)             Requested size: 158.24646pt x 141.2906pt.
Package epstopdf Info: Source file: <Figures/2.eps>
(epstopdf)                    date: 2024-11-06 23:43:09
(epstopdf)                    size: 205327 bytes
(epstopdf)             Output file: <Figures/2-eps-converted-to.pdf>
(epstopdf)                    date: 2024-11-06 23:43:09
(epstopdf)                    size: 12619 bytes
(epstopdf)             Command: <repstopdf --outfile=Figures/2-eps-converted-to
.pdf Figures/2.eps>
(epstopdf)             \includegraphics on input line 247.
Package epstopdf Info: Output file is already uptodate.
<Figures/2-eps-converted-to.pdf, id=165, 476.78125pt x 424.58624pt>
File: Figures/2-eps-converted-to.pdf Graphic file (type pdf)
<use Figures/2-eps-converted-to.pdf>
Package pdftex.def Info: Figures/2-eps-converted-to.pdf  used on input line 247
.
(pdftex.def)             Requested size: 158.24646pt x 140.92372pt.


[2]



[3 <./Figures/3_a2.png> <./Figures/delta_Re200_1600_single2.png> <./Figures/1-e
ps-converted-to.pdf> <./Figures/2-eps-converted-to.pdf>]
<Figures/vort_Single_a_4000.png, id=276, 1848.9075pt x 201.75375pt>
File: Figures/vort_Single_a_4000.png Graphic file (type png)
<use Figures/vort_Single_a_4000.png>
Package pdftex.def Info: Figures/vort_Single_a_4000.png  used on input line 278
.
(pdftex.def)             Requested size: 222.52748pt x 31.63168pt.
<Figures/vort_Single_b_4000.png, id=278, 1848.9075pt x 201.75375pt>
File: Figures/vort_Single_b_4000.png Graphic file (type png)
<use Figures/vort_Single_b_4000.png>
Package pdftex.def Info: Figures/vort_Single_b_4000.png  used on input line 281
.
(pdftex.def)             Requested size: 222.52748pt x 31.63168pt.
<Figures/vort_Single_c_4000.png, id=280, 1848.9075pt x 201.75375pt>
File: Figures/vort_Single_c_4000.png Graphic file (type png)
<use Figures/vort_Single_c_4000.png>
Package pdftex.def Info: Figures/vort_Single_c_4000.png  used on input line 284
.
(pdftex.def)             Requested size: 222.52748pt x 31.63168pt.
<Figures/vort_Single_d_4000.png, id=282, 1848.9075pt x 201.75375pt>
File: Figures/vort_Single_d_4000.png Graphic file (type png)
<use Figures/vort_Single_d_4000.png>
Package pdftex.def Info: Figures/vort_Single_d_4000.png  used on input line 287
.
(pdftex.def)             Requested size: 222.52748pt x 31.63168pt.
<Figures/vort_Single_e_4000.png, id=284, 1392.70313pt x 156.585pt>
File: Figures/vort_Single_e_4000.png Graphic file (type png)
<use Figures/vort_Single_e_4000.png>
Package pdftex.def Info: Figures/vort_Single_e_4000.png  used on input line 290
.
(pdftex.def)             Requested size: 222.52748pt x 36.17865pt.

Underfull \hbox (badness 10000) in paragraph at lines 280--293
[][]
 []


Underfull \hbox (badness 10000) in paragraph at lines 280--293
[]
 []


Underfull \hbox (badness 10000) in paragraph at lines 280--293
[]
 []


Underfull \hbox (badness 10000) in paragraph at lines 280--293
[]
 []

<Figures/T2_Single_a_4000.png, id=286, 1848.9075pt x 185.69376pt>
File: Figures/T2_Single_a_4000.png Graphic file (type png)
<use Figures/T2_Single_a_4000.png>
Package pdftex.def Info: Figures/T2_Single_a_4000.png  used on input line 295.
(pdftex.def)             Requested size: 237.36214pt x 31.62418pt.
<Figures/T2_Single_b_4000.png, id=288, 1848.9075pt x 185.69376pt>
File: Figures/T2_Single_b_4000.png Graphic file (type png)
<use Figures/T2_Single_b_4000.png>
Package pdftex.def Info: Figures/T2_Single_b_4000.png  used on input line 299.
(pdftex.def)             Requested size: 237.36214pt x 31.62418pt.
<Figures/T2_Single_c_4000.png, id=290, 1848.9075pt x 185.69376pt>
File: Figures/T2_Single_c_4000.png Graphic file (type png)
<use Figures/T2_Single_c_4000.png>
Package pdftex.def Info: Figures/T2_Single_c_4000.png  used on input line 301.
(pdftex.def)             Requested size: 237.36214pt x 31.62418pt.
<Figures/T2_Single_d_4000.png, id=292, 1848.9075pt x 185.69376pt>
File: Figures/T2_Single_d_4000.png Graphic file (type png)
<use Figures/T2_Single_d_4000.png>
Package pdftex.def Info: Figures/T2_Single_d_4000.png  used on input line 303.
(pdftex.def)             Requested size: 237.36214pt x 31.62418pt.
<Figures/T2_Single_e_4000.png, id=294, 1385.175pt x 146.79843pt>
File: Figures/T2_Single_e_4000.png Graphic file (type png)
<use Figures/T2_Single_e_4000.png>
Package pdftex.def Info: Figures/T2_Single_e_4000.png  used on input line 305.
(pdftex.def)             Requested size: 237.36214pt x 37.47006pt.
<Figures/legend_vortex.png, id=296, 693.34032pt x 75.28125pt>
File: Figures/legend_vortex.png Graphic file (type png)
<use Figures/legend_vortex.png>
Package pdftex.def Info: Figures/legend_vortex.png  used on input line 307.
(pdftex.def)             Requested size: 99.69165pt x 10.82417pt.
<Figures/legend_scalar.png, id=297, 691.08188pt x 75.28125pt>
File: Figures/legend_scalar.png Graphic file (type png)
<use Figures/legend_scalar.png>
Package pdftex.def Info: Figures/legend_scalar.png  used on input line 308.
(pdftex.def)             Requested size: 99.69165pt x 10.85863pt.

Underfull \hbox (badness 10000) in paragraph at lines 298--318
[][]
 []


Underfull \hbox (badness 10000) in paragraph at lines 298--318
[]
 []


Underfull \hbox (badness 10000) in paragraph at lines 298--318
[]
 []


Underfull \hbox (badness 10000) in paragraph at lines 298--318
[]
 []



<Figures/MI_HL/MI_x_single_46.png, id=298, 811.92223pt x 662.92111pt>
File: Figures/MI_HL/MI_x_single_46.png Graphic file (type png)
<use Figures/MI_HL/MI_x_single_46.png>
Package pdftex.def Info: Figures/MI_HL/MI_x_single_46.png  used on input line 3
28.
(pdftex.def)             Requested size: 117.93478pt x 96.288pt.
<Figures/MI_HL/HL_x_single_46.png, id=300, 811.92223pt x 662.92111pt>
File: Figures/MI_HL/HL_x_single_46.png Graphic file (type png)
<use Figures/MI_HL/HL_x_single_46.png>
Package pdftex.def Info: Figures/MI_HL/HL_x_single_46.png  used on input line 3
33.
(pdftex.def)             Requested size: 117.93478pt x 96.288pt.
File: Figures/vort_Single_b_4000.png Graphic file (type png)
<use Figures/vort_Single_b_4000.png>
Package pdftex.def Info: Figures/vort_Single_b_4000.png  used on input line 346
.
(pdftex.def)             Requested size: 222.52748pt x 31.63168pt.
<Figures/vort_4_b_4000.png, id=303, 1848.9075pt x 201.75375pt>
File: Figures/vort_4_b_4000.png Graphic file (type png)
<use Figures/vort_4_b_4000.png>
Package pdftex.def Info: Figures/vort_4_b_4000.png  used on input line 349.
(pdftex.def)             Requested size: 222.52748pt x 31.63168pt.
<Figures/vort_3_b_4000.png, id=305, 1848.9075pt x 201.75375pt>
File: Figures/vort_3_b_4000.png Graphic file (type png)
<use Figures/vort_3_b_4000.png>
Package pdftex.def Info: Figures/vort_3_b_4000.png  used on input line 352.
(pdftex.def)             Requested size: 222.52748pt x 31.63168pt.
<Figures/vort_2_b_4000.png, id=307, 1848.9075pt x 201.75375pt>
File: Figures/vort_2_b_4000.png Graphic file (type png)
<use Figures/vort_2_b_4000.png>
Package pdftex.def Info: Figures/vort_2_b_4000.png  used on input line 355.
(pdftex.def)             Requested size: 222.52748pt x 31.63168pt.
<Figures/vort_1_b_4000.png, id=309, 1386.68062pt x 153.57375pt>
File: Figures/vort_1_b_4000.png Graphic file (type png)
<use Figures/vort_1_b_4000.png>
Package pdftex.def Info: Figures/vort_1_b_4000.png  used on input line 358.
(pdftex.def)             Requested size: 222.52748pt x 35.70786pt.
<Figures/vort_0_b_4000.png, id=311, 1386.68062pt x 153.57375pt>
File: Figures/vort_0_b_4000.png Graphic file (type png)
<use Figures/vort_0_b_4000.png>
Package pdftex.def Info: Figures/vort_0_b_4000.png  used on input line 361.
(pdftex.def)             Requested size: 222.52748pt x 35.70786pt.

Underfull \hbox (badness 10000) in paragraph at lines 348--364
[][]
 []


Underfull \hbox (badness 10000) in paragraph at lines 348--364
[]
 []


Underfull \hbox (badness 10000) in paragraph at lines 348--364
[]
 []


Underfull \hbox (badness 10000) in paragraph at lines 348--364
[]
 []


Underfull \hbox (badness 10000) in paragraph at lines 348--364
[]
 []

File: Figures/T2_Single_b_4000.png Graphic file (type png)
<use Figures/T2_Single_b_4000.png>
Package pdftex.def Info: Figures/T2_Single_b_4000.png  used on input line 366.
(pdftex.def)             Requested size: 237.36214pt x 31.62418pt.
<Figures/T2_4_b_4000.png, id=314, 1848.9075pt x 185.69376pt>
File: Figures/T2_4_b_4000.png Graphic file (type png)
<use Figures/T2_4_b_4000.png>
Package pdftex.def Info: Figures/T2_4_b_4000.png  used on input line 368.
(pdftex.def)             Requested size: 237.36214pt x 31.62418pt.
<Figures/T2_3_b_4000.png, id=316, 1848.9075pt x 185.69376pt>
File: Figures/T2_3_b_4000.png Graphic file (type png)
<use Figures/T2_3_b_4000.png>
Package pdftex.def Info: Figures/T2_3_b_4000.png  used on input line 372.
(pdftex.def)             Requested size: 237.36214pt x 31.62418pt.
<Figures/T2_2_b_4000.png, id=318, 1848.9075pt x 185.69376pt>
File: Figures/T2_2_b_4000.png Graphic file (type png)
<use Figures/T2_2_b_4000.png>
Package pdftex.def Info: Figures/T2_2_b_4000.png  used on input line 374.
(pdftex.def)             Requested size: 237.36214pt x 31.62418pt.
<Figures/T2_1_b_4000.png, id=320, 1848.9075pt x 185.69376pt>
File: Figures/T2_1_b_4000.png Graphic file (type png)
<use Figures/T2_1_b_4000.png>
Package pdftex.def Info: Figures/T2_1_b_4000.png  used on input line 376.
(pdftex.def)             Requested size: 237.36214pt x 31.62418pt.
<Figures/T2_0_b_4000.png, id=322, 1386.68062pt x 146.79843pt>
File: Figures/T2_0_b_4000.png Graphic file (type png)
<use Figures/T2_0_b_4000.png>
Package pdftex.def Info: Figures/T2_0_b_4000.png  used on input line 378.
(pdftex.def)             Requested size: 237.36214pt x 37.40958pt.
File: Figures/legend_vortex.png Graphic file (type png)
<use Figures/legend_vortex.png>
Package pdftex.def Info: Figures/legend_vortex.png  used on input line 380.
(pdftex.def)             Requested size: 99.69165pt x 10.82417pt.
File: Figures/legend_scalar.png Graphic file (type png)
<use Figures/legend_scalar.png>
Package pdftex.def Info: Figures/legend_scalar.png  used on input line 381.
(pdftex.def)             Requested size: 99.69165pt x 10.85863pt.

Underfull \hbox (badness 10000) in paragraph at lines 367--399
[][]
 []


Underfull \hbox (badness 10000) in paragraph at lines 367--399
[]
 []


Underfull \hbox (badness 10000) in paragraph at lines 367--399
[]
 []


Underfull \hbox (badness 10000) in paragraph at lines 367--399
[]
 []


Underfull \hbox (badness 10000) in paragraph at lines 367--399
[]
 []

<Figures/MI_HL/MI_x_Re400_46.png, id=326, 811.92223pt x 662.92111pt>
File: Figures/MI_HL/MI_x_Re400_46.png Graphic file (type png)
<use Figures/MI_HL/MI_x_Re400_46.png>
Package pdftex.def Info: Figures/MI_HL/MI_x_Re400_46.png  used on input line 40
9.
(pdftex.def)             Requested size: 244.77948pt x 199.85905pt.
<Figures/MI_HL/HL_x_Re400_46.png, id=328, 811.92223pt x 662.92111pt>
File: Figures/MI_HL/HL_x_Re400_46.png Graphic file (type png)
<use Figures/MI_HL/HL_x_Re400_46.png>
Package pdftex.def Info: Figures/MI_HL/HL_x_Re400_46.png  used on input line 41
4.
(pdftex.def)             Requested size: 244.77948pt x 199.85905pt.
<Figures/MI_HL/spcaeTime_M_Singlea.png, id=330, 803.1606pt x 669.2202pt>
File: Figures/MI_HL/spcaeTime_M_Singlea.png Graphic file (type png)
<use Figures/MI_HL/spcaeTime_M_Singlea.png>
Package pdftex.def Info: Figures/MI_HL/spcaeTime_M_Singlea.png  used on input l
ine 426.
(pdftex.def)             Requested size: 118.68484pt x 98.88995pt.
<Figures/MI_HL/spcaeTime_M_4a.png, id=332, 803.1606pt x 669.2202pt>
File: Figures/MI_HL/spcaeTime_M_4a.png Graphic file (type png)
<use Figures/MI_HL/spcaeTime_M_4a.png>
Package pdftex.def Info: Figures/MI_HL/spcaeTime_M_4a.png  used on input line 4
27.
(pdftex.def)             Requested size: 118.68484pt x 98.88995pt.
<Figures/MI_HL/spcaeTime_M_2a.png, id=334, 803.1606pt x 669.2202pt>
File: Figures/MI_HL/spcaeTime_M_2a.png Graphic file (type png)
<use Figures/MI_HL/spcaeTime_M_2a.png>
Package pdftex.def Info: Figures/MI_HL/spcaeTime_M_2a.png  used on input line 4
28.
(pdftex.def)             Requested size: 118.68484pt x 98.88995pt.
<Figures/MI_HL/spcaeTime_M_0a.png, id=336, 803.1606pt x 669.2202pt>
File: Figures/MI_HL/spcaeTime_M_0a.png Graphic file (type png)
<use Figures/MI_HL/spcaeTime_M_0a.png>
Package pdftex.def Info: Figures/MI_HL/spcaeTime_M_0a.png  used on input line 4
31.
(pdftex.def)             Requested size: 118.68484pt x 98.88995pt.
<Figures/MI_HL/spcaeTime_M_Singleb.png, id=338, 803.1606pt x 669.2202pt>
File: Figures/MI_HL/spcaeTime_M_Singleb.png Graphic file (type png)
<use Figures/MI_HL/spcaeTime_M_Singleb.png>
Package pdftex.def Info: Figures/MI_HL/spcaeTime_M_Singleb.png  used on input l
ine 434.
(pdftex.def)             Requested size: 118.68484pt x 98.88995pt.
<Figures/MI_HL/spcaeTime_M_4b.png, id=340, 803.1606pt x 669.2202pt>
File: Figures/MI_HL/spcaeTime_M_4b.png Graphic file (type png)
<use Figures/MI_HL/spcaeTime_M_4b.png>
Package pdftex.def Info: Figures/MI_HL/spcaeTime_M_4b.png  used on input line 4
35.
(pdftex.def)             Requested size: 118.68484pt x 98.88995pt.
<Figures/MI_HL/spcaeTime_M_2b.png, id=342, 803.1606pt x 669.2202pt>
File: Figures/MI_HL/spcaeTime_M_2b.png Graphic file (type png)
<use Figures/MI_HL/spcaeTime_M_2b.png>
Package pdftex.def Info: Figures/MI_HL/spcaeTime_M_2b.png  used on input line 4
36.
(pdftex.def)             Requested size: 118.68484pt x 98.88995pt.
<Figures/MI_HL/spcaeTime_M_0b.png, id=344, 803.1606pt x 669.2202pt>
File: Figures/MI_HL/spcaeTime_M_0b.png Graphic file (type png)
<use Figures/MI_HL/spcaeTime_M_0b.png>
Package pdftex.def Info: Figures/MI_HL/spcaeTime_M_0b.png  used on input line 4
39.
(pdftex.def)             Requested size: 118.68484pt x 98.88995pt.
<Figures/MI_HL/spcaeTime_M_Singlec.png, id=346, 803.1606pt x 669.2202pt>
File: Figures/MI_HL/spcaeTime_M_Singlec.png Graphic file (type png)
<use Figures/MI_HL/spcaeTime_M_Singlec.png>
Package pdftex.def Info: Figures/MI_HL/spcaeTime_M_Singlec.png  used on input l
ine 442.
(pdftex.def)             Requested size: 118.68484pt x 98.88995pt.
<Figures/MI_HL/spcaeTime_M_4c.png, id=348, 803.1606pt x 669.2202pt>
File: Figures/MI_HL/spcaeTime_M_4c.png Graphic file (type png)
<use Figures/MI_HL/spcaeTime_M_4c.png>
Package pdftex.def Info: Figures/MI_HL/spcaeTime_M_4c.png  used on input line 4
43.
(pdftex.def)             Requested size: 118.68484pt x 98.88995pt.
<Figures/MI_HL/spcaeTime_M_2c.png, id=350, 803.1606pt x 669.2202pt>
File: Figures/MI_HL/spcaeTime_M_2c.png Graphic file (type png)
<use Figures/MI_HL/spcaeTime_M_2c.png>
Package pdftex.def Info: Figures/MI_HL/spcaeTime_M_2c.png  used on input line 4
44.
(pdftex.def)             Requested size: 118.68484pt x 98.88995pt.
<Figures/MI_HL/spcaeTime_M_0c.png, id=352, 803.1606pt x 669.2202pt>
File: Figures/MI_HL/spcaeTime_M_0c.png Graphic file (type png)
<use Figures/MI_HL/spcaeTime_M_0c.png>
Package pdftex.def Info: Figures/MI_HL/spcaeTime_M_0c.png  used on input line 4
47.
(pdftex.def)             Requested size: 118.68484pt x 98.88995pt.
<Figures/MI_HL/spcaeTime_M_Singled.png, id=354, 803.1606pt x 669.2202pt>
File: Figures/MI_HL/spcaeTime_M_Singled.png Graphic file (type png)
<use Figures/MI_HL/spcaeTime_M_Singled.png>
Package pdftex.def Info: Figures/MI_HL/spcaeTime_M_Singled.png  used on input l
ine 458.
(pdftex.def)             Requested size: 118.68484pt x 98.88995pt.
<Figures/MI_HL/spcaeTime_M_4d.png, id=356, 803.1606pt x 669.2202pt>
File: Figures/MI_HL/spcaeTime_M_4d.png Graphic file (type png)
<use Figures/MI_HL/spcaeTime_M_4d.png>
Package pdftex.def Info: Figures/MI_HL/spcaeTime_M_4d.png  used on input line 4
59.
(pdftex.def)             Requested size: 118.68484pt x 98.88995pt.
<Figures/MI_HL/spcaeTime_M_2d.png, id=358, 803.1606pt x 669.2202pt>
File: Figures/MI_HL/spcaeTime_M_2d.png Graphic file (type png)
<use Figures/MI_HL/spcaeTime_M_2d.png>
Package pdftex.def Info: Figures/MI_HL/spcaeTime_M_2d.png  used on input line 4
60.
(pdftex.def)             Requested size: 118.68484pt x 98.88995pt.
<Figures/MI_HL/spcaeTime_M_0d.png, id=360, 803.1606pt x 669.2202pt>
File: Figures/MI_HL/spcaeTime_M_0d.png Graphic file (type png)
<use Figures/MI_HL/spcaeTime_M_0d.png>
Package pdftex.def Info: Figures/MI_HL/spcaeTime_M_0d.png  used on input line 4
64.
(pdftex.def)             Requested size: 118.68484pt x 98.88995pt.
<Figures/MI_HL/leg_timespace.png, id=362, 527.30333pt x 56.21pt>
File: Figures/MI_HL/leg_timespace.png Graphic file (type png)
<use Figures/MI_HL/leg_timespace.png>
Package pdftex.def Info: Figures/MI_HL/leg_timespace.png  used on input line 48
0.
(pdftex.def)             Requested size: 109.18983pt x 11.6389pt.


[4]



[5 <./Figures/legend_vortex.png> <./Figures/legend_scalar.png> <./Figures/vort_
single_a_4000.png (PNG copy)> <./Figures/vort_single_b_4000.png (PNG copy)> <./
Figures/vort_single_c_4000.png (PNG copy)> <./Figures/vort_single_d_4000.png (P
NG copy)> <./Figures/vort_single_e_4000.png> <./Figures/T2_Single_a_4000.png (P
NG copy)> <./Figures/T2_Single_b_4000.png (PNG copy)> <./Figures/T2_Single_c_40
00.png (PNG copy)> <./Figures/T2_Single_d_4000.png (PNG copy)> <./Figures/T2_Si
ngle_e_4000.png> <./Figures/MI_HL/MI_x_single_46.png> <./Figures/MI_HL/HL_x_sin
gle_46.png>]



[6 <./Figures/vort_4_b_4000.png (PNG copy)> <./Figures/vort_3_b_4000.png (PNG c
opy)> <./Figures/vort_2_b_4000.png (PNG copy)> <./Figures/vort_1_b_4000.png> <.
/Figures/vort_0_b_4000.png> <./Figures/T2_4_b_4000.png (PNG copy)> <./Figures/T
2_3_b_4000.png (PNG copy)> <./Figures/T2_2_b_4000.png (PNG copy)> <./Figures/T2
_1_b_4000.png (PNG copy)> <./Figures/T2_0_b_4000.png> <./Figures/MI_HL/MI_x_Re4
00_46.png> <./Figures/MI_HL/HL_x_Re400_46.png>]



[7 <./Figures/MI_HL/leg_timespace.png> <./Figures/MI_HL/spcaeTime_M_Singlea.png
 (PNG copy)> <./Figures/MI_HL/spcaeTime_M_4a.png (PNG copy)> <./Figures/MI_HL/s
pcaeTime_M_2a.png (PNG copy)> <./Figures/MI_HL/spcaeTime_M_0a.png (PNG copy)> <
./Figures/MI_HL/spcaeTime_M_Singleb.png (PNG copy)> <./Figures/MI_HL/spcaeTime_
M_4b.png (PNG copy)> <./Figures/MI_HL/spcaeTime_M_2b.png (PNG copy)> <./Figures
/MI_HL/spcaeTime_M_0b.png (PNG copy)> <./Figures/MI_HL/spcaeTime_M_Singlec.png 
(PNG copy)> <./Figures/MI_HL/spcaeTime_M_4c.png (PNG copy)> <./Figures/MI_HL/sp
caeTime_M_2c.png (PNG copy)> <./Figures/MI_HL/spcaeTime_M_0c.png (PNG copy)> <.
/Figures/MI_HL/spcaeTime_M_Singled.png (PNG copy)> <./Figures/MI_HL/spcaeTime_M
_4d.png (PNG copy)> <./Figures/MI_HL/spcaeTime_M_2d.png (PNG copy)> <./Figures/
MI_HL/spcaeTime_M_0d.png (PNG copy)>]
<Figures/MI_HL/MI_HL_12h.png, id=485, 574.59111pt x 490.72223pt>
File: Figures/MI_HL/MI_HL_12h.png Graphic file (type png)
<use Figures/MI_HL/MI_HL_12h.png>
Package pdftex.def Info: Figures/MI_HL/MI_HL_12h.png  used on input line 542.
(pdftex.def)             Requested size: 222.52748pt x 190.04807pt.
<Figures/MI_HL/CoP_12h.png, id=486, 589.7589pt x 502.3211pt>
File: Figures/MI_HL/CoP_12h.png Graphic file (type png)
<use Figures/MI_HL/CoP_12h.png>
Package pdftex.def Info: Figures/MI_HL/CoP_12h.png  used on input line 547.
(pdftex.def)             Requested size: 222.52748pt x 189.53499pt.

Overfull \hbox (15.3567pt too wide) in alignment at lines 558--567
[] [] [] 
 []





[8 <./Figures/MI_HL/MI_HL_12h.png> <./Figures/MI_HL/Cop_12h.png>]

<Figures/U_4000.png, id=518, 1171.37625pt x 603.0028pt>
File: Figures/U_4000.png Graphic file (type png)
<use Figures/U_4000.png>
Package pdftex.def Info: Figures/U_4000.png  used on input line 616.
(pdftex.def)             Requested size: 237.36214pt x 122.1902pt.
<Figures/leg_U.png, id=519, 266.49562pt x 23.33719pt>
File: Figures/leg_U.png Graphic file (type png)
<use Figures/leg_U.png>
Package pdftex.def Info: Figures/leg_U.png  used on input line 623.
(pdftex.def)             Requested size: 106.81223pt x 9.35356pt.
<Figures/leg_Q.png, id=520, 266.49562pt x 23.33719pt>
File: Figures/leg_Q.png Graphic file (type png)
<use Figures/leg_Q.png>
Package pdftex.def Info: Figures/leg_Q.png  used on input line 624.
(pdftex.def)             Requested size: 106.81223pt x 9.35356pt.
<Figures/Q_4000.png, id=521, 1175.89313pt x 603.75563pt>
File: Figures/Q_4000.png Graphic file (type png)
<use Figures/Q_4000.png>
Package pdftex.def Info: Figures/Q_4000.png  used on input line 632.
(pdftex.def)             Requested size: 237.36214pt x 121.87291pt.
<Figures/MI_HL/MI_t_12h_400.png, id=522, 803.0pt x 669.16667pt>
File: Figures/MI_HL/MI_t_12h_400.png Graphic file (type png)
<use Figures/MI_HL/MI_t_12h_400.png>
Package pdftex.def Info: Figures/MI_HL/MI_t_12h_400.png  used on input line 647
.
(pdftex.def)             Requested size: 178.69083pt x 148.90187pt.

LaTeX Warning: `h' float specifier changed to `ht'.

<Figures/MI_HL/Zoom1_MI_HL_12h.png, id=523, 624.55556pt x 490.72223pt>
File: Figures/MI_HL/Zoom1_MI_HL_12h.png Graphic file (type png)
<use Figures/MI_HL/Zoom1_MI_HL_12h.png>
Package pdftex.def Info: Figures/MI_HL/Zoom1_MI_HL_12h.png  used on input line 
659.
(pdftex.def)             Requested size: 153.29654pt x 123.25682pt.
<Figures/MI_HL/Zoom2_MI_HL_12h.png, id=525, 624.55556pt x 490.72223pt>
File: Figures/MI_HL/Zoom2_MI_HL_12h.png Graphic file (type png)
<use Figures/MI_HL/Zoom2_MI_HL_12h.png>
Package pdftex.def Info: Figures/MI_HL/Zoom2_MI_HL_12h.png  used on input line 
664.
(pdftex.def)             Requested size: 153.29654pt x 123.25682pt.
<Figures/MI_HL/MI_HL_12h_Bulk.png, id=527, 791.20593pt x 621.07031pt>
File: Figures/MI_HL/MI_HL_12h_Bulk.png Graphic file (type png)
<use Figures/MI_HL/MI_HL_12h_Bulk.png>
Package pdftex.def Info: Figures/MI_HL/MI_HL_12h_Bulk.png  used on input line 6
69.
(pdftex.def)             Requested size: 153.29654pt x 120.32639pt.
<Fig02.pdf, id=537, 852.84724pt x 601.43494pt>
File: Fig02.pdf Graphic file (type pdf)
<use Fig02.pdf>
Package pdftex.def Info: Fig02.pdf  used on input line 685.
(pdftex.def)             Requested size: 153.29654pt x 108.0976pt.
<mesh_def.png, id=539, 421.575pt x 293.59688pt>
File: mesh_def.png Graphic file (type png)
<use mesh_def.png>
Package pdftex.def Info: mesh_def.png  used on input line 690.
(pdftex.def)             Requested size: 158.24461pt x 128.03615pt.
<GridTest_3c2.png, id=540, 791.20593pt x 621.07031pt>
File: GridTest_3c2.png Graphic file (type png)
<use GridTest_3c2.png>
Package pdftex.def Info: GridTest_3c2.png  used on input line 695.
(pdftex.def)             Requested size: 153.29654pt x 120.32639pt.
(./CaF_Revision_1.bbl

[9]



[10 <./Figures/U_4000.png> <./Figures/leg_U.png> <./Figures/leg_Q.png> <./Figur
es/Q_4000.png> <./Figures/MI_HL/MI_t_12h_400.png (PNG copy)>]


Underfull \hbox (badness 1142) in paragraph at lines 433--441
[]\T1/stix/m/n/8 Slone, A.K., Per-i-cleous, K., Bai-ley, C., Cross, M., 2002.  
Dy-namic
 []


Underfull \hbox (badness 1546) in paragraph at lines 507--516
\T1/stix/m/n/8 Yang, Y.C., 2015.  A high-performance mi-cromixer us-ing three-
 []



[11 <./mesh_def.png> <./Figures/MI_HL/Zoom1_MI_HL_12h.png (PNG copy)> <./Figure
s/MI_HL/Zoom2_MI_HL_12h.png (PNG copy)> <./Figures/MI_HL/MI_HL_12h_Bulk.png (PN
G copy)> <./Fig02.pdf> <./GridTest_3c2.png (PNG copy)>])

Package natbib Warning: There were undefined citations.





[12

] (./CaF_Revision_1.aux)
 ***********
LaTeX2e <2024-11-01>
L3 programming layer <2024-11-02>
 ***********
Package rerunfilecheck Info: File `CaF_Revision_1.out' has not changed.
(rerunfilecheck)             Checksum: D41D8CD98F00B204E9800998ECF8427E;0.
 ) 
Here is how much of TeX's memory you used:
 28625 strings out of 473362
 508346 string characters out of 5725050
 893201 words of memory out of 5000000
 51099 multiletter control sequences out of 15000+600000
 668879 words of font info for 187 fonts, out of 8000000 for 9000
 1141 hyphenation exceptions out of 8191
 90i,12n,94p,1793b,715s stack positions out of 10000i,1000n,20000p,200000b,200000s
<c:/texlive/2024/texmf-dist/fonts/type1/public/inconsolata/Inconsolata-zi4r.p
fb><c:/texlive/2024/texmf-dist/fonts/type1/public/stix/STIXGeneral-Bold.pfb><c:
/texlive/2024/texmf-dist/fonts/type1/public/stix/STIXGeneral-Italic.pfb><c:/tex
live/2024/texmf-dist/fonts/type1/public/stix/STIXGeneral-Regular.pfb><c:/texliv
e/2024/texmf-dist/fonts/type1/public/cm-super/sfss0800.pfb><c:/texlive/2024/tex
mf-dist/fonts/type1/public/cm-super/sfss0900.pfb><c:/texlive/2024/texmf-dist/fo
nts/type1/public/cm-super/sfsx0900.pfb><c:/texlive/2024/texmf-dist/fonts/type1/
public/stix/stix-mathcal.pfb><c:/texlive/2024/texmf-dist/fonts/type1/public/sti
x/stix-mathex.pfb><c:/texlive/2024/texmf-dist/fonts/type1/public/stix/stix-math
it-bold.pfb><c:/texlive/2024/texmf-dist/fonts/type1/public/stix/stix-mathit.pfb
><c:/texlive/2024/texmf-dist/fonts/type1/public/stix/stix-mathrm-bold.pfb><c:/t
exlive/2024/texmf-dist/fonts/type1/public/stix/stix-mathrm.pfb><c:/texlive/2024
/texmf-dist/fonts/type1/public/stix/stix-mathscr.pfb>
Output written on CaF_Revision_1.pdf (12 pages, 23239271 bytes).
PDF statistics:
 682 PDF objects out of 1000 (max. 8388607)
 489 compressed objects within 5 object streams
 107 named destinations out of 1000 (max. 500000)
 605 words of extra memory for PDF output out of 10000 (max. 10000000)

